This file contains any messages produced by compilers while
running configure, to aid debugging if configure makes a mistake.

It was created by configure, which was
generated by GNU Autoconf 2.61.  Invocation command line was

  $ ./configure --enable-all

## --------- ##
## Platform. ##
## --------- ##

hostname = debian
uname -m = i686
uname -r = 2.6.18-4-486
uname -s = Linux
uname -v = #1 Wed Feb 21 15:25:16 UTC 2007

/usr/bin/uname -p = unknown
/bin/uname -X     = unknown

/bin/arch              = i686
/usr/bin/arch -k       = unknown
/usr/convex/getsysinfo = unknown
/usr/bin/hostinfo      = unknown
/bin/machine           = unknown
/usr/bin/oslevel       = unknown
/bin/universe          = unknown

PATH: /usr/local/bin
PATH: /usr/bin
PATH: /bin
PATH: /usr/bin/X11
PATH: /usr/games


## ----------- ##
## Core tests. ##
## ----------- ##

configure:1998: checking for a BSD-compatible install
configure:2054: result: /usr/bin/install -c
configure:2065: checking whether build environment is sane
configure:2108: result: yes
configure:2173: checking for gawk
configure:2203: result: no
configure:2173: checking for mawk
configure:2189: found /usr/bin/mawk
configure:2200: result: mawk
configure:2211: checking whether make sets $(MAKE)
configure:2232: result: yes
configure:2656: checking build system type
configure:2674: result: i686-pc-linux-gnu
configure:2696: checking host system type
configure:2711: result: i686-pc-linux-gnu
configure:2747: checking for a BSD-compatible install
configure:2803: result: /usr/bin/install -c
configure:2862: checking for gcc
configure:2878: found /usr/bin/gcc
configure:2889: result: gcc
configure:3127: checking for C compiler version
configure:3134: gcc --version >&5
gcc (GCC) 4.1.2 20061115 (prerelease) (Debian 4.1.1-21)
Copyright (C) 2006 Free Software Foundation, Inc.
This is free software; see the source for copying conditions.  There is NO
warranty; not even for MERCHANTABILITY or FITNESS FOR A PARTICULAR PURPOSE.

configure:3137: $? = 0
configure:3144: gcc -v >&5
Using built-in specs.
Target: i486-linux-gnu
Configured with: ../src/configure -v --enable-languages=c,c++,fortran,objc,obj-c++,treelang --prefix=/usr --enable-shared --with-system-zlib --libexecdir=/usr/lib --without-included-gettext --enable-threads=posix --enable-nls --program-suffix=-4.1 --enable-__cxa_atexit --enable-clocale=gnu --enable-libstdcxx-debug --enable-mpfr --with-tune=i686 --enable-checking=release i486-linux-gnu
Thread model: posix
gcc version 4.1.2 20061115 (prerelease) (Debian 4.1.1-21)
configure:3147: $? = 0
configure:3154: gcc -V >&5
gcc: '-V' option must have argument
configure:3157: $? = 1
configure:3180: checking for C compiler default output file name
configure:3207: gcc    conftest.c  >&5
conftest.c:10:1: warning: "BUILD_RELEASE" redefined
conftest.c:9:1: warning: this is the location of the previous definition
conftest.c:12:1: warning: "USER_INSTALL_PREFIX" redefined
conftest.c:11:1: warning: this is the location of the previous definition
configure:3210: $? = 0
configure:3248: result: a.out
configure:3265: checking whether the C compiler works
configure:3275: ./a.out
configure:3278: $? = 0
configure:3295: result: yes
configure:3302: checking whether we are cross compiling
configure:3304: result: no
configure:3307: checking for suffix of executables
configure:3314: gcc -o conftest    conftest.c  >&5
conftest.c:10:1: warning: "BUILD_RELEASE" redefined
conftest.c:9:1: warning: this is the location of the previous definition
conftest.c:12:1: warning: "USER_INSTALL_PREFIX" redefined
conftest.c:11:1: warning: this is the location of the previous definition
configure:3317: $? = 0
configure:3341: result: 
configure:3347: checking for suffix of object files
configure:3373: gcc -c   conftest.c >&5
conftest.c:10:1: warning: "BUILD_RELEASE" redefined
conftest.c:9:1: warning: this is the location of the previous definition
conftest.c:12:1: warning: "USER_INSTALL_PREFIX" redefined
conftest.c:11:1: warning: this is the location of the previous definition
configure:3376: $? = 0
configure:3399: result: o
configure:3403: checking whether we are using the GNU C compiler
configure:3432: gcc -c   conftest.c >&5
conftest.c:10:1: warning: "BUILD_RELEASE" redefined
conftest.c:9:1: warning: this is the location of the previous definition
conftest.c:12:1: warning: "USER_INSTALL_PREFIX" redefined
conftest.c:11:1: warning: this is the location of the previous definition
configure:3438: $? = 0
configure:3455: result: yes
configure:3460: checking whether gcc accepts -g
configure:3490: gcc -c -g  conftest.c >&5
conftest.c:10:1: warning: "BUILD_RELEASE" redefined
conftest.c:9:1: warning: this is the location of the previous definition
conftest.c:12:1: warning: "USER_INSTALL_PREFIX" redefined
conftest.c:11:1: warning: this is the location of the previous definition
configure:3496: $? = 0
configure: failed program was:
| /* confdefs.h.  */
| #define PACKAGE_NAME ""
| #define PACKAGE_TARNAME ""
| #define PACKAGE_VERSION ""
| #define PACKAGE_STRING ""
| #define PACKAGE_BUGREPORT ""
| #define PACKAGE "RainbruRPG"
| #define VERSION "0.0.4"
| #define BUILD_RELEASE
| #define BUILD_RELEASE "117"
| #define USER_INSTALL_PREFIX
| #define USER_INSTALL_PREFIX "/usr/local"
| /* end confdefs.h.  */
| 
| int
| main ()
| {
| 
|   ;
|   return 0;
| }
configure:3528: gcc -c   conftest.c >&5
conftest.c:10:1: warning: "BUILD_RELEASE" redefined
conftest.c:9:1: warning: this is the location of the previous definition
conftest.c:12:1: warning: "USER_INSTALL_PREFIX" redefined
conftest.c:11:1: warning: this is the location of the previous definition
configure:3534: $? = 0
configure: failed program was:
| /* confdefs.h.  */
| #define PACKAGE_NAME ""
| #define PACKAGE_TARNAME ""
| #define PACKAGE_VERSION ""
| #define PACKAGE_STRING ""
| #define PACKAGE_BUGREPORT ""
| #define PACKAGE "RainbruRPG"
| #define VERSION "0.0.4"
| #define BUILD_RELEASE
| #define BUILD_RELEASE "117"
| #define USER_INSTALL_PREFIX
| #define USER_INSTALL_PREFIX "/usr/local"
| /* end confdefs.h.  */
| 
| int
| main ()
| {
| 
|   ;
|   return 0;
| }
configure:3567: gcc -c -g  conftest.c >&5
conftest.c:10:1: warning: "BUILD_RELEASE" redefined
conftest.c:9:1: warning: this is the location of the previous definition
conftest.c:12:1: warning: "USER_INSTALL_PREFIX" redefined
conftest.c:11:1: warning: this is the location of the previous definition
configure:3573: $? = 0
configure:3595: result: yes
configure:3612: checking for gcc option to accept ISO C89
configure:3686: gcc  -c -g -O2  conftest.c >&5
conftest.c:10:1: warning: "BUILD_RELEASE" redefined
conftest.c:9:1: warning: this is the location of the previous definition
conftest.c:12:1: warning: "USER_INSTALL_PREFIX" redefined
conftest.c:11:1: warning: this is the location of the previous definition
configure:3692: $? = 0
configure:3715: result: none needed
configure:3744: checking for style of include used by make
configure:3772: result: GNU
configure:3800: checking dependency style of gcc
configure:3890: result: gcc3
configure:3909: checking dependency style of gcc
configure:3999: result: gcc3
configure:4074: checking for g++
configure:4090: found /usr/bin/g++
configure:4101: result: g++
configure:4132: checking for C++ compiler version
configure:4139: g++ --version >&5
g++ (GCC) 4.1.2 20061115 (prerelease) (Debian 4.1.1-21)
Copyright (C) 2006 Free Software Foundation, Inc.
This is free software; see the source for copying conditions.  There is NO
warranty; not even for MERCHANTABILITY or FITNESS FOR A PARTICULAR PURPOSE.

configure:4142: $? = 0
configure:4149: g++ -v >&5
Using built-in specs.
Target: i486-linux-gnu
Configured with: ../src/configure -v --enable-languages=c,c++,fortran,objc,obj-c++,treelang --prefix=/usr --enable-shared --with-system-zlib --libexecdir=/usr/lib --without-included-gettext --enable-threads=posix --enable-nls --program-suffix=-4.1 --enable-__cxa_atexit --enable-clocale=gnu --enable-libstdcxx-debug --enable-mpfr --with-tune=i686 --enable-checking=release i486-linux-gnu
Thread model: posix
gcc version 4.1.2 20061115 (prerelease) (Debian 4.1.1-21)
configure:4152: $? = 0
configure:4159: g++ -V >&5
g++: '-V' option must have argument
configure:4162: $? = 1
configure:4165: checking whether we are using the GNU C++ compiler
configure:4194: g++ -c   conftest.cpp >&5
conftest.cpp:10:1: warning: "BUILD_RELEASE" redefined
conftest.cpp:9:1: warning: this is the location of the previous definition
conftest.cpp:12:1: warning: "USER_INSTALL_PREFIX" redefined
conftest.cpp:11:1: warning: this is the location of the previous definition
configure:4200: $? = 0
configure:4217: result: yes
configure:4222: checking whether g++ accepts -g
configure:4252: g++ -c -g  conftest.cpp >&5
conftest.cpp:10:1: warning: "BUILD_RELEASE" redefined
conftest.cpp:9:1: warning: this is the location of the previous definition
conftest.cpp:12:1: warning: "USER_INSTALL_PREFIX" redefined
conftest.cpp:11:1: warning: this is the location of the previous definition
configure:4258: $? = 0
configure: failed program was:
| /* confdefs.h.  */
| #define PACKAGE_NAME ""
| #define PACKAGE_TARNAME ""
| #define PACKAGE_VERSION ""
| #define PACKAGE_STRING ""
| #define PACKAGE_BUGREPORT ""
| #define PACKAGE "RainbruRPG"
| #define VERSION "0.0.4"
| #define BUILD_RELEASE
| #define BUILD_RELEASE "117"
| #define USER_INSTALL_PREFIX
| #define USER_INSTALL_PREFIX "/usr/local"
| /* end confdefs.h.  */
| 
| int
| main ()
| {
| 
|   ;
|   return 0;
| }
configure:4290: g++ -c   conftest.cpp >&5
conftest.cpp:10:1: warning: "BUILD_RELEASE" redefined
conftest.cpp:9:1: warning: this is the location of the previous definition
conftest.cpp:12:1: warning: "USER_INSTALL_PREFIX" redefined
conftest.cpp:11:1: warning: this is the location of the previous definition
configure:4296: $? = 0
configure: failed program was:
| /* confdefs.h.  */
| #define PACKAGE_NAME ""
| #define PACKAGE_TARNAME ""
| #define PACKAGE_VERSION ""
| #define PACKAGE_STRING ""
| #define PACKAGE_BUGREPORT ""
| #define PACKAGE "RainbruRPG"
| #define VERSION "0.0.4"
| #define BUILD_RELEASE
| #define BUILD_RELEASE "117"
| #define USER_INSTALL_PREFIX
| #define USER_INSTALL_PREFIX "/usr/local"
| /* end confdefs.h.  */
| 
| int
| main ()
| {
| 
|   ;
|   return 0;
| }
configure:4329: g++ -c -g  conftest.cpp >&5
conftest.cpp:10:1: warning: "BUILD_RELEASE" redefined
conftest.cpp:9:1: warning: this is the location of the previous definition
conftest.cpp:12:1: warning: "USER_INSTALL_PREFIX" redefined
conftest.cpp:11:1: warning: this is the location of the previous definition
configure:4335: $? = 0
configure:4357: result: yes
configure:4382: checking dependency style of g++
configure:4472: result: gcc3
configure:4491: checking dependency style of g++
configure:4581: result: gcc3
configure:4672: checking for a sed that does not truncate output
configure:4726: result: /bin/sed
configure:4729: checking for grep that handles long lines and -e
configure:4803: result: /bin/grep
configure:4808: checking for egrep
configure:4886: result: /bin/grep -E
configure:4902: checking for ld used by gcc
configure:4969: result: /usr/bin/ld
configure:4978: checking if the linker (/usr/bin/ld) is GNU ld
configure:4993: result: yes
configure:4998: checking for /usr/bin/ld option to reload object files
configure:5005: result: -r
configure:5023: checking for BSD-compatible nm
configure:5072: result: /usr/bin/nm -B
configure:5076: checking whether ln -s works
configure:5080: result: yes
configure:5087: checking how to recognise dependent libraries
configure:5263: result: pass_all
configure:5497: checking how to run the C preprocessor
configure:5537: gcc -E  conftest.c
conftest.c:10:1: warning: "BUILD_RELEASE" redefined
conftest.c:9:1: warning: this is the location of the previous definition
conftest.c:12:1: warning: "USER_INSTALL_PREFIX" redefined
conftest.c:11:1: warning: this is the location of the previous definition
configure:5543: $? = 0
configure:5574: gcc -E  conftest.c
conftest.c:10:1: warning: "BUILD_RELEASE" redefined
conftest.c:9:1: warning: this is the location of the previous definition
conftest.c:12:1: warning: "USER_INSTALL_PREFIX" redefined
conftest.c:11:1: warning: this is the location of the previous definition
conftest.c:14:28: error: ac_nonexistent.h: No such file or directory
configure:5580: $? = 1
configure: failed program was:
| /* confdefs.h.  */
| #define PACKAGE_NAME ""
| #define PACKAGE_TARNAME ""
| #define PACKAGE_VERSION ""
| #define PACKAGE_STRING ""
| #define PACKAGE_BUGREPORT ""
| #define PACKAGE "RainbruRPG"
| #define VERSION "0.0.4"
| #define BUILD_RELEASE
| #define BUILD_RELEASE "117"
| #define USER_INSTALL_PREFIX
| #define USER_INSTALL_PREFIX "/usr/local"
| /* end confdefs.h.  */
| #include <ac_nonexistent.h>
configure:5613: result: gcc -E
configure:5642: gcc -E  conftest.c
conftest.c:10:1: warning: "BUILD_RELEASE" redefined
conftest.c:9:1: warning: this is the location of the previous definition
conftest.c:12:1: warning: "USER_INSTALL_PREFIX" redefined
conftest.c:11:1: warning: this is the location of the previous definition
configure:5648: $? = 0
configure:5679: gcc -E  conftest.c
conftest.c:10:1: warning: "BUILD_RELEASE" redefined
conftest.c:9:1: warning: this is the location of the previous definition
conftest.c:12:1: warning: "USER_INSTALL_PREFIX" redefined
conftest.c:11:1: warning: this is the location of the previous definition
conftest.c:14:28: error: ac_nonexistent.h: No such file or directory
configure:5685: $? = 1
configure: failed program was:
| /* confdefs.h.  */
| #define PACKAGE_NAME ""
| #define PACKAGE_TARNAME ""
| #define PACKAGE_VERSION ""
| #define PACKAGE_STRING ""
| #define PACKAGE_BUGREPORT ""
| #define PACKAGE "RainbruRPG"
| #define VERSION "0.0.4"
| #define BUILD_RELEASE
| #define BUILD_RELEASE "117"
| #define USER_INSTALL_PREFIX
| #define USER_INSTALL_PREFIX "/usr/local"
| /* end confdefs.h.  */
| #include <ac_nonexistent.h>
configure:5723: checking for ANSI C header files
configure:5753: gcc -c -g -O2  conftest.c >&5
conftest.c:10:1: warning: "BUILD_RELEASE" redefined
conftest.c:9:1: warning: this is the location of the previous definition
conftest.c:12:1: warning: "USER_INSTALL_PREFIX" redefined
conftest.c:11:1: warning: this is the location of the previous definition
configure:5759: $? = 0
conftest.c:10:1: warning: "BUILD_RELEASE" redefined
conftest.c:9:1: warning: this is the location of the previous definition
conftest.c:12:1: warning: "USER_INSTALL_PREFIX" redefined
conftest.c:11:1: warning: this is the location of the previous definition
conftest.c:10:1: warning: "BUILD_RELEASE" redefined
conftest.c:9:1: warning: this is the location of the previous definition
conftest.c:12:1: warning: "USER_INSTALL_PREFIX" redefined
conftest.c:11:1: warning: this is the location of the previous definition
configure:5858: gcc -o conftest -g -O2   conftest.c  >&5
conftest.c:10:1: warning: "BUILD_RELEASE" redefined
conftest.c:9:1: warning: this is the location of the previous definition
conftest.c:12:1: warning: "USER_INSTALL_PREFIX" redefined
conftest.c:11:1: warning: this is the location of the previous definition
configure:5861: $? = 0
configure:5867: ./conftest
configure:5870: $? = 0
configure:5887: result: yes
configure:5911: checking for sys/types.h
configure:5932: gcc -c -g -O2  conftest.c >&5
conftest.c:10:1: warning: "BUILD_RELEASE" redefined
conftest.c:9:1: warning: this is the location of the previous definition
conftest.c:12:1: warning: "USER_INSTALL_PREFIX" redefined
conftest.c:11:1: warning: this is the location of the previous definition
configure:5938: $? = 0
configure:5954: result: yes
configure:5911: checking for sys/stat.h
configure:5932: gcc -c -g -O2  conftest.c >&5
conftest.c:10:1: warning: "BUILD_RELEASE" redefined
conftest.c:9:1: warning: this is the location of the previous definition
conftest.c:12:1: warning: "USER_INSTALL_PREFIX" redefined
conftest.c:11:1: warning: this is the location of the previous definition
configure:5938: $? = 0
configure:5954: result: yes
configure:5911: checking for stdlib.h
configure:5932: gcc -c -g -O2  conftest.c >&5
conftest.c:10:1: warning: "BUILD_RELEASE" redefined
conftest.c:9:1: warning: this is the location of the previous definition
conftest.c:12:1: warning: "USER_INSTALL_PREFIX" redefined
conftest.c:11:1: warning: this is the location of the previous definition
configure:5938: $? = 0
configure:5954: result: yes
configure:5911: checking for string.h
configure:5932: gcc -c -g -O2  conftest.c >&5
conftest.c:10:1: warning: "BUILD_RELEASE" redefined
conftest.c:9:1: warning: this is the location of the previous definition
conftest.c:12:1: warning: "USER_INSTALL_PREFIX" redefined
conftest.c:11:1: warning: this is the location of the previous definition
configure:5938: $? = 0
configure:5954: result: yes
configure:5911: checking for memory.h
configure:5932: gcc -c -g -O2  conftest.c >&5
conftest.c:10:1: warning: "BUILD_RELEASE" redefined
conftest.c:9:1: warning: this is the location of the previous definition
conftest.c:12:1: warning: "USER_INSTALL_PREFIX" redefined
conftest.c:11:1: warning: this is the location of the previous definition
configure:5938: $? = 0
configure:5954: result: yes
configure:5911: checking for strings.h
configure:5932: gcc -c -g -O2  conftest.c >&5
conftest.c:10:1: warning: "BUILD_RELEASE" redefined
conftest.c:9:1: warning: this is the location of the previous definition
conftest.c:12:1: warning: "USER_INSTALL_PREFIX" redefined
conftest.c:11:1: warning: this is the location of the previous definition
configure:5938: $? = 0
configure:5954: result: yes
configure:5911: checking for inttypes.h
configure:5932: gcc -c -g -O2  conftest.c >&5
conftest.c:10:1: warning: "BUILD_RELEASE" redefined
conftest.c:9:1: warning: this is the location of the previous definition
conftest.c:12:1: warning: "USER_INSTALL_PREFIX" redefined
conftest.c:11:1: warning: this is the location of the previous definition
configure:5938: $? = 0
configure:5954: result: yes
configure:5911: checking for stdint.h
configure:5932: gcc -c -g -O2  conftest.c >&5
conftest.c:10:1: warning: "BUILD_RELEASE" redefined
conftest.c:9:1: warning: this is the location of the previous definition
conftest.c:12:1: warning: "USER_INSTALL_PREFIX" redefined
conftest.c:11:1: warning: this is the location of the previous definition
configure:5938: $? = 0
configure:5954: result: yes
configure:5911: checking for unistd.h
configure:5932: gcc -c -g -O2  conftest.c >&5
conftest.c:10:1: warning: "BUILD_RELEASE" redefined
conftest.c:9:1: warning: this is the location of the previous definition
conftest.c:12:1: warning: "USER_INSTALL_PREFIX" redefined
conftest.c:11:1: warning: this is the location of the previous definition
configure:5938: $? = 0
configure:5954: result: yes
configure:5981: checking dlfcn.h usability
configure:5998: gcc -c -g -O2  conftest.c >&5
conftest.c:10:1: warning: "BUILD_RELEASE" redefined
conftest.c:9:1: warning: this is the location of the previous definition
conftest.c:12:1: warning: "USER_INSTALL_PREFIX" redefined
conftest.c:11:1: warning: this is the location of the previous definition
configure:6004: $? = 0
configure:6018: result: yes
configure:6022: checking dlfcn.h presence
configure:6037: gcc -E  conftest.c
conftest.c:10:1: warning: "BUILD_RELEASE" redefined
conftest.c:9:1: warning: this is the location of the previous definition
conftest.c:12:1: warning: "USER_INSTALL_PREFIX" redefined
conftest.c:11:1: warning: this is the location of the previous definition
configure:6043: $? = 0
configure:6057: result: yes
configure:6085: checking for dlfcn.h
configure:6093: result: yes
configure:6116: checking how to run the C++ preprocessor
configure:6152: g++ -E  conftest.cpp
conftest.cpp:10:1: warning: "BUILD_RELEASE" redefined
conftest.cpp:9:1: warning: this is the location of the previous definition
conftest.cpp:12:1: warning: "USER_INSTALL_PREFIX" redefined
conftest.cpp:11:1: warning: this is the location of the previous definition
configure:6158: $? = 0
configure:6189: g++ -E  conftest.cpp
conftest.cpp:10:1: warning: "BUILD_RELEASE" redefined
conftest.cpp:9:1: warning: this is the location of the previous definition
conftest.cpp:12:1: warning: "USER_INSTALL_PREFIX" redefined
conftest.cpp:11:1: warning: this is the location of the previous definition
conftest.cpp:25:28: error: ac_nonexistent.h: No such file or directory
configure:6195: $? = 1
configure: failed program was:
| /* confdefs.h.  */
| #define PACKAGE_NAME ""
| #define PACKAGE_TARNAME ""
| #define PACKAGE_VERSION ""
| #define PACKAGE_STRING ""
| #define PACKAGE_BUGREPORT ""
| #define PACKAGE "RainbruRPG"
| #define VERSION "0.0.4"
| #define BUILD_RELEASE
| #define BUILD_RELEASE "117"
| #define USER_INSTALL_PREFIX
| #define USER_INSTALL_PREFIX "/usr/local"
| #define STDC_HEADERS 1
| #define HAVE_SYS_TYPES_H 1
| #define HAVE_SYS_STAT_H 1
| #define HAVE_STDLIB_H 1
| #define HAVE_STRING_H 1
| #define HAVE_MEMORY_H 1
| #define HAVE_STRINGS_H 1
| #define HAVE_INTTYPES_H 1
| #define HAVE_STDINT_H 1
| #define HAVE_UNISTD_H 1
| #define HAVE_DLFCN_H 1
| /* end confdefs.h.  */
| #include <ac_nonexistent.h>
configure:6228: result: g++ -E
configure:6257: g++ -E  conftest.cpp
conftest.cpp:10:1: warning: "BUILD_RELEASE" redefined
conftest.cpp:9:1: warning: this is the location of the previous definition
conftest.cpp:12:1: warning: "USER_INSTALL_PREFIX" redefined
conftest.cpp:11:1: warning: this is the location of the previous definition
configure:6263: $? = 0
configure:6294: g++ -E  conftest.cpp
conftest.cpp:10:1: warning: "BUILD_RELEASE" redefined
conftest.cpp:9:1: warning: this is the location of the previous definition
conftest.cpp:12:1: warning: "USER_INSTALL_PREFIX" redefined
conftest.cpp:11:1: warning: this is the location of the previous definition
conftest.cpp:25:28: error: ac_nonexistent.h: No such file or directory
configure:6300: $? = 1
configure: failed program was:
| /* confdefs.h.  */
| #define PACKAGE_NAME ""
| #define PACKAGE_TARNAME ""
| #define PACKAGE_VERSION ""
| #define PACKAGE_STRING ""
| #define PACKAGE_BUGREPORT ""
| #define PACKAGE "RainbruRPG"
| #define VERSION "0.0.4"
| #define BUILD_RELEASE
| #define BUILD_RELEASE "117"
| #define USER_INSTALL_PREFIX
| #define USER_INSTALL_PREFIX "/usr/local"
| #define STDC_HEADERS 1
| #define HAVE_SYS_TYPES_H 1
| #define HAVE_SYS_STAT_H 1
| #define HAVE_STDLIB_H 1
| #define HAVE_STRING_H 1
| #define HAVE_MEMORY_H 1
| #define HAVE_STRINGS_H 1
| #define HAVE_INTTYPES_H 1
| #define HAVE_STDINT_H 1
| #define HAVE_UNISTD_H 1
| #define HAVE_DLFCN_H 1
| /* end confdefs.h.  */
| #include <ac_nonexistent.h>
configure:6393: checking for g77
configure:6423: result: no
configure:6393: checking for xlf
configure:6423: result: no
configure:6393: checking for f77
configure:6423: result: no
configure:6393: checking for frt
configure:6423: result: no
configure:6393: checking for pgf77
configure:6423: result: no
configure:6393: checking for cf77
configure:6423: result: no
configure:6393: checking for fort77
configure:6423: result: no
configure:6393: checking for fl32
configure:6423: result: no
configure:6393: checking for af77
configure:6423: result: no
configure:6393: checking for xlf90
configure:6423: result: no
configure:6393: checking for f90
configure:6423: result: no
configure:6393: checking for pgf90
configure:6423: result: no
configure:6393: checking for pghpf
configure:6423: result: no
configure:6393: checking for epcf90
configure:6423: result: no
configure:6393: checking for gfortran
configure:6423: result: no
configure:6393: checking for g95
configure:6423: result: no
configure:6393: checking for xlf95
configure:6423: result: no
configure:6393: checking for f95
configure:6423: result: no
configure:6393: checking for fort
configure:6423: result: no
configure:6393: checking for ifort
configure:6423: result: no
configure:6393: checking for ifc
configure:6423: result: no
configure:6393: checking for efc
configure:6423: result: no
configure:6393: checking for pgf95
configure:6423: result: no
configure:6393: checking for lf95
configure:6423: result: no
configure:6393: checking for ftn
configure:6423: result: no
configure:6450: checking for Fortran 77 compiler version
configure:6457:  --version >&5
./configure: line 6458: --version: command not found
configure:6460: $? = 127
configure:6467:  -v >&5
./configure: line 6468: -v: command not found
configure:6470: $? = 127
configure:6477:  -V >&5
./configure: line 6478: -V: command not found
configure:6480: $? = 127
configure:6488: checking whether we are using the GNU Fortran 77 compiler
configure:6507:  -c  conftest.F >&5
./configure: line 6508: -c: command not found
configure:6513: $? = 127
configure: failed program was:
|       program main
| #ifndef __GNUC__
|        choke me
| #endif
| 
|       end
configure:6530: result: no
configure:6536: checking whether  accepts -g
configure:6553:  -c -g conftest.f >&5
./configure: line 6554: -c: command not found
configure:6559: $? = 127
configure: failed program was:
|       program main
| 
|       end
configure:6575: result: no
configure:6605: checking the maximum length of command line arguments
configure:6714: result: 32768
configure:6725: checking command to parse /usr/bin/nm -B output from gcc object
configure:6830: gcc -c -g -O2  conftest.c >&5
configure:6833: $? = 0
configure:6837: /usr/bin/nm -B conftest.o \| sed -n -e 's/^.*[ 	]\([ABCDGIRSTW][ABCDGIRSTW]*\)[ 	][ 	]*\([_A-Za-z][_A-Za-z0-9]*\)$/\1 \2 \2/p' \> conftest.nm
configure:6840: $? = 0
configure:6892: gcc -o conftest -g -O2   conftest.c conftstm.o >&5
configure:6895: $? = 0
configure:6933: result: ok
configure:6937: checking for objdir
configure:6952: result: .libs
configure:7044: checking for ar
configure:7060: found /usr/bin/ar
configure:7071: result: ar
configure:7140: checking for ranlib
configure:7156: found /usr/bin/ranlib
configure:7167: result: ranlib
configure:7236: checking for strip
configure:7252: found /usr/bin/strip
configure:7263: result: strip
configure:7549: checking if gcc supports -fno-rtti -fno-exceptions
configure:7567: gcc -c -g -O2  -fno-rtti -fno-exceptions conftest.c >&5
cc1: warning: command line option "-fno-rtti" is valid for C++/ObjC++ but not for C
configure:7571: $? = 0
configure:7584: result: no
configure:7599: checking for gcc option to produce PIC
configure:7809: result: -fPIC
configure:7817: checking if gcc PIC flag -fPIC works
configure:7835: gcc -c -g -O2  -fPIC -DPIC conftest.c >&5
configure:7839: $? = 0
configure:7852: result: yes
configure:7880: checking if gcc static flag -static works
configure:7908: result: yes
configure:7918: checking if gcc supports -c -o file.o
configure:7939: gcc -c -g -O2  -o out/conftest2.o conftest.c >&5
configure:7943: $? = 0
configure:7965: result: yes
configure:7991: checking whether the gcc linker (/usr/bin/ld) supports shared libraries
configure:8946: result: yes
configure:8967: checking whether -lc should be explicitly linked in
configure:8972: gcc -c -g -O2  conftest.c >&5
configure:8975: $? = 0
configure:8990: gcc -shared conftest.o  -v -Wl,-soname -Wl,conftest -o conftest 2\>\&1 \| grep  -lc  \>/dev/null 2\>\&1
configure:8993: $? = 0
configure:9005: result: no
configure:9013: checking dynamic linker characteristics
configure:9589: result: GNU/Linux ld.so
configure:9598: checking how to hardcode library paths into programs
configure:9623: result: immediate
configure:9637: checking whether stripping libraries is possible
configure:9642: result: yes
configure:10443: checking if libtool supports shared libraries
configure:10445: result: yes
configure:10448: checking whether to build shared libraries
configure:10469: result: yes
configure:10472: checking whether to build static libraries
configure:10476: result: no
configure:10568: creating libtool
configure:11156: checking for ld used by g++
configure:11223: result: /usr/bin/ld
configure:11232: checking if the linker (/usr/bin/ld) is GNU ld
configure:11247: result: yes
configure:11298: checking whether the g++ linker (/usr/bin/ld) supports shared libraries
configure:12232: result: yes
configure:12250: g++ -c -g -O2  conftest.cpp >&5
configure:12253: $? = 0
configure:12372: checking for g++ option to produce PIC
configure:12646: result: -fPIC
configure:12654: checking if g++ PIC flag -fPIC works
configure:12672: g++ -c -g -O2  -fPIC -DPIC conftest.cpp >&5
configure:12676: $? = 0
configure:12689: result: yes
configure:12717: checking if g++ static flag -static works
configure:12745: result: yes
configure:12755: checking if g++ supports -c -o file.o
configure:12776: g++ -c -g -O2  -o out/conftest2.o conftest.cpp >&5
configure:12780: $? = 0
configure:12802: result: yes
configure:12828: checking whether the g++ linker (/usr/bin/ld) supports shared libraries
configure:12856: result: yes
configure:12923: checking dynamic linker characteristics
configure:13499: result: GNU/Linux ld.so
configure:13508: checking how to hardcode library paths into programs
configure:13533: result: immediate
configure:19651: checking whether build environment is sane
configure:19694: result: yes
configure:19707: checking for main in -lOgreMain
configure:19736: g++ -o conftest -g -O2   conftest.cpp -lOgreMain   >&5
conftest.cpp:10:1: warning: "BUILD_RELEASE" redefined
conftest.cpp:9:1: warning: this is the location of the previous definition
conftest.cpp:12:1: warning: "USER_INSTALL_PREFIX" redefined
conftest.cpp:11:1: warning: this is the location of the previous definition
configure:19742: $? = 0
configure:19760: result: yes
configure:19786: checking OGRE/OgreLog.h usability
configure:19803: g++ -c -g -O2  conftest.cpp >&5
conftest.cpp:10:1: warning: "BUILD_RELEASE" redefined
conftest.cpp:9:1: warning: this is the location of the previous definition
conftest.cpp:12:1: warning: "USER_INSTALL_PREFIX" redefined
conftest.cpp:11:1: warning: this is the location of the previous definition
configure:19809: $? = 0
configure:19823: result: yes
configure:19827: checking OGRE/OgreLog.h presence
configure:19842: g++ -E  conftest.cpp
conftest.cpp:10:1: warning: "BUILD_RELEASE" redefined
conftest.cpp:9:1: warning: this is the location of the previous definition
conftest.cpp:12:1: warning: "USER_INSTALL_PREFIX" redefined
conftest.cpp:11:1: warning: this is the location of the previous definition
configure:19848: $? = 0
configure:19862: result: yes
configure:19890: checking for OGRE/OgreLog.h
configure:19897: result: yes
configure:19914: checking for main in -lCEGUIBase
configure:19943: g++ -o conftest -g -O2   conftest.cpp -lCEGUIBase  -lOgreMain  >&5
conftest.cpp:10:1: warning: "BUILD_RELEASE" redefined
conftest.cpp:9:1: warning: this is the location of the previous definition
conftest.cpp:12:1: warning: "USER_INSTALL_PREFIX" redefined
conftest.cpp:11:1: warning: this is the location of the previous definition
configure:19949: $? = 0
configure:19967: result: yes
configure:19993: checking CEGUI/CEGUIBase.h usability
configure:20010: g++ -c -g -O2  conftest.cpp >&5
conftest.cpp:10:1: warning: "BUILD_RELEASE" redefined
conftest.cpp:9:1: warning: this is the location of the previous definition
conftest.cpp:12:1: warning: "USER_INSTALL_PREFIX" redefined
conftest.cpp:11:1: warning: this is the location of the previous definition
configure:20016: $? = 0
configure:20030: result: yes
configure:20034: checking CEGUI/CEGUIBase.h presence
configure:20049: g++ -E  conftest.cpp
conftest.cpp:10:1: warning: "BUILD_RELEASE" redefined
conftest.cpp:9:1: warning: this is the location of the previous definition
conftest.cpp:12:1: warning: "USER_INSTALL_PREFIX" redefined
conftest.cpp:11:1: warning: this is the location of the previous definition
configure:20055: $? = 0
configure:20069: result: yes
configure:20097: checking for CEGUI/CEGUIBase.h
configure:20104: result: yes
configure:20121: checking for main in -lCEGUIOgreRenderer
configure:20150: g++ -o conftest -g -O2   conftest.cpp -lCEGUIOgreRenderer  -lCEGUIBase -lOgreMain  >&5
conftest.cpp:10:1: warning: "BUILD_RELEASE" redefined
conftest.cpp:9:1: warning: this is the location of the previous definition
conftest.cpp:12:1: warning: "USER_INSTALL_PREFIX" redefined
conftest.cpp:11:1: warning: this is the location of the previous definition
configure:20156: $? = 0
configure:20174: result: yes
configure:20192: checking for /usr/lib/OGRE/Plugin_PagingLandScape2.so
configure:20207: result: no
configure:20213: checking for /usr/local/lib/OGRE/Plugin_PagingLandScape2.so
configure:20228: result: yes
configure:20245: checking for main in -lOIS
configure:20274: g++ -o conftest -g -O2   conftest.cpp -lOIS  -lCEGUIOgreRenderer -lCEGUIBase -lOgreMain  >&5
conftest.cpp:10:1: warning: "BUILD_RELEASE" redefined
conftest.cpp:9:1: warning: this is the location of the previous definition
conftest.cpp:12:1: warning: "USER_INSTALL_PREFIX" redefined
conftest.cpp:11:1: warning: this is the location of the previous definition
configure:20280: $? = 0
configure:20298: result: yes
configure:20324: checking OIS/OISEvents.h usability
configure:20341: g++ -c -g -O2  conftest.cpp >&5
conftest.cpp:10:1: warning: "BUILD_RELEASE" redefined
conftest.cpp:9:1: warning: this is the location of the previous definition
conftest.cpp:12:1: warning: "USER_INSTALL_PREFIX" redefined
conftest.cpp:11:1: warning: this is the location of the previous definition
configure:20347: $? = 0
configure:20361: result: yes
configure:20365: checking OIS/OISEvents.h presence
configure:20380: g++ -E  conftest.cpp
conftest.cpp:10:1: warning: "BUILD_RELEASE" redefined
conftest.cpp:9:1: warning: this is the location of the previous definition
conftest.cpp:12:1: warning: "USER_INSTALL_PREFIX" redefined
conftest.cpp:11:1: warning: this is the location of the previous definition
configure:20386: $? = 0
configure:20400: result: yes
configure:20428: checking for OIS/OISEvents.h
configure:20435: result: yes
configure:20452: checking for main in -lFOX-1.6
configure:20481: g++ -o conftest -g -O2   conftest.cpp -lFOX-1.6  -lOIS -lCEGUIOgreRenderer -lCEGUIBase -lOgreMain  >&5
conftest.cpp:10:1: warning: "BUILD_RELEASE" redefined
conftest.cpp:9:1: warning: this is the location of the previous definition
conftest.cpp:12:1: warning: "USER_INSTALL_PREFIX" redefined
conftest.cpp:11:1: warning: this is the location of the previous definition
configure:20487: $? = 0
configure:20505: result: yes
configure:20531: checking fox-1.6/fxver.h usability
configure:20548: g++ -c -g -O2  conftest.cpp >&5
conftest.cpp:10:1: warning: "BUILD_RELEASE" redefined
conftest.cpp:9:1: warning: this is the location of the previous definition
conftest.cpp:12:1: warning: "USER_INSTALL_PREFIX" redefined
conftest.cpp:11:1: warning: this is the location of the previous definition
configure:20554: $? = 0
configure:20568: result: yes
configure:20572: checking fox-1.6/fxver.h presence
configure:20587: g++ -E  conftest.cpp
conftest.cpp:10:1: warning: "BUILD_RELEASE" redefined
conftest.cpp:9:1: warning: this is the location of the previous definition
conftest.cpp:12:1: warning: "USER_INSTALL_PREFIX" redefined
conftest.cpp:11:1: warning: this is the location of the previous definition
configure:20593: $? = 0
configure:20607: result: yes
configure:20635: checking for fox-1.6/fxver.h
configure:20642: result: yes
configure:20659: checking for main in -lcurl
configure:20688: g++ -o conftest -g -O2   conftest.cpp -lcurl  -lFOX-1.6 -lOIS -lCEGUIOgreRenderer -lCEGUIBase -lOgreMain  >&5
conftest.cpp:10:1: warning: "BUILD_RELEASE" redefined
conftest.cpp:9:1: warning: this is the location of the previous definition
conftest.cpp:12:1: warning: "USER_INSTALL_PREFIX" redefined
conftest.cpp:11:1: warning: this is the location of the previous definition
configure:20694: $? = 0
configure:20712: result: yes
configure:20738: checking curl/curl.h usability
configure:20755: g++ -c -g -O2  conftest.cpp >&5
conftest.cpp:10:1: warning: "BUILD_RELEASE" redefined
conftest.cpp:9:1: warning: this is the location of the previous definition
conftest.cpp:12:1: warning: "USER_INSTALL_PREFIX" redefined
conftest.cpp:11:1: warning: this is the location of the previous definition
configure:20761: $? = 0
configure:20775: result: yes
configure:20779: checking curl/curl.h presence
configure:20794: g++ -E  conftest.cpp
conftest.cpp:10:1: warning: "BUILD_RELEASE" redefined
conftest.cpp:9:1: warning: this is the location of the previous definition
conftest.cpp:12:1: warning: "USER_INSTALL_PREFIX" redefined
conftest.cpp:11:1: warning: this is the location of the previous definition
configure:20800: $? = 0
configure:20814: result: yes
configure:20842: checking for curl/curl.h
configure:20849: result: yes
configure:20866: checking for main in -lslang
configure:20895: g++ -o conftest -g -O2   conftest.cpp -lslang  -lcurl -lFOX-1.6 -lOIS -lCEGUIOgreRenderer -lCEGUIBase -lOgreMain  >&5
conftest.cpp:10:1: warning: "BUILD_RELEASE" redefined
conftest.cpp:9:1: warning: this is the location of the previous definition
conftest.cpp:12:1: warning: "USER_INSTALL_PREFIX" redefined
conftest.cpp:11:1: warning: this is the location of the previous definition
configure:20901: $? = 0
configure:20919: result: yes
configure:20945: checking slang.h usability
configure:20962: g++ -c -g -O2  conftest.cpp >&5
conftest.cpp:10:1: warning: "BUILD_RELEASE" redefined
conftest.cpp:9:1: warning: this is the location of the previous definition
conftest.cpp:12:1: warning: "USER_INSTALL_PREFIX" redefined
conftest.cpp:11:1: warning: this is the location of the previous definition
configure:20968: $? = 0
configure:20982: result: yes
configure:20986: checking slang.h presence
configure:21001: g++ -E  conftest.cpp
conftest.cpp:10:1: warning: "BUILD_RELEASE" redefined
conftest.cpp:9:1: warning: this is the location of the previous definition
conftest.cpp:12:1: warning: "USER_INSTALL_PREFIX" redefined
conftest.cpp:11:1: warning: this is the location of the previous definition
configure:21007: $? = 0
configure:21021: result: yes
configure:21049: checking for slang.h
configure:21056: result: yes
configure:21074: checking for main in -lboost_filesystem
configure:21103: g++ -o conftest -g -O2   conftest.cpp -lboost_filesystem  -lslang -lcurl -lFOX-1.6 -lOIS -lCEGUIOgreRenderer -lCEGUIBase -lOgreMain  >&5
conftest.cpp:10:1: warning: "BUILD_RELEASE" redefined
conftest.cpp:9:1: warning: this is the location of the previous definition
conftest.cpp:12:1: warning: "USER_INSTALL_PREFIX" redefined
conftest.cpp:11:1: warning: this is the location of the previous definition
configure:21109: $? = 0
configure:21127: result: yes
configure:21153: checking boost/filesystem/path.hpp usability
configure:21170: g++ -c -g -O2  conftest.cpp >&5
conftest.cpp:10:1: warning: "BUILD_RELEASE" redefined
conftest.cpp:9:1: warning: this is the location of the previous definition
conftest.cpp:12:1: warning: "USER_INSTALL_PREFIX" redefined
conftest.cpp:11:1: warning: this is the location of the previous definition
configure:21176: $? = 0
configure:21190: result: yes
configure:21194: checking boost/filesystem/path.hpp presence
configure:21209: g++ -E  conftest.cpp
conftest.cpp:10:1: warning: "BUILD_RELEASE" redefined
conftest.cpp:9:1: warning: this is the location of the previous definition
conftest.cpp:12:1: warning: "USER_INSTALL_PREFIX" redefined
conftest.cpp:11:1: warning: this is the location of the previous definition
configure:21215: $? = 0
configure:21229: result: yes
configure:21257: checking for boost/filesystem/path.hpp
configure:21264: result: yes
configure:21282: checking for main in -lQtCore
configure:21311: g++ -o conftest -g -O2   conftest.cpp -lQtCore  -lboost_filesystem -lslang -lcurl -lFOX-1.6 -lOIS -lCEGUIOgreRenderer -lCEGUIBase -lOgreMain  >&5
conftest.cpp:10:1: warning: "BUILD_RELEASE" redefined
conftest.cpp:9:1: warning: this is the location of the previous definition
conftest.cpp:12:1: warning: "USER_INSTALL_PREFIX" redefined
conftest.cpp:11:1: warning: this is the location of the previous definition
configure:21317: $? = 0
configure:21335: result: yes
configure:21352: checking for main in -lQtGui
configure:21381: g++ -o conftest -g -O2   conftest.cpp -lQtGui  -lQtCore -lboost_filesystem -lslang -lcurl -lFOX-1.6 -lOIS -lCEGUIOgreRenderer -lCEGUIBase -lOgreMain  >&5
conftest.cpp:10:1: warning: "BUILD_RELEASE" redefined
conftest.cpp:9:1: warning: this is the location of the previous definition
conftest.cpp:12:1: warning: "USER_INSTALL_PREFIX" redefined
conftest.cpp:11:1: warning: this is the location of the previous definition
configure:21387: $? = 0
configure:21405: result: yes
configure:21426: checking for main in -lenet
configure:21455: g++ -o conftest -g -O2   conftest.cpp -lenet  -lQtGui -lQtCore -lboost_filesystem -lslang -lcurl -lFOX-1.6 -lOIS -lCEGUIOgreRenderer -lCEGUIBase -lOgreMain  >&5
conftest.cpp:10:1: warning: "BUILD_RELEASE" redefined
conftest.cpp:9:1: warning: this is the location of the previous definition
conftest.cpp:12:1: warning: "USER_INSTALL_PREFIX" redefined
conftest.cpp:11:1: warning: this is the location of the previous definition
configure:21461: $? = 0
configure:21479: result: yes
configure:21506: checking enet/enet.h usability
configure:21523: g++ -c -g -O2  conftest.cpp >&5
conftest.cpp:10:1: warning: "BUILD_RELEASE" redefined
conftest.cpp:9:1: warning: this is the location of the previous definition
conftest.cpp:12:1: warning: "USER_INSTALL_PREFIX" redefined
conftest.cpp:11:1: warning: this is the location of the previous definition
configure:21529: $? = 0
configure:21543: result: yes
configure:21547: checking enet/enet.h presence
configure:21562: g++ -E  conftest.cpp
conftest.cpp:10:1: warning: "BUILD_RELEASE" redefined
conftest.cpp:9:1: warning: this is the location of the previous definition
conftest.cpp:12:1: warning: "USER_INSTALL_PREFIX" redefined
conftest.cpp:11:1: warning: this is the location of the previous definition
configure:21568: $? = 0
configure:21582: result: yes
configure:21610: checking for enet/enet.h
configure:21617: result: yes
configure:21635: checking for main in -lglib-2.0
configure:21664: g++ -o conftest -g -O2   conftest.cpp -lglib-2.0  -lenet -lQtGui -lQtCore -lboost_filesystem -lslang -lcurl -lFOX-1.6 -lOIS -lCEGUIOgreRenderer -lCEGUIBase -lOgreMain  >&5
conftest.cpp:10:1: warning: "BUILD_RELEASE" redefined
conftest.cpp:9:1: warning: this is the location of the previous definition
conftest.cpp:12:1: warning: "USER_INSTALL_PREFIX" redefined
conftest.cpp:11:1: warning: this is the location of the previous definition
configure:21670: $? = 0
configure:21688: result: yes
configure:21707: checking for main in -lgd
configure:21736: g++ -o conftest -g -O2   conftest.cpp -lgd  -lglib-2.0 -lenet -lQtGui -lQtCore -lboost_filesystem -lslang -lcurl -lFOX-1.6 -lOIS -lCEGUIOgreRenderer -lCEGUIBase -lOgreMain  >&5
conftest.cpp:10:1: warning: "BUILD_RELEASE" redefined
conftest.cpp:9:1: warning: this is the location of the previous definition
conftest.cpp:12:1: warning: "USER_INSTALL_PREFIX" redefined
conftest.cpp:11:1: warning: this is the location of the previous definition
configure:21742: $? = 0
configure:21760: result: yes
configure:21786: checking gd.h usability
configure:21803: g++ -c -g -O2  conftest.cpp >&5
conftest.cpp:10:1: warning: "BUILD_RELEASE" redefined
conftest.cpp:9:1: warning: this is the location of the previous definition
conftest.cpp:12:1: warning: "USER_INSTALL_PREFIX" redefined
conftest.cpp:11:1: warning: this is the location of the previous definition
configure:21809: $? = 0
configure:21823: result: yes
configure:21827: checking gd.h presence
configure:21842: g++ -E  conftest.cpp
conftest.cpp:10:1: warning: "BUILD_RELEASE" redefined
conftest.cpp:9:1: warning: this is the location of the previous definition
conftest.cpp:12:1: warning: "USER_INSTALL_PREFIX" redefined
conftest.cpp:11:1: warning: this is the location of the previous definition
configure:21848: $? = 0
configure:21862: result: yes
configure:21890: checking for gd.h
configure:21897: result: yes
configure:21923: checking if we should build RainbruRPG-server
configure:21934: result: no
configure:21958: checking if we should build RainbruRPG-tests
configure:21969: result: no
configure:21993: checking if we should build RainbruRPG-editor
configure:22004: result: no
configure:22028: checking if we should build RainbruRPG-tools
configure:22039: result: no
configure:22063: checking if we should build RainbruRPG-all
configure:22069: result: yes
configure:22091: checking for ANSI C header files
configure:22255: result: yes
configure:22283: checking for unistd.h
configure:22289: result: yes
configure:22293: checking sys/param.h usability
configure:22310: g++ -c -g -O2  conftest.cpp >&5
conftest.cpp:10:1: warning: "BUILD_RELEASE" redefined
conftest.cpp:9:1: warning: this is the location of the previous definition
conftest.cpp:12:1: warning: "USER_INSTALL_PREFIX" redefined
conftest.cpp:11:1: warning: this is the location of the previous definition
configure:22316: $? = 0
configure:22330: result: yes
configure:22334: checking sys/param.h presence
configure:22349: g++ -E  conftest.cpp
conftest.cpp:10:1: warning: "BUILD_RELEASE" redefined
conftest.cpp:9:1: warning: this is the location of the previous definition
conftest.cpp:12:1: warning: "USER_INSTALL_PREFIX" redefined
conftest.cpp:11:1: warning: this is the location of the previous definition
configure:22355: $? = 0
configure:22369: result: yes
configure:22397: checking for sys/param.h
configure:22405: result: yes
configure:22293: checking sys/time.h usability
configure:22310: g++ -c -g -O2  conftest.cpp >&5
conftest.cpp:10:1: warning: "BUILD_RELEASE" redefined
conftest.cpp:9:1: warning: this is the location of the previous definition
conftest.cpp:12:1: warning: "USER_INSTALL_PREFIX" redefined
conftest.cpp:11:1: warning: this is the location of the previous definition
configure:22316: $? = 0
configure:22330: result: yes
configure:22334: checking sys/time.h presence
configure:22349: g++ -E  conftest.cpp
conftest.cpp:10:1: warning: "BUILD_RELEASE" redefined
conftest.cpp:9:1: warning: this is the location of the previous definition
conftest.cpp:12:1: warning: "USER_INSTALL_PREFIX" redefined
conftest.cpp:11:1: warning: this is the location of the previous definition
configure:22355: $? = 0
configure:22369: result: yes
configure:22397: checking for sys/time.h
configure:22405: result: yes
configure:22293: checking time.h usability
configure:22310: g++ -c -g -O2  conftest.cpp >&5
conftest.cpp:10:1: warning: "BUILD_RELEASE" redefined
conftest.cpp:9:1: warning: this is the location of the previous definition
conftest.cpp:12:1: warning: "USER_INSTALL_PREFIX" redefined
conftest.cpp:11:1: warning: this is the location of the previous definition
configure:22316: $? = 0
configure:22330: result: yes
configure:22334: checking time.h presence
configure:22349: g++ -E  conftest.cpp
conftest.cpp:10:1: warning: "BUILD_RELEASE" redefined
conftest.cpp:9:1: warning: this is the location of the previous definition
conftest.cpp:12:1: warning: "USER_INSTALL_PREFIX" redefined
conftest.cpp:11:1: warning: this is the location of the previous definition
configure:22355: $? = 0
configure:22369: result: yes
configure:22397: checking for time.h
configure:22405: result: yes
configure:22293: checking sys/mkdev.h usability
configure:22310: g++ -c -g -O2  conftest.cpp >&5
conftest.cpp:10:1: warning: "BUILD_RELEASE" redefined
conftest.cpp:9:1: warning: this is the location of the previous definition
conftest.cpp:12:1: warning: "USER_INSTALL_PREFIX" redefined
conftest.cpp:11:1: warning: this is the location of the previous definition
conftest.cpp:76:23: error: sys/mkdev.h: No such file or directory
configure:22316: $? = 1
configure: failed program was:
| /* confdefs.h.  */
| #define PACKAGE_NAME ""
| #define PACKAGE_TARNAME ""
| #define PACKAGE_VERSION ""
| #define PACKAGE_STRING ""
| #define PACKAGE_BUGREPORT ""
| #define PACKAGE "RainbruRPG"
| #define VERSION "0.0.4"
| #define BUILD_RELEASE
| #define BUILD_RELEASE "117"
| #define USER_INSTALL_PREFIX
| #define USER_INSTALL_PREFIX "/usr/local"
| #define STDC_HEADERS 1
| #define HAVE_SYS_TYPES_H 1
| #define HAVE_SYS_STAT_H 1
| #define HAVE_STDLIB_H 1
| #define HAVE_STRING_H 1
| #define HAVE_MEMORY_H 1
| #define HAVE_STRINGS_H 1
| #define HAVE_INTTYPES_H 1
| #define HAVE_STDINT_H 1
| #define HAVE_UNISTD_H 1
| #define HAVE_DLFCN_H 1
| #define HAVE_LIBOGREMAIN 1
| #define HAVE_LIBCEGUIBASE 1
| #define HAVE_LIBCEGUIOGRERENDERER 1
| #define HAVE_LIBOIS 1
| #define HAVE_LIBFOX_1_6 1
| #define HAVE_LIBCURL 1
| #define HAVE_LIBSLANG 1
| #define HAVE_LIBBOOST_FILESYSTEM 1
| #define HAVE_LIBQTCORE 1
| #define HAVE_LIBQTGUI 1
| #define HAVE_LIBENET 1
| #define HAVE_LIBGLIB_2_0 1
| #define HAVE_LIBGD 1
| #define STDC_HEADERS 1
| #define HAVE_UNISTD_H 1
| #define HAVE_SYS_PARAM_H 1
| #define HAVE_SYS_TIME_H 1
| #define HAVE_TIME_H 1
| /* end confdefs.h.  */
| #include <stdio.h>
| #ifdef HAVE_SYS_TYPES_H
| # include <sys/types.h>
| #endif
| #ifdef HAVE_SYS_STAT_H
| # include <sys/stat.h>
| #endif
| #ifdef STDC_HEADERS
| # include <stdlib.h>
| # include <stddef.h>
| #else
| # ifdef HAVE_STDLIB_H
| #  include <stdlib.h>
| # endif
| #endif
| #ifdef HAVE_STRING_H
| # if !defined STDC_HEADERS && defined HAVE_MEMORY_H
| #  include <memory.h>
| # endif
| # include <string.h>
| #endif
| #ifdef HAVE_STRINGS_H
| # include <strings.h>
| #endif
| #ifdef HAVE_INTTYPES_H
| # include <inttypes.h>
| #endif
| #ifdef HAVE_STDINT_H
| # include <stdint.h>
| #endif
| #ifdef HAVE_UNISTD_H
| # include <unistd.h>
| #endif
| #include <sys/mkdev.h>
configure:22330: result: no
configure:22334: checking sys/mkdev.h presence
configure:22349: g++ -E  conftest.cpp
conftest.cpp:10:1: warning: "BUILD_RELEASE" redefined
conftest.cpp:9:1: warning: this is the location of the previous definition
conftest.cpp:12:1: warning: "USER_INSTALL_PREFIX" redefined
conftest.cpp:11:1: warning: this is the location of the previous definition
conftest.cpp:43:23: error: sys/mkdev.h: No such file or directory
configure:22355: $? = 1
configure: failed program was:
| /* confdefs.h.  */
| #define PACKAGE_NAME ""
| #define PACKAGE_TARNAME ""
| #define PACKAGE_VERSION ""
| #define PACKAGE_STRING ""
| #define PACKAGE_BUGREPORT ""
| #define PACKAGE "RainbruRPG"
| #define VERSION "0.0.4"
| #define BUILD_RELEASE
| #define BUILD_RELEASE "117"
| #define USER_INSTALL_PREFIX
| #define USER_INSTALL_PREFIX "/usr/local"
| #define STDC_HEADERS 1
| #define HAVE_SYS_TYPES_H 1
| #define HAVE_SYS_STAT_H 1
| #define HAVE_STDLIB_H 1
| #define HAVE_STRING_H 1
| #define HAVE_MEMORY_H 1
| #define HAVE_STRINGS_H 1
| #define HAVE_INTTYPES_H 1
| #define HAVE_STDINT_H 1
| #define HAVE_UNISTD_H 1
| #define HAVE_DLFCN_H 1
| #define HAVE_LIBOGREMAIN 1
| #define HAVE_LIBCEGUIBASE 1
| #define HAVE_LIBCEGUIOGRERENDERER 1
| #define HAVE_LIBOIS 1
| #define HAVE_LIBFOX_1_6 1
| #define HAVE_LIBCURL 1
| #define HAVE_LIBSLANG 1
| #define HAVE_LIBBOOST_FILESYSTEM 1
| #define HAVE_LIBQTCORE 1
| #define HAVE_LIBQTGUI 1
| #define HAVE_LIBENET 1
| #define HAVE_LIBGLIB_2_0 1
| #define HAVE_LIBGD 1
| #define STDC_HEADERS 1
| #define HAVE_UNISTD_H 1
| #define HAVE_SYS_PARAM_H 1
| #define HAVE_SYS_TIME_H 1
| #define HAVE_TIME_H 1
| /* end confdefs.h.  */
| #include <sys/mkdev.h>
configure:22369: result: no
configure:22397: checking for sys/mkdev.h
configure:22405: result: no
configure:22293: checking sys/sysmacros.h usability
configure:22310: g++ -c -g -O2  conftest.cpp >&5
conftest.cpp:10:1: warning: "BUILD_RELEASE" redefined
conftest.cpp:9:1: warning: this is the location of the previous definition
conftest.cpp:12:1: warning: "USER_INSTALL_PREFIX" redefined
conftest.cpp:11:1: warning: this is the location of the previous definition
configure:22316: $? = 0
configure:22330: result: yes
configure:22334: checking sys/sysmacros.h presence
configure:22349: g++ -E  conftest.cpp
conftest.cpp:10:1: warning: "BUILD_RELEASE" redefined
conftest.cpp:9:1: warning: this is the location of the previous definition
conftest.cpp:12:1: warning: "USER_INSTALL_PREFIX" redefined
conftest.cpp:11:1: warning: this is the location of the previous definition
configure:22355: $? = 0
configure:22369: result: yes
configure:22397: checking for sys/sysmacros.h
configure:22405: result: yes
configure:22283: checking for string.h
configure:22289: result: yes
configure:22283: checking for memory.h
configure:22289: result: yes
configure:22293: checking fcntl.h usability
configure:22310: g++ -c -g -O2  conftest.cpp >&5
conftest.cpp:10:1: warning: "BUILD_RELEASE" redefined
conftest.cpp:9:1: warning: this is the location of the previous definition
conftest.cpp:12:1: warning: "USER_INSTALL_PREFIX" redefined
conftest.cpp:11:1: warning: this is the location of the previous definition
configure:22316: $? = 0
configure:22330: result: yes
configure:22334: checking fcntl.h presence
configure:22349: g++ -E  conftest.cpp
conftest.cpp:10:1: warning: "BUILD_RELEASE" redefined
conftest.cpp:9:1: warning: this is the location of the previous definition
conftest.cpp:12:1: warning: "USER_INSTALL_PREFIX" redefined
conftest.cpp:11:1: warning: this is the location of the previous definition
configure:22355: $? = 0
configure:22369: result: yes
configure:22397: checking for fcntl.h
configure:22405: result: yes
configure:22293: checking dirent.h usability
configure:22310: g++ -c -g -O2  conftest.cpp >&5
conftest.cpp:10:1: warning: "BUILD_RELEASE" redefined
conftest.cpp:9:1: warning: this is the location of the previous definition
conftest.cpp:12:1: warning: "USER_INSTALL_PREFIX" redefined
conftest.cpp:11:1: warning: this is the location of the previous definition
configure:22316: $? = 0
configure:22330: result: yes
configure:22334: checking dirent.h presence
configure:22349: g++ -E  conftest.cpp
conftest.cpp:10:1: warning: "BUILD_RELEASE" redefined
conftest.cpp:9:1: warning: this is the location of the previous definition
conftest.cpp:12:1: warning: "USER_INSTALL_PREFIX" redefined
conftest.cpp:11:1: warning: this is the location of the previous definition
configure:22355: $? = 0
configure:22369: result: yes
configure:22397: checking for dirent.h
configure:22405: result: yes
configure:22293: checking sys/ndir.h usability
configure:22310: g++ -c -g -O2  conftest.cpp >&5
conftest.cpp:10:1: warning: "BUILD_RELEASE" redefined
conftest.cpp:9:1: warning: this is the location of the previous definition
conftest.cpp:12:1: warning: "USER_INSTALL_PREFIX" redefined
conftest.cpp:11:1: warning: this is the location of the previous definition
conftest.cpp:81:22: error: sys/ndir.h: No such file or directory
configure:22316: $? = 1
configure: failed program was:
| /* confdefs.h.  */
| #define PACKAGE_NAME ""
| #define PACKAGE_TARNAME ""
| #define PACKAGE_VERSION ""
| #define PACKAGE_STRING ""
| #define PACKAGE_BUGREPORT ""
| #define PACKAGE "RainbruRPG"
| #define VERSION "0.0.4"
| #define BUILD_RELEASE
| #define BUILD_RELEASE "117"
| #define USER_INSTALL_PREFIX
| #define USER_INSTALL_PREFIX "/usr/local"
| #define STDC_HEADERS 1
| #define HAVE_SYS_TYPES_H 1
| #define HAVE_SYS_STAT_H 1
| #define HAVE_STDLIB_H 1
| #define HAVE_STRING_H 1
| #define HAVE_MEMORY_H 1
| #define HAVE_STRINGS_H 1
| #define HAVE_INTTYPES_H 1
| #define HAVE_STDINT_H 1
| #define HAVE_UNISTD_H 1
| #define HAVE_DLFCN_H 1
| #define HAVE_LIBOGREMAIN 1
| #define HAVE_LIBCEGUIBASE 1
| #define HAVE_LIBCEGUIOGRERENDERER 1
| #define HAVE_LIBOIS 1
| #define HAVE_LIBFOX_1_6 1
| #define HAVE_LIBCURL 1
| #define HAVE_LIBSLANG 1
| #define HAVE_LIBBOOST_FILESYSTEM 1
| #define HAVE_LIBQTCORE 1
| #define HAVE_LIBQTGUI 1
| #define HAVE_LIBENET 1
| #define HAVE_LIBGLIB_2_0 1
| #define HAVE_LIBGD 1
| #define STDC_HEADERS 1
| #define HAVE_UNISTD_H 1
| #define HAVE_SYS_PARAM_H 1
| #define HAVE_SYS_TIME_H 1
| #define HAVE_TIME_H 1
| #define HAVE_SYS_SYSMACROS_H 1
| #define HAVE_STRING_H 1
| #define HAVE_MEMORY_H 1
| #define HAVE_FCNTL_H 1
| #define HAVE_DIRENT_H 1
| /* end confdefs.h.  */
| #include <stdio.h>
| #ifdef HAVE_SYS_TYPES_H
| # include <sys/types.h>
| #endif
| #ifdef HAVE_SYS_STAT_H
| # include <sys/stat.h>
| #endif
| #ifdef STDC_HEADERS
| # include <stdlib.h>
| # include <stddef.h>
| #else
| # ifdef HAVE_STDLIB_H
| #  include <stdlib.h>
| # endif
| #endif
| #ifdef HAVE_STRING_H
| # if !defined STDC_HEADERS && defined HAVE_MEMORY_H
| #  include <memory.h>
| # endif
| # include <string.h>
| #endif
| #ifdef HAVE_STRINGS_H
| # include <strings.h>
| #endif
| #ifdef HAVE_INTTYPES_H
| # include <inttypes.h>
| #endif
| #ifdef HAVE_STDINT_H
| # include <stdint.h>
| #endif
| #ifdef HAVE_UNISTD_H
| # include <unistd.h>
| #endif
| #include <sys/ndir.h>
configure:22330: result: no
configure:22334: checking sys/ndir.h presence
configure:22349: g++ -E  conftest.cpp
conftest.cpp:10:1: warning: "BUILD_RELEASE" redefined
conftest.cpp:9:1: warning: this is the location of the previous definition
conftest.cpp:12:1: warning: "USER_INSTALL_PREFIX" redefined
conftest.cpp:11:1: warning: this is the location of the previous definition
conftest.cpp:48:22: error: sys/ndir.h: No such file or directory
configure:22355: $? = 1
configure: failed program was:
| /* confdefs.h.  */
| #define PACKAGE_NAME ""
| #define PACKAGE_TARNAME ""
| #define PACKAGE_VERSION ""
| #define PACKAGE_STRING ""
| #define PACKAGE_BUGREPORT ""
| #define PACKAGE "RainbruRPG"
| #define VERSION "0.0.4"
| #define BUILD_RELEASE
| #define BUILD_RELEASE "117"
| #define USER_INSTALL_PREFIX
| #define USER_INSTALL_PREFIX "/usr/local"
| #define STDC_HEADERS 1
| #define HAVE_SYS_TYPES_H 1
| #define HAVE_SYS_STAT_H 1
| #define HAVE_STDLIB_H 1
| #define HAVE_STRING_H 1
| #define HAVE_MEMORY_H 1
| #define HAVE_STRINGS_H 1
| #define HAVE_INTTYPES_H 1
| #define HAVE_STDINT_H 1
| #define HAVE_UNISTD_H 1
| #define HAVE_DLFCN_H 1
| #define HAVE_LIBOGREMAIN 1
| #define HAVE_LIBCEGUIBASE 1
| #define HAVE_LIBCEGUIOGRERENDERER 1
| #define HAVE_LIBOIS 1
| #define HAVE_LIBFOX_1_6 1
| #define HAVE_LIBCURL 1
| #define HAVE_LIBSLANG 1
| #define HAVE_LIBBOOST_FILESYSTEM 1
| #define HAVE_LIBQTCORE 1
| #define HAVE_LIBQTGUI 1
| #define HAVE_LIBENET 1
| #define HAVE_LIBGLIB_2_0 1
| #define HAVE_LIBGD 1
| #define STDC_HEADERS 1
| #define HAVE_UNISTD_H 1
| #define HAVE_SYS_PARAM_H 1
| #define HAVE_SYS_TIME_H 1
| #define HAVE_TIME_H 1
| #define HAVE_SYS_SYSMACROS_H 1
| #define HAVE_STRING_H 1
| #define HAVE_MEMORY_H 1
| #define HAVE_FCNTL_H 1
| #define HAVE_DIRENT_H 1
| /* end confdefs.h.  */
| #include <sys/ndir.h>
configure:22369: result: no
configure:22397: checking for sys/ndir.h
configure:22405: result: no
configure:22293: checking ndir.h usability
configure:22310: g++ -c -g -O2  conftest.cpp >&5
conftest.cpp:10:1: warning: "BUILD_RELEASE" redefined
conftest.cpp:9:1: warning: this is the location of the previous definition
conftest.cpp:12:1: warning: "USER_INSTALL_PREFIX" redefined
conftest.cpp:11:1: warning: this is the location of the previous definition
conftest.cpp:81:18: error: ndir.h: No such file or directory
configure:22316: $? = 1
configure: failed program was:
| /* confdefs.h.  */
| #define PACKAGE_NAME ""
| #define PACKAGE_TARNAME ""
| #define PACKAGE_VERSION ""
| #define PACKAGE_STRING ""
| #define PACKAGE_BUGREPORT ""
| #define PACKAGE "RainbruRPG"
| #define VERSION "0.0.4"
| #define BUILD_RELEASE
| #define BUILD_RELEASE "117"
| #define USER_INSTALL_PREFIX
| #define USER_INSTALL_PREFIX "/usr/local"
| #define STDC_HEADERS 1
| #define HAVE_SYS_TYPES_H 1
| #define HAVE_SYS_STAT_H 1
| #define HAVE_STDLIB_H 1
| #define HAVE_STRING_H 1
| #define HAVE_MEMORY_H 1
| #define HAVE_STRINGS_H 1
| #define HAVE_INTTYPES_H 1
| #define HAVE_STDINT_H 1
| #define HAVE_UNISTD_H 1
| #define HAVE_DLFCN_H 1
| #define HAVE_LIBOGREMAIN 1
| #define HAVE_LIBCEGUIBASE 1
| #define HAVE_LIBCEGUIOGRERENDERER 1
| #define HAVE_LIBOIS 1
| #define HAVE_LIBFOX_1_6 1
| #define HAVE_LIBCURL 1
| #define HAVE_LIBSLANG 1
| #define HAVE_LIBBOOST_FILESYSTEM 1
| #define HAVE_LIBQTCORE 1
| #define HAVE_LIBQTGUI 1
| #define HAVE_LIBENET 1
| #define HAVE_LIBGLIB_2_0 1
| #define HAVE_LIBGD 1
| #define STDC_HEADERS 1
| #define HAVE_UNISTD_H 1
| #define HAVE_SYS_PARAM_H 1
| #define HAVE_SYS_TIME_H 1
| #define HAVE_TIME_H 1
| #define HAVE_SYS_SYSMACROS_H 1
| #define HAVE_STRING_H 1
| #define HAVE_MEMORY_H 1
| #define HAVE_FCNTL_H 1
| #define HAVE_DIRENT_H 1
| /* end confdefs.h.  */
| #include <stdio.h>
| #ifdef HAVE_SYS_TYPES_H
| # include <sys/types.h>
| #endif
| #ifdef HAVE_SYS_STAT_H
| # include <sys/stat.h>
| #endif
| #ifdef STDC_HEADERS
| # include <stdlib.h>
| # include <stddef.h>
| #else
| # ifdef HAVE_STDLIB_H
| #  include <stdlib.h>
| # endif
| #endif
| #ifdef HAVE_STRING_H
| # if !defined STDC_HEADERS && defined HAVE_MEMORY_H
| #  include <memory.h>
| # endif
| # include <string.h>
| #endif
| #ifdef HAVE_STRINGS_H
| # include <strings.h>
| #endif
| #ifdef HAVE_INTTYPES_H
| # include <inttypes.h>
| #endif
| #ifdef HAVE_STDINT_H
| # include <stdint.h>
| #endif
| #ifdef HAVE_UNISTD_H
| # include <unistd.h>
| #endif
| #include <ndir.h>
configure:22330: result: no
configure:22334: checking ndir.h presence
configure:22349: g++ -E  conftest.cpp
conftest.cpp:10:1: warning: "BUILD_RELEASE" redefined
conftest.cpp:9:1: warning: this is the location of the previous definition
conftest.cpp:12:1: warning: "USER_INSTALL_PREFIX" redefined
conftest.cpp:11:1: warning: this is the location of the previous definition
conftest.cpp:48:18: error: ndir.h: No such file or directory
configure:22355: $? = 1
configure: failed program was:
| /* confdefs.h.  */
| #define PACKAGE_NAME ""
| #define PACKAGE_TARNAME ""
| #define PACKAGE_VERSION ""
| #define PACKAGE_STRING ""
| #define PACKAGE_BUGREPORT ""
| #define PACKAGE "RainbruRPG"
| #define VERSION "0.0.4"
| #define BUILD_RELEASE
| #define BUILD_RELEASE "117"
| #define USER_INSTALL_PREFIX
| #define USER_INSTALL_PREFIX "/usr/local"
| #define STDC_HEADERS 1
| #define HAVE_SYS_TYPES_H 1
| #define HAVE_SYS_STAT_H 1
| #define HAVE_STDLIB_H 1
| #define HAVE_STRING_H 1
| #define HAVE_MEMORY_H 1
| #define HAVE_STRINGS_H 1
| #define HAVE_INTTYPES_H 1
| #define HAVE_STDINT_H 1
| #define HAVE_UNISTD_H 1
| #define HAVE_DLFCN_H 1
| #define HAVE_LIBOGREMAIN 1
| #define HAVE_LIBCEGUIBASE 1
| #define HAVE_LIBCEGUIOGRERENDERER 1
| #define HAVE_LIBOIS 1
| #define HAVE_LIBFOX_1_6 1
| #define HAVE_LIBCURL 1
| #define HAVE_LIBSLANG 1
| #define HAVE_LIBBOOST_FILESYSTEM 1
| #define HAVE_LIBQTCORE 1
| #define HAVE_LIBQTGUI 1
| #define HAVE_LIBENET 1
| #define HAVE_LIBGLIB_2_0 1
| #define HAVE_LIBGD 1
| #define STDC_HEADERS 1
| #define HAVE_UNISTD_H 1
| #define HAVE_SYS_PARAM_H 1
| #define HAVE_SYS_TIME_H 1
| #define HAVE_TIME_H 1
| #define HAVE_SYS_SYSMACROS_H 1
| #define HAVE_STRING_H 1
| #define HAVE_MEMORY_H 1
| #define HAVE_FCNTL_H 1
| #define HAVE_DIRENT_H 1
| /* end confdefs.h.  */
| #include <ndir.h>
configure:22369: result: no
configure:22397: checking for ndir.h
configure:22405: result: no
configure:22293: checking alloca.h usability
configure:22310: g++ -c -g -O2  conftest.cpp >&5
conftest.cpp:10:1: warning: "BUILD_RELEASE" redefined
conftest.cpp:9:1: warning: this is the location of the previous definition
conftest.cpp:12:1: warning: "USER_INSTALL_PREFIX" redefined
conftest.cpp:11:1: warning: this is the location of the previous definition
configure:22316: $? = 0
configure:22330: result: yes
configure:22334: checking alloca.h presence
configure:22349: g++ -E  conftest.cpp
conftest.cpp:10:1: warning: "BUILD_RELEASE" redefined
conftest.cpp:9:1: warning: this is the location of the previous definition
conftest.cpp:12:1: warning: "USER_INSTALL_PREFIX" redefined
conftest.cpp:11:1: warning: this is the location of the previous definition
configure:22355: $? = 0
configure:22369: result: yes
configure:22397: checking for alloca.h
configure:22405: result: yes
configure:22293: checking locale.h usability
configure:22310: g++ -c -g -O2  conftest.cpp >&5
conftest.cpp:10:1: warning: "BUILD_RELEASE" redefined
conftest.cpp:9:1: warning: this is the location of the previous definition
conftest.cpp:12:1: warning: "USER_INSTALL_PREFIX" redefined
conftest.cpp:11:1: warning: this is the location of the previous definition
configure:22316: $? = 0
configure:22330: result: yes
configure:22334: checking locale.h presence
configure:22349: g++ -E  conftest.cpp
conftest.cpp:10:1: warning: "BUILD_RELEASE" redefined
conftest.cpp:9:1: warning: this is the location of the previous definition
conftest.cpp:12:1: warning: "USER_INSTALL_PREFIX" redefined
conftest.cpp:11:1: warning: this is the location of the previous definition
configure:22355: $? = 0
configure:22369: result: yes
configure:22397: checking for locale.h
configure:22405: result: yes
configure:22419: checking whether time.h and sys/time.h may both be included
configure:22449: g++ -c -g -O2  conftest.cpp >&5
conftest.cpp:10:1: warning: "BUILD_RELEASE" redefined
conftest.cpp:9:1: warning: this is the location of the previous definition
conftest.cpp:12:1: warning: "USER_INSTALL_PREFIX" redefined
conftest.cpp:11:1: warning: this is the location of the previous definition
configure:22455: $? = 0
configure:22470: result: yes
configure:22496: checking utime.h usability
configure:22513: g++ -c -g -O2  conftest.cpp >&5
conftest.cpp:10:1: warning: "BUILD_RELEASE" redefined
conftest.cpp:9:1: warning: this is the location of the previous definition
conftest.cpp:12:1: warning: "USER_INSTALL_PREFIX" redefined
conftest.cpp:11:1: warning: this is the location of the previous definition
configure:22519: $? = 0
configure:22533: result: yes
configure:22537: checking utime.h presence
configure:22552: g++ -E  conftest.cpp
conftest.cpp:10:1: warning: "BUILD_RELEASE" redefined
conftest.cpp:9:1: warning: this is the location of the previous definition
conftest.cpp:12:1: warning: "USER_INSTALL_PREFIX" redefined
conftest.cpp:11:1: warning: this is the location of the previous definition
configure:22558: $? = 0
configure:22572: result: yes
configure:22600: checking for utime.h
configure:22608: result: yes
configure:22622: checking for struct utimbuf
configure:22662: g++ -c -g -O2  conftest.cpp >&5
conftest.cpp:10:1: warning: "BUILD_RELEASE" redefined
conftest.cpp:9:1: warning: this is the location of the previous definition
conftest.cpp:12:1: warning: "USER_INSTALL_PREFIX" redefined
conftest.cpp:11:1: warning: this is the location of the previous definition
configure:22668: $? = 0
configure:22684: result: yes
configure:22695: checking whether sys/types.h defines makedev
configure:22721: g++ -o conftest -g -O2   conftest.cpp -lgd -lglib-2.0 -lenet -lQtGui -lQtCore -lboost_filesystem -lslang -lcurl -lFOX-1.6 -lOIS -lCEGUIOgreRenderer -lCEGUIBase -lOgreMain  >&5
conftest.cpp:10:1: warning: "BUILD_RELEASE" redefined
conftest.cpp:9:1: warning: this is the location of the previous definition
conftest.cpp:12:1: warning: "USER_INSTALL_PREFIX" redefined
conftest.cpp:11:1: warning: this is the location of the previous definition
configure:22727: $? = 0
configure:22745: result: yes
configure:23024: checking for working alloca.h
configure:23051: g++ -o conftest -g -O2   conftest.cpp -lgd -lglib-2.0 -lenet -lQtGui -lQtCore -lboost_filesystem -lslang -lcurl -lFOX-1.6 -lOIS -lCEGUIOgreRenderer -lCEGUIBase -lOgreMain  >&5
conftest.cpp:10:1: warning: "BUILD_RELEASE" redefined
conftest.cpp:9:1: warning: this is the location of the previous definition
conftest.cpp:12:1: warning: "USER_INSTALL_PREFIX" redefined
conftest.cpp:11:1: warning: this is the location of the previous definition
configure:23057: $? = 0
configure:23074: result: yes
configure:23084: checking for alloca
configure:23131: g++ -o conftest -g -O2   conftest.cpp -lgd -lglib-2.0 -lenet -lQtGui -lQtCore -lboost_filesystem -lslang -lcurl -lFOX-1.6 -lOIS -lCEGUIOgreRenderer -lCEGUIBase -lOgreMain  >&5
conftest.cpp:10:1: warning: "BUILD_RELEASE" redefined
conftest.cpp:9:1: warning: this is the location of the previous definition
conftest.cpp:12:1: warning: "USER_INSTALL_PREFIX" redefined
conftest.cpp:11:1: warning: this is the location of the previous definition
configure:23137: $? = 0
configure:23154: result: yes
configure:23381: checking whether struct tm is in sys/time.h or time.h
configure:23411: g++ -c -g -O2  conftest.cpp >&5
conftest.cpp:10:1: warning: "BUILD_RELEASE" redefined
conftest.cpp:9:1: warning: this is the location of the previous definition
conftest.cpp:12:1: warning: "USER_INSTALL_PREFIX" redefined
conftest.cpp:11:1: warning: this is the location of the previous definition
configure:23417: $? = 0
configure:23432: result: time.h
configure:23442: checking for struct stat.st_blocks
configure:23470: g++ -c -g -O2  conftest.cpp >&5
conftest.cpp:10:1: warning: "BUILD_RELEASE" redefined
conftest.cpp:9:1: warning: this is the location of the previous definition
conftest.cpp:12:1: warning: "USER_INSTALL_PREFIX" redefined
conftest.cpp:11:1: warning: this is the location of the previous definition
configure:23476: $? = 0
configure:23533: result: yes
configure:23564: checking for dirent.h that defines DIR
configure:23593: g++ -c -g -O2  conftest.cpp >&5
conftest.cpp:10:1: warning: "BUILD_RELEASE" redefined
conftest.cpp:9:1: warning: this is the location of the previous definition
conftest.cpp:12:1: warning: "USER_INSTALL_PREFIX" redefined
conftest.cpp:11:1: warning: this is the location of the previous definition
configure:23599: $? = 0
configure:23615: result: yes
configure:23628: checking for library containing opendir
configure:23669: g++ -o conftest -g -O2   conftest.cpp -lgd -lglib-2.0 -lenet -lQtGui -lQtCore -lboost_filesystem -lslang -lcurl -lFOX-1.6 -lOIS -lCEGUIOgreRenderer -lCEGUIBase -lOgreMain  >&5
conftest.cpp:10:1: warning: "BUILD_RELEASE" redefined
conftest.cpp:9:1: warning: this is the location of the previous definition
conftest.cpp:12:1: warning: "USER_INSTALL_PREFIX" redefined
conftest.cpp:11:1: warning: this is the location of the previous definition
configure:23675: $? = 0
configure:23703: result: none required
configure:23797: checking whether closedir returns void
configure:23831: g++ -o conftest -g -O2   conftest.cpp -lgd -lglib-2.0 -lenet -lQtGui -lQtCore -lboost_filesystem -lslang -lcurl -lFOX-1.6 -lOIS -lCEGUIOgreRenderer -lCEGUIBase -lOgreMain  >&5
conftest.cpp:10:1: warning: "BUILD_RELEASE" redefined
conftest.cpp:9:1: warning: this is the location of the previous definition
conftest.cpp:12:1: warning: "USER_INSTALL_PREFIX" redefined
conftest.cpp:11:1: warning: this is the location of the previous definition
configure:23834: $? = 0
configure:23840: ./conftest
./conftest: error while loading shared libraries: libOIS-1.0.0.so: cannot open shared object file: No such file or directory
configure:23843: $? = 127
configure: program exited with status 127
configure: failed program was:
| /* confdefs.h.  */
| #define PACKAGE_NAME ""
| #define PACKAGE_TARNAME ""
| #define PACKAGE_VERSION ""
| #define PACKAGE_STRING ""
| #define PACKAGE_BUGREPORT ""
| #define PACKAGE "RainbruRPG"
| #define VERSION "0.0.4"
| #define BUILD_RELEASE
| #define BUILD_RELEASE "117"
| #define USER_INSTALL_PREFIX
| #define USER_INSTALL_PREFIX "/usr/local"
| #define STDC_HEADERS 1
| #define HAVE_SYS_TYPES_H 1
| #define HAVE_SYS_STAT_H 1
| #define HAVE_STDLIB_H 1
| #define HAVE_STRING_H 1
| #define HAVE_MEMORY_H 1
| #define HAVE_STRINGS_H 1
| #define HAVE_INTTYPES_H 1
| #define HAVE_STDINT_H 1
| #define HAVE_UNISTD_H 1
| #define HAVE_DLFCN_H 1
| #define HAVE_LIBOGREMAIN 1
| #define HAVE_LIBCEGUIBASE 1
| #define HAVE_LIBCEGUIOGRERENDERER 1
| #define HAVE_LIBOIS 1
| #define HAVE_LIBFOX_1_6 1
| #define HAVE_LIBCURL 1
| #define HAVE_LIBSLANG 1
| #define HAVE_LIBBOOST_FILESYSTEM 1
| #define HAVE_LIBQTCORE 1
| #define HAVE_LIBQTGUI 1
| #define HAVE_LIBENET 1
| #define HAVE_LIBGLIB_2_0 1
| #define HAVE_LIBGD 1
| #define STDC_HEADERS 1
| #define HAVE_UNISTD_H 1
| #define HAVE_SYS_PARAM_H 1
| #define HAVE_SYS_TIME_H 1
| #define HAVE_TIME_H 1
| #define HAVE_SYS_SYSMACROS_H 1
| #define HAVE_STRING_H 1
| #define HAVE_MEMORY_H 1
| #define HAVE_FCNTL_H 1
| #define HAVE_DIRENT_H 1
| #define HAVE_ALLOCA_H 1
| #define HAVE_LOCALE_H 1
| #define TIME_WITH_SYS_TIME 1
| #define HAVE_UTIME_H 1
| #define HAVE_STRUCT_UTIMBUF 1
| #define HAVE_ALLOCA_H 1
| #define HAVE_ALLOCA 1
| #define HAVE_STRUCT_STAT_ST_BLOCKS 1
| #define HAVE_ST_BLOCKS 1
| #define HAVE_DIRENT_H 1
| /* end confdefs.h.  */
| #include <stdio.h>
| #ifdef HAVE_SYS_TYPES_H
| # include <sys/types.h>
| #endif
| #ifdef HAVE_SYS_STAT_H
| # include <sys/stat.h>
| #endif
| #ifdef STDC_HEADERS
| # include <stdlib.h>
| # include <stddef.h>
| #else
| # ifdef HAVE_STDLIB_H
| #  include <stdlib.h>
| # endif
| #endif
| #ifdef HAVE_STRING_H
| # if !defined STDC_HEADERS && defined HAVE_MEMORY_H
| #  include <memory.h>
| # endif
| # include <string.h>
| #endif
| #ifdef HAVE_STRINGS_H
| # include <strings.h>
| #endif
| #ifdef HAVE_INTTYPES_H
| # include <inttypes.h>
| #endif
| #ifdef HAVE_STDINT_H
| # include <stdint.h>
| #endif
| #ifdef HAVE_UNISTD_H
| # include <unistd.h>
| #endif
| #include <dirent.h>
| #ifndef __cplusplus
| int closedir ();
| #endif
| 
| int
| main ()
| {
| return closedir (opendir (".")) != 0;
|   ;
|   return 0;
| }
configure:23859: result: yes
configure:23873: checking for mkfifo
configure:23929: g++ -o conftest -g -O2   conftest.cpp -lgd -lglib-2.0 -lenet -lQtGui -lQtCore -lboost_filesystem -lslang -lcurl -lFOX-1.6 -lOIS -lCEGUIOgreRenderer -lCEGUIBase -lOgreMain  >&5
conftest.cpp:10:1: warning: "BUILD_RELEASE" redefined
conftest.cpp:9:1: warning: this is the location of the previous definition
conftest.cpp:12:1: warning: "USER_INSTALL_PREFIX" redefined
conftest.cpp:11:1: warning: this is the location of the previous definition
configure:23935: $? = 0
configure:23953: result: yes
configure:23963: checking for mknod
configure:24019: g++ -o conftest -g -O2   conftest.cpp -lgd -lglib-2.0 -lenet -lQtGui -lQtCore -lboost_filesystem -lslang -lcurl -lFOX-1.6 -lOIS -lCEGUIOgreRenderer -lCEGUIBase -lOgreMain  >&5
conftest.cpp:10:1: warning: "BUILD_RELEASE" redefined
conftest.cpp:9:1: warning: this is the location of the previous definition
conftest.cpp:12:1: warning: "USER_INSTALL_PREFIX" redefined
conftest.cpp:11:1: warning: this is the location of the previous definition
configure:24025: $? = 0
configure:24042: result: yes
configure:24223: creating ./config.status

## ---------------------- ##
## Running config.status. ##
## ---------------------- ##

This file was extended by config.status, which was
generated by GNU Autoconf 2.61.  Invocation command line was

  CONFIG_FILES    = 
  CONFIG_HEADERS  = 
  CONFIG_LINKS    = 
  CONFIG_COMMANDS = 
  $ ./config.status 

on debian

config.status:717: creating Makefile
config.status:717: creating common/Makefile
config.status:717: creating terminalapi/Makefile
config.status:717: creating maincore/Makefile
config.status:717: creating client/Makefile
config.status:717: creating editor/Makefile
config.status:717: creating server/Makefile
config.status:717: creating tests/Makefile
config.status:717: creating tools/Makefile
config.status:717: creating tools/transmsg/Makefile
config.status:717: creating tools/xident/Makefile
config.status:717: creating tools/netflooder/Makefile
config.status:717: creating config/Makefile
config.status:717: creating data/Makefile
config.status:717: creating data/fox/Makefile
config.status:717: creating data/gui/Makefile
config.status:717: creating data/gui/XMLRefSchema/Makefile
config.status:717: creating data/gui/schemes/Makefile
config.status:717: creating data/gui/imagesets/Makefile
config.status:717: creating data/gui/looknfeel/Makefile
config.status:717: creating data/gui/fonts/Makefile
config.status:717: creating data/gui/layouts/Makefile
config.status:717: creating data/gui/overlays/Makefile
config.status:717: creating media/Makefile
config.status:717: creating media/packs/Makefile
config.status:717: creating media/materials/Makefile
config.status:717: creating media/materials/scripts/Makefile
config.status:717: creating media/materials/textures/Makefile
config.status:717: creating mapdata/Makefile
config.status:717: creating mapdata/terrains/Makefile
config.status:717: creating mapdata/terrains/hf129_3/Makefile
config.status:717: creating mapdata/materials/Makefile
config.status:717: creating mapdata/materials/textures/Makefile
config.status:717: creating mapdata/materials/scripts/Makefile
config.status:717: creating mapdata/models/Makefile
config.status:717: creating RainbruRPG.lsm
config.status:717: creating RainbruRPG.spec
config.status:717: creating terminalapi-1.0.pc
config.status:717: creating RainbruRPG-common.pc
config.status:717: creating config.h
config.status:985: config.h is unchanged
config.status:1031: executing depfiles commands

## ---------------- ##
## Cache variables. ##
## ---------------- ##

ac_cv_build=i686-pc-linux-gnu
ac_cv_c_compiler_gnu=yes
ac_cv_cxx_compiler_gnu=yes
ac_cv_env_CCC_set=
ac_cv_env_CCC_value=
ac_cv_env_CC_set=
ac_cv_env_CC_value=
ac_cv_env_CFLAGS_set=
ac_cv_env_CFLAGS_value=
ac_cv_env_CPPFLAGS_set=
ac_cv_env_CPPFLAGS_value=
ac_cv_env_CPP_set=
ac_cv_env_CPP_value=
ac_cv_env_CXXCPP_set=
ac_cv_env_CXXCPP_value=
ac_cv_env_CXXFLAGS_set=
ac_cv_env_CXXFLAGS_value=
ac_cv_env_CXX_set=
ac_cv_env_CXX_value=
ac_cv_env_F77_set=
ac_cv_env_F77_value=
ac_cv_env_FFLAGS_set=
ac_cv_env_FFLAGS_value=
ac_cv_env_LDFLAGS_set=
ac_cv_env_LDFLAGS_value=
ac_cv_env_LIBS_set=
ac_cv_env_LIBS_value=
ac_cv_env_build_alias_set=
ac_cv_env_build_alias_value=
ac_cv_env_host_alias_set=
ac_cv_env_host_alias_value=
ac_cv_env_target_alias_set=
ac_cv_env_target_alias_value=
ac_cv_f77_compiler_gnu=no
ac_cv_file__usr_lib_OGRE_Plugin_PagingLandScape2_so=no
ac_cv_file__usr_local_lib_OGRE_Plugin_PagingLandScape2_so=yes
ac_cv_func_alloca_works=yes
ac_cv_func_closedir_void=yes
ac_cv_func_mkfifo=yes
ac_cv_func_mknod=yes
ac_cv_header_CEGUI_CEGUIBase_h=yes
ac_cv_header_OGRE_OgreLog_h=yes
ac_cv_header_OIS_OISEvents_h=yes
ac_cv_header_alloca_h=yes
ac_cv_header_boost_filesystem_path_hpp=yes
ac_cv_header_curl_curl_h=yes
ac_cv_header_dirent_dirent_h=yes
ac_cv_header_dirent_h=yes
ac_cv_header_dlfcn_h=yes
ac_cv_header_enet_enet_h=yes
ac_cv_header_fcntl_h=yes
ac_cv_header_fox_1_6_fxver_h=yes
ac_cv_header_gd_h=yes
ac_cv_header_inttypes_h=yes
ac_cv_header_locale_h=yes
ac_cv_header_memory_h=yes
ac_cv_header_ndir_h=no
ac_cv_header_slang_h=yes
ac_cv_header_stdc=yes
ac_cv_header_stdint_h=yes
ac_cv_header_stdlib_h=yes
ac_cv_header_string_h=yes
ac_cv_header_strings_h=yes
ac_cv_header_sys_mkdev_h=no
ac_cv_header_sys_ndir_h=no
ac_cv_header_sys_param_h=yes
ac_cv_header_sys_stat_h=yes
ac_cv_header_sys_sysmacros_h=yes
ac_cv_header_sys_time_h=yes
ac_cv_header_sys_types_h=yes
ac_cv_header_sys_types_h_makedev=yes
ac_cv_header_time=yes
ac_cv_header_time_h=yes
ac_cv_header_unistd_h=yes
ac_cv_header_utime_h=yes
ac_cv_host=i686-pc-linux-gnu
ac_cv_lib_CEGUIBase_main=yes
ac_cv_lib_CEGUIOgreRenderer_main=yes
ac_cv_lib_FOX_1_6_main=yes
ac_cv_lib_OIS_main=yes
ac_cv_lib_OgreMain_main=yes
ac_cv_lib_QtCore_main=yes
ac_cv_lib_QtGui_main=yes
ac_cv_lib_boost_filesystem_main=yes
ac_cv_lib_curl_main=yes
ac_cv_lib_enet_main=yes
ac_cv_lib_gd_main=yes
ac_cv_lib_glib_2_0_main=yes
ac_cv_lib_slang_main=yes
ac_cv_member_struct_stat_st_blocks=yes
ac_cv_objext=o
ac_cv_path_EGREP='/bin/grep -E'
ac_cv_path_GREP=/bin/grep
ac_cv_path_install='/usr/bin/install -c'
ac_cv_prog_AWK=mawk
ac_cv_prog_CPP='gcc -E'
ac_cv_prog_CXXCPP='g++ -E'
ac_cv_prog_ac_ct_AR=ar
ac_cv_prog_ac_ct_CC=gcc
ac_cv_prog_ac_ct_CXX=g++
ac_cv_prog_ac_ct_RANLIB=ranlib
ac_cv_prog_ac_ct_STRIP=strip
ac_cv_prog_cc_c89=
ac_cv_prog_cc_g=yes
ac_cv_prog_cxx_g=yes
ac_cv_prog_f77_g=no
ac_cv_prog_make_make_set=yes
ac_cv_search_opendir='none required'
ac_cv_struct_tm=time.h
ac_cv_working_alloca_h=yes
am_cv_CC_dependencies_compiler_type=gcc3
am_cv_CXX_dependencies_compiler_type=gcc3
fu_cv_sys_struct_utimbuf=yes
lt_cv_deplibs_check_method=pass_all
lt_cv_file_magic_cmd='$MAGIC_CMD'
lt_cv_file_magic_test_file=
lt_cv_ld_reload_flag=-r
lt_cv_objdir=.libs
lt_cv_path_LD=/usr/bin/ld
lt_cv_path_LDCXX=/usr/bin/ld
lt_cv_path_NM='/usr/bin/nm -B'
lt_cv_path_SED=/bin/sed
lt_cv_prog_compiler_c_o=yes
lt_cv_prog_compiler_c_o_CXX=yes
lt_cv_prog_compiler_rtti_exceptions=no
lt_cv_prog_gnu_ld=yes
lt_cv_prog_gnu_ldcxx=yes
lt_cv_sys_global_symbol_pipe='sed -n -e '\''s/^.*[ 	]\([ABCDGIRSTW][ABCDGIRSTW]*\)[ 	][ 	]*\([_A-Za-z][_A-Za-z0-9]*\)$/\1 \2 \2/p'\'''
lt_cv_sys_global_symbol_to_c_name_address='sed -n -e '\''s/^: \([^ ]*\) $/  {\"\1\", (lt_ptr) 0},/p'\'' -e '\''s/^[BCDEGRST] \([^ ]*\) \([^ ]*\)$/  {"\2", (lt_ptr) \&\2},/p'\'''
lt_cv_sys_global_symbol_to_cdecl='sed -n -e '\''s/^. .* \(.*\)$/extern int \1;/p'\'''
lt_cv_sys_max_cmd_len=32768
lt_lt_cv_prog_compiler_c_o='"yes"'
lt_lt_cv_prog_compiler_c_o_CXX='"yes"'
lt_lt_cv_sys_global_symbol_pipe='"sed -n -e '\''s/^.*[ 	]\\([ABCDGIRSTW][ABCDGIRSTW]*\\)[ 	][ 	]*\\([_A-Za-z][_A-Za-z0-9]*\\)\$/\\1 \\2 \\2/p'\''"'
lt_lt_cv_sys_global_symbol_to_c_name_address='"sed -n -e '\''s/^: \\([^ ]*\\) \$/  {\\\"\\1\\\", (lt_ptr) 0},/p'\'' -e '\''s/^[BCDEGRST] \\([^ ]*\\) \\([^ ]*\\)\$/  {\"\\2\", (lt_ptr) \\&\\2},/p'\''"'
lt_lt_cv_sys_global_symbol_to_cdecl='"sed -n -e '\''s/^. .* \\(.*\\)\$/extern int \\1;/p'\''"'

## ----------------- ##
## Output variables. ##
## ----------------- ##

ACLOCAL='${SHELL} /home/mouse/programmation/rpg/missing --run aclocal-1.9'
ALLOCA=''
AMDEPBACKSLASH='\'
AMDEP_FALSE='#'
AMDEP_TRUE=''
AMTAR='${SHELL} /home/mouse/programmation/rpg/missing --run tar'
AR='ar'
AUTOCONF='${SHELL} /home/mouse/programmation/rpg/missing --run autoconf'
AUTOHEADER='${SHELL} /home/mouse/programmation/rpg/missing --run autoheader'
AUTOMAKE='${SHELL} /home/mouse/programmation/rpg/missing --run automake-1.9'
AWK='mawk'
CC='gcc'
CCDEPMODE='depmode=gcc3'
CFLAGS='-g -O2'
CPP='gcc -E'
CPPFLAGS=''
CXX='g++'
CXXCPP='g++ -E'
CXXDEPMODE='depmode=gcc3'
CXXFLAGS='-g -O2'
CYGPATH_W='echo'
DEFS='-DHAVE_CONFIG_H'
DEPDIR='.deps'
ECHO='echo'
ECHO_C=''
ECHO_N='-n'
ECHO_T=''
EGREP='/bin/grep -E'
EXEEXT=''
F77=''
FFLAGS=''
GENERIC_API_VERSION='1.0'
GENERIC_LIBRARY_NAME='RainbruRPG'
GENERIC_LIBRARY_VERSION='1:2:0'
GENERIC_RELEASE='0.3'
GENERIC_VERSION='0.3.0'
GREP='/bin/grep'
INSTALL_DATA='${INSTALL} -m 644'
INSTALL_PROGRAM='${INSTALL}'
INSTALL_SCRIPT='${INSTALL}'
INSTALL_STRIP_PROGRAM='${SHELL} $(install_sh) -c -s'
ISODATE='2007-04-08'
LDFLAGS=''
LIBOBJS=''
LIBS='-lgd -lglib-2.0 -lenet -lQtGui -lQtCore -lboost_filesystem -lslang -lcurl -lFOX-1.6 -lOIS -lCEGUIOgreRenderer -lCEGUIBase -lOgreMain '
LIBTOOL='$(SHELL) $(top_builddir)/libtool'
LIB_COMMON_NAME='common'
LIB_CORE_NAME='core'
LIB_TERAPI_NAME='terminalAPI'
LN_S='ln -s'
LTLIBOBJS=''
MAKEINFO='${SHELL} /home/mouse/programmation/rpg/missing --run makeinfo'
OBJEXT='o'
PACKAGE='RainbruRPG'
PACKAGE_BUGREPORT=''
PACKAGE_NAME=''
PACKAGE_STRING=''
PACKAGE_TARNAME=''
PACKAGE_VERSION=''
PATH_SEPARATOR=':'
RANLIB='ranlib'
RB_OPTION_ALL_FLAGS_FALSE='#'
RB_OPTION_ALL_FLAGS_TRUE=''
RB_OPTION_EDITOR_FLAGS_FALSE=''
RB_OPTION_EDITOR_FLAGS_TRUE='#'
RB_OPTION_SERVER_FLAGS_FALSE=''
RB_OPTION_SERVER_FLAGS_TRUE='#'
RB_OPTION_TESTS_FLAGS_FALSE=''
RB_OPTION_TESTS_FLAGS_TRUE='#'
RB_OPTION_TOOLS_FLAGS_FALSE=''
RB_OPTION_TOOLS_FLAGS_TRUE='#'
SET_MAKE=''
SHELL='/bin/sh'
STRIP='strip'
VERSION='0.3.0'
ac_ct_CC='gcc'
ac_ct_CXX='g++'
ac_ct_F77=''
am__fastdepCC_FALSE='#'
am__fastdepCC_TRUE=''
am__fastdepCXX_FALSE='#'
am__fastdepCXX_TRUE=''
am__include='include'
am__leading_dot='.'
am__quote=''
am__tar='${AMTAR} chof - "$$tardir"'
am__untar='${AMTAR} xf -'
bindir='${exec_prefix}/bin'
build='i686-pc-linux-gnu'
build_alias=''
build_cpu='i686'
build_os='linux-gnu'
build_vendor='pc'
datadir='${datarootdir}'
datarootdir='${prefix}/share'
docdir='${datarootdir}/doc/${PACKAGE}'
dvidir='${docdir}'
exec_prefix='${prefix}'
host='i686-pc-linux-gnu'
host_alias=''
host_cpu='i686'
host_os='linux-gnu'
host_vendor='pc'
htmldir='${docdir}'
includedir='${prefix}/include'
infodir='${datarootdir}/info'
install_sh='/home/mouse/programmation/rpg/install-sh'
libdir='${exec_prefix}/lib'
libexecdir='${exec_prefix}/libexec'
localedir='${datarootdir}/locale'
localstatedir='${prefix}/var'
mandir='${datarootdir}/man'
mkdir_p='mkdir -p --'
oldincludedir='/usr/include'
pdfdir='${docdir}'
prefix='/usr/local'
program_transform_name='s,x,x,'
psdir='${docdir}'
sbindir='${exec_prefix}/sbin'
sharedstatedir='${prefix}/com'
sysconfdir='${prefix}/etc'
target_alias=''

## ----------- ##
## confdefs.h. ##
## ----------- ##

#define PACKAGE_NAME ""
#define PACKAGE_TARNAME ""
#define PACKAGE_VERSION ""
#define PACKAGE_STRING ""
#define PACKAGE_BUGREPORT ""
#define PACKAGE "RainbruRPG"
#define VERSION "0.0.4"
#define BUILD_RELEASE
#define BUILD_RELEASE "117"
#define USER_INSTALL_PREFIX
#define USER_INSTALL_PREFIX "/usr/local"
#define STDC_HEADERS 1
#define HAVE_SYS_TYPES_H 1
#define HAVE_SYS_STAT_H 1
#define HAVE_STDLIB_H 1
#define HAVE_STRING_H 1
#define HAVE_MEMORY_H 1
#define HAVE_STRINGS_H 1
#define HAVE_INTTYPES_H 1
#define HAVE_STDINT_H 1
#define HAVE_UNISTD_H 1
#define HAVE_DLFCN_H 1
#define HAVE_LIBOGREMAIN 1
#define HAVE_LIBCEGUIBASE 1
#define HAVE_LIBCEGUIOGRERENDERER 1
#define HAVE_LIBOIS 1
#define HAVE_LIBFOX_1_6 1
#define HAVE_LIBCURL 1
#define HAVE_LIBSLANG 1
#define HAVE_LIBBOOST_FILESYSTEM 1
#define HAVE_LIBQTCORE 1
#define HAVE_LIBQTGUI 1
#define HAVE_LIBENET 1
#define HAVE_LIBGLIB_2_0 1
#define HAVE_LIBGD 1
#define STDC_HEADERS 1
#define HAVE_UNISTD_H 1
#define HAVE_SYS_PARAM_H 1
#define HAVE_SYS_TIME_H 1
#define HAVE_TIME_H 1
#define HAVE_SYS_SYSMACROS_H 1
#define HAVE_STRING_H 1
#define HAVE_MEMORY_H 1
#define HAVE_FCNTL_H 1
#define HAVE_DIRENT_H 1
#define HAVE_ALLOCA_H 1
#define HAVE_LOCALE_H 1
#define TIME_WITH_SYS_TIME 1
#define HAVE_UTIME_H 1
#define HAVE_STRUCT_UTIMBUF 1
#define HAVE_ALLOCA_H 1
#define HAVE_ALLOCA 1
#define HAVE_STRUCT_STAT_ST_BLOCKS 1
#define HAVE_ST_BLOCKS 1
#define HAVE_DIRENT_H 1
#define CLOSEDIR_VOID 1
#define HAVE_MKFIFO 1

configure: exit 0

## ---------------------- ##
## Running config.status. ##
## ---------------------- ##

This file was extended by config.status, which was
generated by GNU Autoconf 2.61.  Invocation command line was

  CONFIG_FILES    = 
  CONFIG_HEADERS  = 
  CONFIG_LINKS    = 
  CONFIG_COMMANDS = 
  $ ./config.status config.h

on debian

config.status:717: creating config.h
config.status:985: config.h is unchanged
