19:18:31: Creating resource group General
19:18:31: Creating resource group Internal
19:18:31: Creating resource group Autodetect
19:18:31: Registering ResourceManager for type Material
19:18:31: Registering ResourceManager for type Mesh
19:18:31: Registering ResourceManager for type Skeleton
19:18:31: MovableObjectFactory for type 'ParticleSystem' registered.
19:18:31: Loading library libOgrePlatform.so
19:18:31: OverlayElementFactory for type Panel registered.
19:18:31: OverlayElementFactory for type BorderPanel registered.
19:18:31: OverlayElementFactory for type TextArea registered.
19:18:31: Registering ResourceManager for type Font
19:18:31: ArchiveFactory for archive type FileSystem registered.
19:18:31: ArchiveFactory for archive type Zip registered.
19:18:31: DevIL version: Developer's Image Library (DevIL) 1.6.7 May  9 2006
19:18:31: DevIL image formats: bmp dib cut dcx dds gif hdr ico cur jpg jpe jpeg lif mdl mng jng pcx pic pix png pbm pgm pnm ppm psd pdd psp pxr sgi bw rgb rgba tga vda icb vst tif tiff wal xpm raw 
19:18:31: Registering ResourceManager for type HighLevelGpuProgram
19:18:31: Registering ResourceManager for type Compositor
19:18:31: MovableObjectFactory for type 'Entity' registered.
19:18:31: MovableObjectFactory for type 'Light' registered.
19:18:31: MovableObjectFactory for type 'BillboardSet' registered.
19:18:31: MovableObjectFactory for type 'ManualObject' registered.
19:18:31: MovableObjectFactory for type 'BillboardChain' registered.
19:18:31: MovableObjectFactory for type 'RibbonTrail' registered.
19:18:31: Loading library /usr/local/lib/OGRE/RenderSystem_GL
19:18:31: OpenGL Rendering Subsystem created.
19:18:31: Loading library /usr/local/lib/OGRE/Plugin_ParticleFX
19:18:31: Particle Emitter Type 'Point' registered
19:18:31: Particle Emitter Type 'Box' registered
19:18:31: Particle Emitter Type 'Ellipsoid' registered
19:18:31: Particle Emitter Type 'Cylinder' registered
19:18:31: Particle Emitter Type 'Ring' registered
19:18:31: Particle Emitter Type 'HollowEllipsoid' registered
19:18:31: Particle Affector Type 'LinearForce' registered
19:18:31: Particle Affector Type 'ColourFader' registered
19:18:31: Particle Affector Type 'ColourFader2' registered
19:18:31: Particle Affector Type 'ColourImage' registered
19:18:31: Particle Affector Type 'ColourInterpolator' registered
19:18:31: Particle Affector Type 'Scaler' registered
19:18:31: Particle Affector Type 'Rotator' registered
19:18:31: Particle Affector Type 'DirectionRandomiser' registered
19:18:31: Particle Affector Type 'DeflectorPlane' registered
19:18:31: Loading library /usr/local/lib/OGRE/Plugin_BSPSceneManager
19:18:31: Registering ResourceManager for type BspLevel
19:18:31: Loading library /usr/local/lib/OGRE/Plugin_OctreeSceneManager
19:18:31: Loading library /usr/local/lib/OGRE/Plugin_PagingLandScape2
19:18:31: *-*-* OGRE Initialising
19:18:31: *-*-* Version 1.2.4 (Dagon)
19:18:33: ******************************
*** Starting GLX Subsystem ***
******************************
19:18:33: ResourceBackgroundQueue - threading disabled
19:18:33: Added resource location '/usr/local/share/RainbruRPG/data' of type 'FileSystem' to resource group 'General'
19:18:33: GLXWindow::create
19:18:33: Parsing miscParams
19:18:33: GLXWindow::create -- Best visual is 35
19:18:33: GL_VERSION = 1.3 Mesa 6.5.1
19:18:33: GL_VENDOR = Tungsten Graphics, Inc.
19:18:33: GL_RENDERER = Mesa DRI R300 20060815 AGP 1x TCL
19:18:33: GL_EXTENSIONS = GL_ARB_fragment_program GL_ARB_imaging GL_ARB_multisample GL_ARB_multitexture GL_ARB_texture_border_clamp GL_ARB_texture_compression GL_ARB_texture_cube_map GL_ARB_texture_env_add GL_ARB_texture_env_combine GL_ARB_texture_env_crossbar GL_ARB_texture_env_dot3 GL_MESAX_texture_float GL_ARB_texture_mirrored_repeat GL_ARB_texture_rectangle GL_ARB_transpose_matrix GL_ARB_vertex_buffer_object GL_ARB_vertex_program GL_ARB_window_pos GL_EXT_abgr GL_EXT_bgra GL_EXT_blend_color GL_EXT_blend_equation_separate GL_EXT_blend_func_separate GL_EXT_blend_minmax GL_EXT_blend_subtract GL_EXT_clip_volume_hint GL_EXT_compiled_vertex_array GL_EXT_convolution GL_EXT_copy_texture GL_EXT_draw_range_elements GL_EXT_gpu_program_parameters GL_EXT_histogram GL_EXT_packed_pixels GL_EXT_polygon_offset GL_EXT_rescale_normal GL_EXT_secondary_color GL_EXT_separate_specular_color GL_EXT_stencil_wrap GL_EXT_subtexture GL_EXT_texture GL_EXT_texture3D GL_EXT_texture_edge_clamp GL_EXT_texture_env_add GL_EXT_texture_env_combine GL_EXT_texture_env_dot3 GL_EXT_texture_filter_anisotropic GL_EXT_texture_lod_bias GL_EXT_texture_mirror_clamp GL_EXT_texture_object GL_EXT_texture_rectangle GL_EXT_vertex_array GL_APPLE_packed_pixels GL_ATI_blend_equation_separate GL_ATI_texture_env_combine3 GL_ATI_texture_mirror_once GL_IBM_rasterpos_clip GL_IBM_texture_mirrored_repeat GL_INGR_blend_func_separate GL_MESA_pack_invert GL_MESA_ycbcr_texture GL_MESA_window_pos GL_NV_blend_square GL_NV_light_max_exponent GL_NV_texture_rectangle GL_NV_texgen_reflection GL_NV_vertex_program GL_OES_read_format GL_SGI_color_matrix GL_SGI_color_table GL_SGIS_generate_mipmap GL_SGIS_texture_border_clamp GL_SGIS_texture_edge_clamp GL_SGIS_texture_lod
19:18:33: ***************************
*** GL Renderer Started ***
***************************
19:18:33: Registering ResourceManager for type GpuProgram
19:18:33: GL: Using PBuffers for rendering to textures
19:18:33: RenderSystem capabilities
19:18:33: -------------------------
19:18:33:  * Hardware generation of mipmaps: yes
19:18:33:  * Texture blending: yes
19:18:33:  * Anisotropic texture filtering: yes
19:18:33:  * Dot product texture operation: yes
19:18:33:  * Cube mapping: yes
19:18:33:  * Hardware stencil buffer: yes
19:18:33:    - Stencil depth: 8
19:18:33:    - Two sided stencil support: no
19:18:33:    - Wrap stencil values: yes
19:18:33:  * Hardware vertex / index buffers: yes
19:18:33:  * Vertex programs: yes
19:18:33:    - Max vertex program version: arbvp1
19:18:33:  * Fragment programs: yes
19:18:33:    - Max fragment program version: arbfp1
19:18:33:  * Texture Compression: yes
19:18:33:    - DXT: no
19:18:33:    - VTC: no
19:18:33:  * Scissor Rectangle: yes
19:18:33:  * Hardware Occlusion Query: no
19:18:33:  * User clip planes: yes
19:18:33:  * VET_UBYTE4 vertex element type: yes
19:18:33:  * Infinite far plane projection: yes
19:18:33:  * Hardware render-to-texture: yes
19:18:33:  * Floating point textures: no
19:18:33:  * Non-power-of-two textures: no
19:18:33:  * Volume textures: yes
19:18:33:  * Multiple Render Targets: 1
19:18:33:  * Point Sprites: no
19:18:33:  * Extended point parameters: no
19:18:33:  * Max Point Size: 20
19:18:33: Registering ResourceManager for type Texture
19:18:33: Added resource location '/usr/local/share/RainbruRPG/./' of type 'FileSystem' to resource group 'General'
19:18:33: Added resource location '/usr/local/share/RainbruRPG/config/' of type 'FileSystem' to resource group 'General'
19:18:33: Added resource location '/usr/local/share/RainbruRPG/data' of type 'FileSystem' to resource group 'General'
19:18:33: Added resource location '/usr/local/share/RainbruRPG/media/' of type 'FileSystem' to resource group 'General'
19:18:33: Added resource location '/usr/local/share/RainbruRPG/media/materials/scripts' of type 'FileSystem' to resource group 'General'
19:18:33: Added resource location '/usr/local/share/RainbruRPG/media/materials/textures' of type 'FileSystem' to resource group 'General'
19:18:33: Added resource location '/usr/local/share/RainbruRPG/data/gui/XMLRefSchema/' of type 'FileSystem' to resource group 'General'
19:18:33: Added resource location '/usr/local/share/RainbruRPG/data/gui/schemes/' of type 'FileSystem' to resource group 'General'
19:18:33: Added resource location '/usr/local/share/RainbruRPG/data/gui/imagesets/' of type 'FileSystem' to resource group 'General'
19:18:33: Added resource location '/usr/local/share/RainbruRPG/data/gui/looknfeel/' of type 'FileSystem' to resource group 'General'
19:18:33: Added resource location '/usr/local/share/RainbruRPG/data/gui/fonts/' of type 'FileSystem' to resource group 'General'
19:18:33: Added resource location '/usr/local/share/RainbruRPG/data/gui/overlays/' of type 'FileSystem' to resource group 'General'
19:18:33: Added resource location '/usr/local/share/RainbruRPG/data/gui/layouts/' of type 'FileSystem' to resource group 'General'
19:18:33: Added resource location '/usr/local/share/RainbruRPG/media/packs/OgreCore.zip' of type 'Zip' to resource group 'General'
19:18:33: Creating resource group PLSM2
19:18:33: Added resource location '/usr/local/share/RainbruRPG/mapdata/' of type 'FileSystem' to resource group 'PLSM2'
19:18:33: Added resource location '/usr/local/share/RainbruRPG/mapdata/terrains' of type 'FileSystem' to resource group 'PLSM2'
19:18:33: Added resource location '/usr/local/share/RainbruRPG/mapdata/materials/textures' of type 'FileSystem' to resource group 'PLSM2'
19:18:33: Added resource location '/usr/local/share/RainbruRPG/mapdata/materials' of type 'FileSystem' to resource group 'PLSM2'
19:18:33: Added resource location '/usr/local/share/RainbruRPG/mapdata/materials/scripts' of type 'FileSystem' to resource group 'PLSM2'
19:18:33: Added resource location '/usr/local/share/RainbruRPG/mapdata/models' of type 'FileSystem' to resource group 'PLSM2'
19:18:33: Initialising resource group Autodetect
19:18:33: Parsing scripts for resource group Autodetect
19:18:33: Finished parsing scripts for resource group Autodetect
19:18:33: Initialising resource group General
19:18:33: Parsing scripts for resource group General
19:18:33: Parsing script Example.material
19:18:33: Error at line 183 of Example.material: Error in program Examples/MorningSkyBoxHDRfp parameter entry_point is not valid.
19:18:33: Error at line 183 of Example.material: Error in program Examples/MorningSkyBoxHDRfp parameter profiles is not valid.
19:18:33: Error in material Examples/MorningSkyBox at line 211 of Example.material: Invalid vertex_program_ref entry - vertex program Ogre/BasicVertexPrograms/AmbientOneTexture has not been defined.
19:18:33: Error at line 234 of Example.material: Error in program Examples/MorningCubeMapHDRfp parameter entry_point is not valid.
19:18:33: Error at line 234 of Example.material: Error in program Examples/MorningCubeMapHDRfp parameter profiles is not valid.
19:18:33: Error in material Examples/Robot at line 697 of Example.material: Invalid vertex_program_ref entry - vertex program Ogre/HardwareSkinningOneWeight has not been defined.
19:18:33: Error in material Examples/Robot at line 709 of Example.material: Invalid shadow_caster_vertex_program_ref entry - vertex program Ogre/HardwareSkinningOneWeightShadowCaster has not been defined.
19:18:33: Error at line 757 of Example.material: Error in program Examples/GrassWaverVp parameter entry_point is not valid.
19:18:33: Error at line 757 of Example.material: Error in program Examples/GrassWaverVp parameter profiles is not valid.
19:18:33: Error in material Examples/HardwareMorphAnimation at line 844 of Example.material: Invalid vertex_program_ref entry - vertex program Ogre/HardwareMorphAnimation has not been defined.
19:18:33: Error in material Examples/HardwarePoseAnimation at line 879 of Example.material: Invalid vertex_program_ref entry - vertex program Ogre/HardwarePoseAnimation has not been defined.
19:18:33: Error in material jaiqua at line 987 of Example.material: Invalid vertex_program_ref entry - vertex program Ogre/HardwareSkinningTwoWeights has not been defined.
19:18:33: Error in material jaiqua at line 999 of Example.material: Invalid shadow_caster_vertex_program_ref entry - vertex program Ogre/HardwareSkinningTwoWeightsShadowCaster has not been defined.
19:18:33: Parsing script highlight.material
19:18:33: Parsing script OgreCore.material
19:18:33: Parsing script OgreProfiler.material
19:18:33: Parsing script Ogre.fontdef
19:18:33: Parsing script numDebug.overlay
19:18:33: Texture: New_Ogre_Border_Center.png: Loading 1 faces(PF_A8B8G8R8,256x128x1) with 8 hardware generated mipmaps from Image. Internal format is PF_A8R8G8B8,256x128x1.
19:18:34: Texture: New_Ogre_Border.png: Loading 1 faces(PF_A8B8G8R8,256x256x1) with 8 hardware generated mipmaps from Image. Internal format is PF_A8R8G8B8,256x256x1.
19:18:34: Texture: New_Ogre_Border_Break.png: Loading 1 faces(PF_A8B8G8R8,32x32x1) with 5 hardware generated mipmaps from Image. Internal format is PF_A8R8G8B8,32x32x1.
19:18:34: Font BlueHighwayusing texture size 512x512
19:18:34: Info: Freetype returned null for character 127 in font BlueHighway
19:18:34: Info: Freetype returned null for character 128 in font BlueHighway
19:18:34: Info: Freetype returned null for character 129 in font BlueHighway
19:18:34: Info: Freetype returned null for character 130 in font BlueHighway
19:18:34: Info: Freetype returned null for character 131 in font BlueHighway
19:18:34: Info: Freetype returned null for character 132 in font BlueHighway
19:18:34: Info: Freetype returned null for character 133 in font BlueHighway
19:18:34: Info: Freetype returned null for character 134 in font BlueHighway
19:18:34: Info: Freetype returned null for character 135 in font BlueHighway
19:18:34: Info: Freetype returned null for character 136 in font BlueHighway
19:18:34: Info: Freetype returned null for character 137 in font BlueHighway
19:18:34: Info: Freetype returned null for character 138 in font BlueHighway
19:18:34: Info: Freetype returned null for character 139 in font BlueHighway
19:18:34: Info: Freetype returned null for character 140 in font BlueHighway
19:18:34: Info: Freetype returned null for character 141 in font BlueHighway
19:18:34: Info: Freetype returned null for character 142 in font BlueHighway
19:18:34: Info: Freetype returned null for character 143 in font BlueHighway
19:18:34: Info: Freetype returned null for character 144 in font BlueHighway
19:18:34: Info: Freetype returned null for character 145 in font BlueHighway
19:18:34: Info: Freetype returned null for character 146 in font BlueHighway
19:18:34: Info: Freetype returned null for character 147 in font BlueHighway
19:18:34: Info: Freetype returned null for character 148 in font BlueHighway
19:18:34: Info: Freetype returned null for character 149 in font BlueHighway
19:18:34: Info: Freetype returned null for character 150 in font BlueHighway
19:18:34: Info: Freetype returned null for character 151 in font BlueHighway
19:18:34: Info: Freetype returned null for character 152 in font BlueHighway
19:18:34: Info: Freetype returned null for character 153 in font BlueHighway
19:18:34: Info: Freetype returned null for character 154 in font BlueHighway
19:18:34: Info: Freetype returned null for character 155 in font BlueHighway
19:18:34: Info: Freetype returned null for character 156 in font BlueHighway
19:18:34: Info: Freetype returned null for character 157 in font BlueHighway
19:18:34: Info: Freetype returned null for character 158 in font BlueHighway
19:18:34: Info: Freetype returned null for character 159 in font BlueHighway
19:18:34: Info: Freetype returned null for character 160 in font BlueHighway
19:18:34: Texture: BlueHighwayTexture: Loading 1 faces(PF_BYTE_LA,512x512x1) with  hardware generated mipmaps from Image. Internal format is PF_BYTE_LA,512x512x1.
19:18:34: Parsing script title.overlay
19:18:34: Parsing script OgreDebugPanel.overlay
19:18:34: Texture: ogretext.png: Loading 1 faces(PF_A8B8G8R8,256x128x1) with 8 hardware generated mipmaps from Image. Internal format is PF_A8R8G8B8,256x128x1.
19:18:34: Parsing script OgreLoadingPanel.overlay
19:18:34: Finished parsing scripts for resource group General
19:18:34: Initialising resource group Internal
19:18:34: Parsing scripts for resource group Internal
19:18:34: Finished parsing scripts for resource group Internal
19:18:34: Initialising resource group PLSM2
19:18:34: Parsing scripts for resource group PLSM2
19:18:34: Parsing script Splatting2.material
19:18:34: Parsing script PLSplattingShaderUnlitDecompress.material
19:18:34: Error in material PLSplattingShaderUnlitDecompress at line 13 of PLSplattingShaderUnlitDecompress.material: Invalid vertex_program_ref entry - vertex program PLDecompressUnlitVP2CG has not been defined.
19:18:34: Error in material PLSplattingShaderUnlitDecompress at line 19 of PLSplattingShaderUnlitDecompress.material: Invalid fragment_program_ref entry - fragment program PLSplatUnlitFP2CG has not been defined.
19:18:34: Error in material PLSplattingShaderUnlitDecompress at line 24 of PLSplattingShaderUnlitDecompress.material: Invalid shadow_receiver_vertex_program_ref entry - vertex program DecompressVertexShadowReceiver/VP has not been defined.
19:18:34: Error in material PLSplattingShaderUnlitDecompress at line 74 of PLSplattingShaderUnlitDecompress.material: Invalid vertex_program_ref entry - vertex program PLDecompressUnlitVP2CG has not been defined.
19:18:34: Error in material PLSplattingShaderUnlitDecompress at line 80 of PLSplattingShaderUnlitDecompress.material: Invalid fragment_program_ref entry - fragment program PLUnlitFP2CG has not been defined.
19:18:34: Error in material PLSplattingShaderUnlitDecompress at line 84 of PLSplattingShaderUnlitDecompress.material: Invalid shadow_receiver_vertex_program_ref entry - vertex program DecompressVertexShadowReceiver/VP has not been defined.
19:18:34: Parsing script Splatting.material
19:18:34: Parsing script Splatting6.material
19:18:34: Parsing script Splatting7.material
19:18:34: Parsing script colors.material
19:18:34: Parsing script PagingLandScape.material
19:18:34: Parsing script PagingLandScapeTemplate.material
19:18:34: Error in material ImagePagingLightDecompress at line 71 of PagingLandScapeTemplate.material: Invalid vertex_program_ref entry - vertex program DecompressVertex/VP has not been defined.
19:18:34: Error in material ImagePagingLightDecompress at line 86 of PagingLandScapeTemplate.material: Invalid shadow_receiver_vertex_program_ref entry - vertex program DecompressVertexShadowReceiver/VP has not been defined.
19:18:34: Error in material ImagePagingLightDecompress at line 101 of PagingLandScapeTemplate.material: Invalid fragment_program_ref entry - fragment program DecompressVertex/FP has not been defined.
19:18:34: Error in material ImagePagingLightDecompress at line 135 of PagingLandScapeTemplate.material: Invalid vertex_program_ref entry - vertex program DecompressVertexOnly/VP has not been defined.
19:18:34: Error in material ImagePagingLightDecompress at line 149 of PagingLandScapeTemplate.material: Invalid shadow_receiver_vertex_program_ref entry - vertex program DecompressVertexShadowReceiver/VP has not been defined.
19:18:34: Error in material ImagePagingDecompress at line 195 of PagingLandScapeTemplate.material: Invalid vertex_program_ref entry - vertex program DecompressVertex/VP has not been defined.
19:18:34: Error in material ImagePagingDecompress at line 210 of PagingLandScapeTemplate.material: Invalid shadow_receiver_vertex_program_ref entry - vertex program DecompressVertexShadowReceiver/VP has not been defined.
19:18:34: Error in material ImagePagingDecompress at line 225 of PagingLandScapeTemplate.material: Invalid fragment_program_ref entry - fragment program DecompressVertex/FP has not been defined.
19:18:34: Error in material ImagePagingDecompress at line 251 of PagingLandScapeTemplate.material: Invalid vertex_program_ref entry - vertex program DecompressVertexOnly/VP has not been defined.
19:18:34: Error in material ImagePagingDecompress at line 265 of PagingLandScapeTemplate.material: Invalid shadow_receiver_vertex_program_ref entry - vertex program DecompressVertexShadowReceiver/VP has not been defined.
19:18:34: Parsing script PLSplattingShaderLitDecompress.material
19:18:34: Error in material PLSplattingShaderLitDecompress at line 26 of PLSplattingShaderLitDecompress.material: Invalid vertex_program_ref entry - vertex program PLDecompressAmbientVPCG has not been defined.
19:18:34: Error in material PLSplattingShaderLitDecompress at line 35 of PLSplattingShaderLitDecompress.material: Invalid shadow_receiver_vertex_program_ref entry - vertex program DecompressVertexShadowReceiver/VP has not been defined.
19:18:34: Error in material PLSplattingShaderLitDecompress at line 67 of PLSplattingShaderLitDecompress.material: Invalid vertex_program_ref entry - vertex program PLDecompressDirectionalVP2CG has not been defined.
19:18:34: Error in material PLSplattingShaderLitDecompress at line 76 of PLSplattingShaderLitDecompress.material: Invalid fragment_program_ref entry - fragment program PLSplatDirectionalFP2CG has not been defined.
19:18:34: Error in material PLSplattingShaderLitDecompress at line 81 of PLSplattingShaderLitDecompress.material: Invalid shadow_receiver_vertex_program_ref entry - vertex program DecompressVertexShadowReceiver/VP has not been defined.
19:18:34: Error in material PLSplattingShaderLitDecompress at line 141 of PLSplattingShaderLitDecompress.material: Invalid vertex_program_ref entry - vertex program PLDecompressPointVP2MedCG has not been defined.
19:18:34: Error in material PLSplattingShaderLitDecompress at line 152 of PLSplattingShaderLitDecompress.material: Invalid fragment_program_ref entry - fragment program PLSplatPointFP2MedCG has not been defined.
19:18:34: Error in material PLSplattingShaderLitDecompress at line 160 of PLSplattingShaderLitDecompress.material: Invalid shadow_receiver_vertex_program_ref entry - vertex program DecompressVertexShadowReceiver/VP has not been defined.
19:18:34: Error in material PLSplattingShaderLitDecompress at line 231 of PLSplattingShaderLitDecompress.material: Invalid vertex_program_ref entry - vertex program PLDecompressAmbientVPCG has not been defined.
19:18:34: Error in material PLSplattingShaderLitDecompress at line 240 of PLSplattingShaderLitDecompress.material: Invalid shadow_receiver_vertex_program_ref entry - vertex program DecompressVertexShadowReceiver/VP has not been defined.
19:18:34: Error in material PLSplattingShaderLitDecompress at line 272 of PLSplattingShaderLitDecompress.material: Invalid vertex_program_ref entry - vertex program PLDecompressDirectionalVP2CG has not been defined.
19:18:34: Error in material PLSplattingShaderLitDecompress at line 281 of PLSplattingShaderLitDecompress.material: Invalid fragment_program_ref entry - fragment program PLDirectionalFP2CG has not been defined.
19:18:34: Error in material PLSplattingShaderLitDecompress at line 285 of PLSplattingShaderLitDecompress.material: Invalid shadow_receiver_vertex_program_ref entry - vertex program DecompressVertexShadowReceiver/VP has not been defined.
19:18:34: Error in material PLSplattingShaderLitDecompress at line 324 of PLSplattingShaderLitDecompress.material: Invalid vertex_program_ref entry - vertex program PLDecompressPointVP2MedCG has not been defined.
19:18:34: Error in material PLSplattingShaderLitDecompress at line 335 of PLSplattingShaderLitDecompress.material: Invalid fragment_program_ref entry - fragment program PLPointFP2MedCG has not been defined.
19:18:34: Error in material PLSplattingShaderLitDecompress at line 342 of PLSplattingShaderLitDecompress.material: Invalid shadow_receiver_vertex_program_ref entry - vertex program DecompressVertexShadowReceiver/VP has not been defined.
19:18:34: Parsing script SplattingShader.material
19:18:34: Error in material SplattingShaderDecompress at line 7 of SplattingShader.material: Invalid vertex_program_ref entry - vertex program DecompressSplatShadercg/VP has not been defined.
19:18:34: Error in material SplattingShaderDecompress at line 29 of SplattingShader.material: Invalid shadow_receiver_vertex_program_ref entry - vertex program DecompressVertexShadowReceiver/VP has not been defined.
19:18:34: Error in material SplattingShaderDecompress at line 43 of SplattingShader.material: Invalid fragment_program_ref entry - fragment program DecompressSplatShadercg/FP has not been defined.
19:18:34: Error in material SplattingShader at line 84 of SplattingShader.material: Invalid vertex_program_ref entry - vertex program SplatShadercg/VP has not been defined.
19:18:34: Error in material SplattingShader at line 100 of SplattingShader.material: Invalid shadow_receiver_vertex_program_ref entry - vertex program VertexShadowReceiver/VP has not been defined.
19:18:34: Error in material SplattingShader at line 107 of SplattingShader.material: Invalid fragment_program_ref entry - fragment program SplatShadercg/FP has not been defined.
19:18:34: Parsing script Splatting3.material
19:18:34: Parsing script BaseTexture.material
19:18:34: Error in material InstantBaseDecompress at line 92 of BaseTexture.material: Invalid vertex_program_ref entry - vertex program DecompressVertex/VP has not been defined.
19:18:34: Error in material InstantBaseDecompress at line 110 of BaseTexture.material: Invalid shadow_receiver_vertex_program_ref entry - vertex program DecompressVertexShadowReceiver/VP has not been defined.
19:18:34: Error in material InstantBaseDecompress at line 152 of BaseTexture.material: Invalid vertex_program_ref entry - vertex program DecompressVertexLighted/VP has not been defined.
19:18:34: Error in material InstantBaseDecompress at line 170 of BaseTexture.material: Invalid shadow_receiver_vertex_program_ref entry - vertex program DecompressVertexShadowReceiver/VP has not been defined.
19:18:34: Error in material InstantBaseDecompress at line 183 of BaseTexture.material: Invalid fragment_program_ref entry - fragment program DecompressVertexLighted/FP has not been defined.
19:18:34: Error in material InstantBaseShadowedDecompress at line 215 of BaseTexture.material: Invalid vertex_program_ref entry - vertex program DecompressVertexLighted/VP has not been defined.
19:18:34: Error in material InstantBaseShadowedDecompress at line 233 of BaseTexture.material: Invalid shadow_receiver_vertex_program_ref entry - vertex program DecompressVertexShadowReceiver/VP has not been defined.
19:18:34: Error in material InstantBaseShadowedDecompress at line 246 of BaseTexture.material: Invalid fragment_program_ref entry - fragment program DecompressVertexShadowed/FP has not been defined.
19:18:34: Parsing script PLSplattingShaderLit.material
19:18:34: Error in material PLSplattingShaderLit at line 25 of PLSplattingShaderLit.material: Invalid vertex_program_ref entry - vertex program PLAmbientVPCG has not been defined.
19:18:34: Error in material PLSplattingShaderLit at line 33 of PLSplattingShaderLit.material: Invalid shadow_receiver_vertex_program_ref entry - vertex program VertexShadowReceiver/VP has not been defined.
19:18:34: Error in material PLSplattingShaderLit at line 58 of PLSplattingShaderLit.material: Invalid vertex_program_ref entry - vertex program PLDirectionalVP2CG has not been defined.
19:18:34: Error in material PLSplattingShaderLit at line 66 of PLSplattingShaderLit.material: Invalid fragment_program_ref entry - fragment program PLSplatDirectionalFP2CG has not been defined.
19:18:34: Error in material PLSplattingShaderLit at line 71 of PLSplattingShaderLit.material: Invalid shadow_receiver_vertex_program_ref entry - vertex program VertexShadowReceiver/VP has not been defined.
19:18:34: Error in material PLSplattingShaderLit at line 124 of PLSplattingShaderLit.material: Invalid vertex_program_ref entry - vertex program PLPointVP2MedCG has not been defined.
19:18:34: Error in material PLSplattingShaderLit at line 134 of PLSplattingShaderLit.material: Invalid fragment_program_ref entry - fragment program PLSplatPointFP2MedCG has not been defined.
19:18:34: Error in material PLSplattingShaderLit at line 142 of PLSplattingShaderLit.material: Invalid shadow_receiver_vertex_program_ref entry - vertex program VertexShadowReceiver/VP has not been defined.
19:18:34: Error in material PLSplattingShaderLit at line 206 of PLSplattingShaderLit.material: Invalid vertex_program_ref entry - vertex program PLAmbientVPCG has not been defined.
19:18:34: Error in material PLSplattingShaderLit at line 214 of PLSplattingShaderLit.material: Invalid shadow_receiver_vertex_program_ref entry - vertex program VertexShadowReceiver/VP has not been defined.
19:18:34: Error in material PLSplattingShaderLit at line 239 of PLSplattingShaderLit.material: Invalid vertex_program_ref entry - vertex program PLDirectionalVP2CG has not been defined.
19:18:34: Error in material PLSplattingShaderLit at line 247 of PLSplattingShaderLit.material: Invalid fragment_program_ref entry - fragment program PLDirectionalFP2CG has not been defined.
19:18:34: Error in material PLSplattingShaderLit at line 251 of PLSplattingShaderLit.material: Invalid shadow_receiver_vertex_program_ref entry - vertex program VertexShadowReceiver/VP has not been defined.
19:18:34: Error in material PLSplattingShaderLit at line 283 of PLSplattingShaderLit.material: Invalid vertex_program_ref entry - vertex program PLPointVP2MedCG has not been defined.
19:18:34: Error in material PLSplattingShaderLit at line 293 of PLSplattingShaderLit.material: Invalid fragment_program_ref entry - fragment program PLPointFP2MedCG has not been defined.
19:18:34: Error in material PLSplattingShaderLit at line 300 of PLSplattingShaderLit.material: Invalid shadow_receiver_vertex_program_ref entry - vertex program VertexShadowReceiver/VP has not been defined.
19:18:34: Parsing script Splatting4.material
19:18:34: Parsing script PLSplattingShaderUnlit.material
19:18:34: Error in material PLSplattingShaderUnlit at line 13 of PLSplattingShaderUnlit.material: Invalid vertex_program_ref entry - vertex program PLUnlitVP2CG has not been defined.
19:18:34: Error in material PLSplattingShaderUnlit at line 18 of PLSplattingShaderUnlit.material: Invalid fragment_program_ref entry - fragment program PLSplatUnlitFP2CG has not been defined.
19:18:34: Error in material PLSplattingShaderUnlit at line 23 of PLSplattingShaderUnlit.material: Invalid shadow_receiver_vertex_program_ref entry - vertex program VertexShadowReceiver/VP has not been defined.
19:18:34: Error in material PLSplattingShaderUnlit at line 66 of PLSplattingShaderUnlit.material: Invalid vertex_program_ref entry - vertex program PLUnlitVP2CG has not been defined.
19:18:34: Error in material PLSplattingShaderUnlit at line 71 of PLSplattingShaderUnlit.material: Invalid fragment_program_ref entry - fragment program PLUnlitFP2CG has not been defined.
19:18:34: Error in material PLSplattingShaderUnlit at line 75 of PLSplattingShaderUnlit.material: Invalid shadow_receiver_vertex_program_ref entry - vertex program VertexShadowReceiver/VP has not been defined.
19:18:34: Parsing script Splatting5.material
19:18:34: Error in material Splatting5Decompress at line 7 of Splatting5.material: Invalid vertex_program_ref entry - vertex program DecompressSplatcg/VP has not been defined.
19:18:34: Error in material Splatting5Decompress at line 38 of Splatting5.material: Invalid shadow_receiver_vertex_program_ref entry - vertex program DecompressVertexShadowReceiver/VP has not been defined.
19:18:34: Error in material Splatting5Decompress at line 53 of Splatting5.material: Invalid fragment_program_ref entry - fragment program DecompressSplatcg/FP has not been defined.
19:18:34: Error in material Splatting5 at line 89 of Splatting5.material: Invalid vertex_program_ref entry - vertex program Splatcg/VP has not been defined.
19:18:34: Error in material Splatting5 at line 110 of Splatting5.material: Invalid shadow_receiver_vertex_program_ref entry - vertex program VertexShadowReceiver/VP has not been defined.
19:18:34: Error in material Splatting5 at line 118 of Splatting5.material: Invalid fragment_program_ref entry - fragment program Splatcg/FP has not been defined.
19:18:34: Parsing script MyTree.material
19:18:34: Parsing script MapEditor-Circle.material
19:18:34: Finished parsing scripts for resource group PLSM2
19:18:34: Creating viewport on target 'RainbruRPG2', rendering from camera 'PlayerCam', relative dimensions L: 0.00 T: 0.00 W: 1.00 H: 1.00 ZOrder: 0
19:18:34: Viewport for camera 'PlayerCam', actual dimensions L: 0 T: 0 W: 640 H: 480
19:18:34: Texture: TaharezLook.tga: Loading 1 faces(PF_A8R8G8B8,256x256x1) with  hardware generated mipmaps from Image. Internal format is PF_A8R8G8B8,256x256x1.
19:18:34: Texture: vanilla.tga: Loading 1 faces(PF_A8R8G8B8,128x128x1) with  hardware generated mipmaps from Image. Internal format is PF_A8R8G8B8,128x128x1.
19:18:34: Texture: staticmenu.jpg: Loading 1 faces(PF_B8G8R8,256x256x1) with 5 hardware generated mipmaps from Image. Internal format is PF_X8R8G8B8,256x256x1.
19:18:34: Texture: dynamicmenu.jpg: Loading 1 faces(PF_B8G8R8,256x256x1) with 5 hardware generated mipmaps from Image. Internal format is PF_X8R8G8B8,256x256x1.
19:18:34: Texture: border.jpg: Loading 1 faces(PF_B8G8R8,47x256x1) with 5 hardware generated mipmaps from Image. Internal format is PF_X8R8G8B8,64x256x1.
19:18:34: Texture: _cegui_ogre_0: Loading 1 faces(PF_A8R8G8B8,256x256x1) with  hardware generated mipmaps from Image. Internal format is PF_A8R8G8B8,256x256x1.
19:18:41: Creating viewport on target 'RainbruRPG2', rendering from camera 'PlayerCam', relative dimensions L: 0.00 T: 0.00 W: 1.00 H: 1.00 ZOrder: 0
19:18:41: Viewport for camera 'PlayerCam', actual dimensions L: 0 T: 0 W: 640 H: 480
19:18:41: Initialising resource group PLSM2
19:18:41: Added resource location '/usr/local/share/RainbruRPG/mapdata/terrains/hf129_3' of type 'FileSystem' to resource group 'PLSM2'
19:18:41: Initialising resource group PLSM2
19:18:41: Texture: clouds.jpg: Loading 1 faces(PF_B8G8R8,256x256x1) with 8 hardware generated mipmaps from Image. Internal format is PF_X8R8G8B8,256x256x1.
19:18:41: Texture: hf129_3.Base.0.0.png: Loading 1 faces(PF_B8G8R8,512x512x1) with 5 hardware generated mipmaps from Image. Internal format is PF_X8R8G8B8,512x512x1.
19:18:42: Texture: Detail3.jpg: Loading 1 faces(PF_B8G8R8,512x512x1) with 9 hardware generated mipmaps from Image. Internal format is PF_X8R8G8B8,512x512x1.
19:18:42: Texture: hf129_3.Light.0.0.png: Loading 1 faces(PF_L8,512x512x1) with 5 hardware generated mipmaps from Image. Internal format is PF_L8,512x512x1.
