23:53:37: Creating resource group General
23:53:37: Registering ResourceManager for type Material
23:53:37: Registering ResourceManager for type Mesh
23:53:37: Registering ResourceManager for type Skeleton
23:53:37: Loading library libOgrePlatform.so
23:53:37: OverlayElementFactory for type Panel registered.
23:53:37: OverlayElementFactory for type BorderPanel registered.
23:53:37: OverlayElementFactory for type TextArea registered.
23:53:37: Registering ResourceManager for type Font
23:53:37: ArchiveFactory for archive type FileSystem registered.
23:53:37: ArchiveFactory for archive type Zip registered.
23:53:37: DevIL version: Developer's Image Library (DevIL) 1.6.7 May  9 2006
23:53:37: DevIL image formats: bmp dib cut dcx dds gif hdr ico cur jpg jpe jpeg lif mdl mng jng pcx pic pix png pbm pgm pnm ppm psd pdd psp pxr sgi bw rgb rgba tga vda icb vst tif tiff wal xpm raw 
23:53:37: Registering ResourceManager for type HighLevelGpuProgram
23:53:37: Loading library /usr/lib/OGRE/RenderSystem_GL
23:53:37: OpenGL Rendering Subsystem created.
23:53:37: Loading library /usr/lib/OGRE/Plugin_ParticleFX
23:53:37: Particle Emitter Type 'Point' registered
23:53:37: Particle Emitter Type 'Box' registered
23:53:37: Particle Emitter Type 'Ellipsoid' registered
23:53:37: Particle Emitter Type 'Cylinder' registered
23:53:37: Particle Emitter Type 'Ring' registered
23:53:37: Particle Emitter Type 'HollowEllipsoid' registered
23:53:37: Particle Affector Type 'LinearForce' registered
23:53:37: Particle Affector Type 'ColourFader' registered
23:53:37: Particle Affector Type 'ColourFader2' registered
23:53:37: Particle Affector Type 'ColourImage' registered
23:53:37: Particle Affector Type 'ColourInterpolator' registered
23:53:37: Particle Affector Type 'Scaler' registered
23:53:37: Particle Affector Type 'Rotator' registered
23:53:37: Loading library /usr/lib/OGRE/Plugin_BSPSceneManager
23:53:37: Registering ResourceManager for type BspLevel
23:53:37: Loading library /usr/lib/OGRE/Plugin_OctreeSceneManager
23:53:37: TerrainSceneManager: Registered a new PageSource for type Heightmap
23:53:37: *-*-* OGRE Initialising
23:53:37: *-*-* Version 1.0.6 (Azathoth)
23:53:42: ******************************
*** Starting GLX Subsystem ***
******************************
23:53:42: GLRenderSystem::createRenderWindow "RainbruRPG", 640x480 windowed  miscParams: FSAA=0 title=RainbruRPG 
23:53:42: GLXWindow::create -- Best visual is 37
23:53:42: An exception has been thrown!

-----------------------------------
Details:
-----------------------------------
Error #: 8
Function: ResourceGroupManager::openResource
Description: Cannot locate resource GLX_icon.png in resource group General.. 
File: OgreResourceGroupManager.cpp
Line: 501
Stack unwinding: <<beginning of stack>>
23:53:43: GL_VERSION = 1.2 Mesa 6.5.1
23:53:43: GL_VENDOR = VA Linux Systems Inc.
23:53:43: GL_RENDERER = Mesa DRI G400 20050609 AGP 1x
23:53:43: GL_EXTENSIONS = GL_ARB_multisample GL_ARB_multitexture GL_ARB_texture_compression GL_ARB_texture_env_add GL_ARB_texture_env_combine GL_ARB_texture_env_crossbar GL_ARB_texture_rectangle GL_ARB_transpose_matrix GL_ARB_vertex_program GL_ARB_window_pos GL_EXT_abgr GL_EXT_bgra GL_EXT_blend_logic_op GL_EXT_clip_volume_hint GL_EXT_compiled_vertex_array GL_EXT_copy_texture GL_EXT_draw_range_elements GL_EXT_fog_coord GL_EXT_multi_draw_arrays GL_EXT_packed_pixels GL_EXT_polygon_offset GL_EXT_rescale_normal GL_EXT_secondary_color GL_EXT_separate_specular_color GL_EXT_stencil_wrap GL_EXT_subtexture GL_EXT_texture GL_EXT_texture3D GL_EXT_texture_edge_clamp GL_EXT_texture_env_add GL_EXT_texture_env_combine GL_EXT_texture_object GL_EXT_texture_rectangle GL_EXT_vertex_array GL_APPLE_packed_pixels GL_ATI_texture_env_combine3 GL_IBM_rasterpos_clip GL_MESA_ycbcr_texture GL_MESA_window_pos GL_NV_light_max_exponent GL_NV_texture_rectangle GL_NV_texgen_reflection GL_NV_vertex_program GL_NV_vertex_program1_1 GL_OES_read_format GL_SGIS_generate_mipmap GL_SGIS_texture_edge_clamp GL_SGIS_texture_lod GL_SUN_multi_draw_arrays
23:53:43: ***************************
*** GL Renderer Started ***
***************************
23:53:43: Registering ResourceManager for type GpuProgram
23:53:43: RenderSystem capabilities
23:53:43: -------------------------
23:53:43:  * Hardware generation of mipmaps: yes
23:53:43:  * Texture blending: yes
23:53:43:  * Anisotropic texture filtering: no
23:53:43:  * Dot product texture operation: no
23:53:43:  * Cube mapping: no
23:53:43:  * Hardware stencil buffer: yes
23:53:43:    - Stencil depth: 8
23:53:43:    - Two sided stencil support: no
23:53:43:    - Wrap stencil values: yes
23:53:43:  * Hardware vertex / index buffers: no
23:53:43:  * Vertex programs: yes
23:53:43:    - Max vertex program version: arbvp1
23:53:43:  * Fragment programs: no
23:53:43:  * Texture Compression: yes
23:53:43:    - DXT: no
23:53:43:    - VTC: no
23:53:43:  * Scissor Rectangle: yes
23:53:43:  * Hardware Occlusion Query: no
23:53:43:  * User clip planes: yes
23:53:43:  * VET_UBYTE4 vertex element type: yes
23:53:43:  * Infinite far plane projection: yes
23:53:43:  * Hardware render-to-texture: yes
23:53:43:  * Floating point textures: no
23:53:43:  * Non-power-of-two textures: no
23:53:43:  * Volume textures: yes
23:53:43: Registering ResourceManager for type Texture
23:53:43: ResourceBackgroundQueue - threading disabled
23:53:43: Particle Renderer Type 'billboard' registered
23:53:43: Creating viewport on target 'RainbruRPG', rendering from camera 'PlayerCam', relative dimensions L: 0.00 T: 0.00 W: 1.00 H: 1.00 ZOrder: 0
23:53:43: Viewport for camera 'PlayerCam', actual dimensions L: 0 T: 0 W: 640 H: 480
23:53:43: Added resource location '../data/gui/schemes/' of type 'FileSystem' to resource group 'General'
23:53:43: Added resource location '../data/gui/imagesets/' of type 'FileSystem' to resource group 'General'
23:53:43: Added resource location '../data/gui/fonts' of type 'FileSystem' to resource group 'General'
23:53:43: Added resource location '../data/gui/looknfeel' of type 'FileSystem' to resource group 'General'
23:53:43: Added resource location '../data/gui/layouts' of type 'FileSystem' to resource group 'General'
23:53:43: Parsing scripts for resource group General
23:53:43: Finished parsing scripts for resource group General
23:53:43: Texture: TaharezLook.tga: Loading 1 faces(PF_A8R8G8B8,256x256x1) with  hardware generated mipmaps from Image. Internal format is PF_A8R8G8B8,256x256x1.
