17:45:50: Creating resource group General
17:45:50: Creating resource group Internal
17:45:50: Creating resource group Autodetect
17:45:50: Registering ResourceManager for type Material
17:45:50: Registering ResourceManager for type Mesh
17:45:50: Registering ResourceManager for type Skeleton
17:45:50: MovableObjectFactory for type 'ParticleSystem' registered.
17:45:50: Loading library libOgrePlatform.so
17:45:50: OverlayElementFactory for type Panel registered.
17:45:50: OverlayElementFactory for type BorderPanel registered.
17:45:50: OverlayElementFactory for type TextArea registered.
17:45:50: Registering ResourceManager for type Font
17:45:50: ArchiveFactory for archive type FileSystem registered.
17:45:50: ArchiveFactory for archive type Zip registered.
17:45:50: DevIL version: Developer's Image Library (DevIL) 1.6.7 May  9 2006
17:45:50: DevIL image formats: bmp dib cut dcx dds gif hdr ico cur jpg jpe jpeg lif mdl mng jng pcx pic pix png pbm pgm pnm ppm psd pdd psp pxr sgi bw rgb rgba tga vda icb vst tif tiff wal xpm raw 
17:45:50: Registering ResourceManager for type HighLevelGpuProgram
17:45:50: Registering ResourceManager for type Compositor
17:45:50: MovableObjectFactory for type 'Entity' registered.
17:45:50: MovableObjectFactory for type 'Light' registered.
17:45:50: MovableObjectFactory for type 'BillboardSet' registered.
17:45:50: MovableObjectFactory for type 'ManualObject' registered.
17:45:50: MovableObjectFactory for type 'BillboardChain' registered.
17:45:50: MovableObjectFactory for type 'RibbonTrail' registered.
17:45:50: Loading library /usr/local/lib/OGRE/RenderSystem_GL
17:45:51: OpenGL Rendering Subsystem created.
17:45:51: Loading library /usr/local/lib/OGRE/Plugin_ParticleFX
17:45:51: Particle Emitter Type 'Point' registered
17:45:51: Particle Emitter Type 'Box' registered
17:45:51: Particle Emitter Type 'Ellipsoid' registered
17:45:51: Particle Emitter Type 'Cylinder' registered
17:45:51: Particle Emitter Type 'Ring' registered
17:45:51: Particle Emitter Type 'HollowEllipsoid' registered
17:45:51: Particle Affector Type 'LinearForce' registered
17:45:51: Particle Affector Type 'ColourFader' registered
17:45:51: Particle Affector Type 'ColourFader2' registered
17:45:51: Particle Affector Type 'ColourImage' registered
17:45:51: Particle Affector Type 'ColourInterpolator' registered
17:45:51: Particle Affector Type 'Scaler' registered
17:45:51: Particle Affector Type 'Rotator' registered
17:45:51: Particle Affector Type 'DirectionRandomiser' registered
17:45:51: Particle Affector Type 'DeflectorPlane' registered
17:45:51: Loading library /usr/local/lib/OGRE/Plugin_BSPSceneManager
17:45:51: Registering ResourceManager for type BspLevel
17:45:51: Loading library /usr/local/lib/OGRE/Plugin_OctreeSceneManager
17:45:51: Loading library /usr/local/lib/OGRE/Plugin_PagingLandScape2
17:45:51: *-*-* OGRE Initialising
17:45:51: *-*-* Version 1.2.4 (Dagon)
17:45:51: Added resource location './' of type 'FileSystem' to resource group 'General'
17:45:51: Added resource location '../config/' of type 'FileSystem' to resource group 'General'
17:45:51: Added resource location '../data' of type 'FileSystem' to resource group 'General'
17:45:51: Added resource location '../media/' of type 'FileSystem' to resource group 'General'
17:45:51: Added resource location '../media/materials/textures' of type 'FileSystem' to resource group 'General'
17:45:51: Added resource location '../media/materials/programs' of type 'FileSystem' to resource group 'General'
17:45:51: Added resource location '../media/materials/scripts' of type 'FileSystem' to resource group 'General'
17:45:51: Added resource location '../media/models' of type 'FileSystem' to resource group 'General'
17:45:51: Added resource location '../media/fonts' of type 'FileSystem' to resource group 'General'
17:45:51: Added resource location '../data/gui/overlays/' of type 'FileSystem' to resource group 'General'
17:45:51: Added resource location '../data/gui/fonts/' of type 'FileSystem' to resource group 'General'
17:45:51: Added resource location '../data/gui/XMLRefSchema/' of type 'FileSystem' to resource group 'General'
17:45:51: Added resource location '../data/gui/schemes/' of type 'FileSystem' to resource group 'General'
17:45:51: Added resource location '../data/gui/imagesets/' of type 'FileSystem' to resource group 'General'
17:45:51: Added resource location '../data/gui/looknfeel/' of type 'FileSystem' to resource group 'General'
17:45:51: Added resource location '../data/gui/layouts/' of type 'FileSystem' to resource group 'General'
17:45:51: Added resource location '../media/packs/OgreCore.zip' of type 'Zip' to resource group 'General'
17:45:51: Added resource location '../media/packs/ogretestmap.zip' of type 'Zip' to resource group 'General'
17:45:51: Added resource location '../media/packs/skybox.zip' of type 'Zip' to resource group 'General'
17:45:51: Added resource location '../media/packs/dragon.zip' of type 'Zip' to resource group 'General'
17:45:51: Creating resource group PLSM2
17:45:51: Added resource location '../mapdata/' of type 'FileSystem' to resource group 'PLSM2'
17:45:51: Added resource location '../mapdata/terrains' of type 'FileSystem' to resource group 'PLSM2'
17:45:51: Added resource location '../mapdata/terrains/gcanyon_height_4k2k' of type 'FileSystem' to resource group 'PLSM2'
17:45:51: Added resource location '../mapdata/materials' of type 'FileSystem' to resource group 'PLSM2'
17:45:52: Added resource location '../mapdata/materials/programs' of type 'FileSystem' to resource group 'PLSM2'
17:45:52: Added resource location '../mapdata/materials/scripts' of type 'FileSystem' to resource group 'PLSM2'
17:45:52: Added resource location '../mapdata/materials/textures' of type 'FileSystem' to resource group 'PLSM2'
17:45:52: Added resource location '../mapdata/models' of type 'FileSystem' to resource group 'PLSM2'
17:45:52: Added resource location '../mapdata/gui' of type 'FileSystem' to resource group 'PLSM2'
17:45:52: Added resource location '../mapdata/datasrcs' of type 'FileSystem' to resource group 'PLSM2'
17:45:52: ******************************
*** Starting GLX Subsystem ***
******************************
17:45:52: ResourceBackgroundQueue - threading disabled
17:45:52: GLRenderSystem::createRenderWindow "View", 722x515 fullscreen  miscParams: parentWindowHandle=134851168:0:50331709 
17:45:52: GLXWindow::create
17:45:52: Parsing miscParams
17:45:52: GLXWindow::create -- Best visual is 35
17:45:53: GL_VERSION = 1.3 Mesa 6.5.1
17:45:53: GL_VENDOR = Tungsten Graphics, Inc.
17:45:53: GL_RENDERER = Mesa DRI R300 20060815 AGP 1x TCL
17:45:53: GL_EXTENSIONS = GL_ARB_fragment_program GL_ARB_imaging GL_ARB_multisample GL_ARB_multitexture GL_ARB_texture_border_clamp GL_ARB_texture_compression GL_ARB_texture_cube_map GL_ARB_texture_env_add GL_ARB_texture_env_combine GL_ARB_texture_env_crossbar GL_ARB_texture_env_dot3 GL_MESAX_texture_float GL_ARB_texture_mirrored_repeat GL_ARB_texture_rectangle GL_ARB_transpose_matrix GL_ARB_vertex_buffer_object GL_ARB_vertex_program GL_ARB_window_pos GL_EXT_abgr GL_EXT_bgra GL_EXT_blend_color GL_EXT_blend_equation_separate GL_EXT_blend_func_separate GL_EXT_blend_minmax GL_EXT_blend_subtract GL_EXT_clip_volume_hint GL_EXT_compiled_vertex_array GL_EXT_convolution GL_EXT_copy_texture GL_EXT_draw_range_elements GL_EXT_gpu_program_parameters GL_EXT_histogram GL_EXT_packed_pixels GL_EXT_polygon_offset GL_EXT_rescale_normal GL_EXT_secondary_color GL_EXT_separate_specular_color GL_EXT_stencil_wrap GL_EXT_subtexture GL_EXT_texture GL_EXT_texture3D GL_EXT_texture_edge_clamp GL_EXT_texture_env_add GL_EXT_texture_env_combine GL_EXT_texture_env_dot3 GL_EXT_texture_filter_anisotropic GL_EXT_texture_lod_bias GL_EXT_texture_mirror_clamp GL_EXT_texture_object GL_EXT_texture_rectangle GL_EXT_vertex_array GL_APPLE_packed_pixels GL_ATI_blend_equation_separate GL_ATI_texture_env_combine3 GL_ATI_texture_mirror_once GL_IBM_rasterpos_clip GL_IBM_texture_mirrored_repeat GL_INGR_blend_func_separate GL_MESA_pack_invert GL_MESA_ycbcr_texture GL_MESA_window_pos GL_NV_blend_square GL_NV_light_max_exponent GL_NV_texture_rectangle GL_NV_texgen_reflection GL_NV_vertex_program GL_OES_read_format GL_SGI_color_matrix GL_SGI_color_table GL_SGIS_generate_mipmap GL_SGIS_texture_border_clamp GL_SGIS_texture_edge_clamp GL_SGIS_texture_lod
17:45:53: ***************************
*** GL Renderer Started ***
***************************
17:45:53: Registering ResourceManager for type GpuProgram
17:45:53: GL: Using PBuffers for rendering to textures
17:45:53: RenderSystem capabilities
17:45:53: -------------------------
17:45:53:  * Hardware generation of mipmaps: yes
17:45:53:  * Texture blending: yes
17:45:53:  * Anisotropic texture filtering: yes
17:45:53:  * Dot product texture operation: yes
17:45:53:  * Cube mapping: yes
17:45:53:  * Hardware stencil buffer: yes
17:45:53:    - Stencil depth: 8
17:45:53:    - Two sided stencil support: no
17:45:53:    - Wrap stencil values: yes
17:45:53:  * Hardware vertex / index buffers: yes
17:45:53:  * Vertex programs: yes
17:45:53:    - Max vertex program version: arbvp1
17:45:53:  * Fragment programs: yes
17:45:53:    - Max fragment program version: arbfp1
17:45:53:  * Texture Compression: yes
17:45:53:    - DXT: no
17:45:53:    - VTC: no
17:45:53:  * Scissor Rectangle: yes
17:45:53:  * Hardware Occlusion Query: no
17:45:53:  * User clip planes: yes
17:45:53:  * VET_UBYTE4 vertex element type: yes
17:45:53:  * Infinite far plane projection: yes
17:45:53:  * Hardware render-to-texture: yes
17:45:53:  * Floating point textures: no
17:45:53:  * Non-power-of-two textures: no
17:45:53:  * Volume textures: yes
17:45:53:  * Multiple Render Targets: 1
17:45:53:  * Point Sprites: no
17:45:53:  * Extended point parameters: no
17:45:53:  * Max Point Size: 20
17:45:53: Registering ResourceManager for type Texture
17:45:53: Particle Renderer Type 'billboard' registered
17:45:53: Initialising resource group PLSM2
17:45:53: Parsing scripts for resource group PLSM2
17:45:53: Parsing script DecompressSplat.program
17:45:53: Error at line 7 of DecompressSplat.program: Error in program DecompressSplatcg/VP parameter entry_point is not valid.
17:45:53: Error at line 7 of DecompressSplat.program: Error in program DecompressSplatcg/VP parameter profiles is not valid.
17:45:53: Error at line 14 of DecompressSplat.program: Error in program DecompressSplatcg/FP parameter entry_point is not valid.
17:45:53: Error at line 14 of DecompressSplat.program: Error in program DecompressSplatcg/FP parameter profiles is not valid.
17:45:53: Parsing script ShadowReceiver.program
17:45:53: Error at line 7 of ShadowReceiver.program: Error in program VertexShadowReceiver/VP parameter entry_point is not valid.
17:45:53: Error at line 7 of ShadowReceiver.program: Error in program VertexShadowReceiver/VP parameter profiles is not valid.
17:45:53: Parsing script DecompressVertex.program
17:45:53: Error at line 7 of DecompressVertex.program: Error in program DecompressVertex/VP parameter entry_point is not valid.
17:45:53: Error at line 7 of DecompressVertex.program: Error in program DecompressVertex/VP parameter profiles is not valid.
17:45:53: Error at line 15 of DecompressVertex.program: Error in program DecompressVertexLighted/VP parameter entry_point is not valid.
17:45:53: Error at line 15 of DecompressVertex.program: Error in program DecompressVertexLighted/VP parameter profiles is not valid.
17:45:53: Error at line 22 of DecompressVertex.program: Error in program DecompressVertexOnly/VP parameter entry_point is not valid.
17:45:53: Error at line 22 of DecompressVertex.program: Error in program DecompressVertexOnly/VP parameter profiles is not valid.
17:45:53: Error at line 29 of DecompressVertex.program: Error in program DecompressVertex/FP parameter entry_point is not valid.
17:45:53: Error at line 29 of DecompressVertex.program: Error in program DecompressVertex/FP parameter profiles is not valid.
17:45:53: Error at line 36 of DecompressVertex.program: Error in program DecompressVertexLighted/FP parameter entry_point is not valid.
17:45:53: Error at line 36 of DecompressVertex.program: Error in program DecompressVertexLighted/FP parameter profiles is not valid.
17:45:53: Error at line 42 of DecompressVertex.program: Error in program DecompressVertexShadowed/FP parameter entry_point is not valid.
17:45:53: Error at line 42 of DecompressVertex.program: Error in program DecompressVertexShadowed/FP parameter profiles is not valid.
17:45:53: Parsing script Splat.program
17:45:53: Error at line 7 of Splat.program: Error in program Splatcg/VP parameter entry_point is not valid.
17:45:53: Error at line 7 of Splat.program: Error in program Splatcg/VP parameter profiles is not valid.
17:45:53: Error at line 14 of Splat.program: Error in program Splatcg/FP parameter entry_point is not valid.
17:45:53: Error at line 14 of Splat.program: Error in program Splatcg/FP parameter profiles is not valid.
17:45:53: Parsing script SplatShader.program
17:45:53: Error at line 7 of SplatShader.program: Error in program SplatShadercg/VP parameter entry_point is not valid.
17:45:53: Error at line 7 of SplatShader.program: Error in program SplatShadercg/VP parameter profiles is not valid.
17:45:53: Error at line 14 of SplatShader.program: Error in program SplatShadercg/FP parameter entry_point is not valid.
17:45:53: Error at line 14 of SplatShader.program: Error in program SplatShadercg/FP parameter profiles is not valid.
17:45:53: Parsing script PLShaders.program
17:45:53: Error at line 6 of PLShaders.program: Error in program PLDecompressAmbientVPCG parameter entry_point is not valid.
17:45:53: Error at line 6 of PLShaders.program: Error in program PLDecompressAmbientVPCG parameter profiles is not valid.
17:45:53: Error at line 13 of PLShaders.program: Error in program PLDecompressDirectionalVP2CG parameter entry_point is not valid.
17:45:53: Error at line 13 of PLShaders.program: Error in program PLDecompressDirectionalVP2CG parameter profiles is not valid.
17:45:53: Error at line 20 of PLShaders.program: Error in program PLDecompressPointVP2HighCG parameter entry_point is not valid.
17:45:53: Error at line 20 of PLShaders.program: Error in program PLDecompressPointVP2HighCG parameter profiles is not valid.
17:45:53: Error at line 27 of PLShaders.program: Error in program PLDecompressPointVP2MedCG parameter entry_point is not valid.
17:45:53: Error at line 27 of PLShaders.program: Error in program PLDecompressPointVP2MedCG parameter profiles is not valid.
17:45:53: Error at line 34 of PLShaders.program: Error in program PLAmbientVPCG parameter entry_point is not valid.
17:45:53: Error at line 34 of PLShaders.program: Error in program PLAmbientVPCG parameter profiles is not valid.
17:45:53: Error at line 41 of PLShaders.program: Error in program PLDirectionalVP2CG parameter entry_point is not valid.
17:45:53: Error at line 41 of PLShaders.program: Error in program PLDirectionalVP2CG parameter profiles is not valid.
17:45:53: Error at line 48 of PLShaders.program: Error in program PLPointVP2HighCG parameter entry_point is not valid.
17:45:53: Error at line 48 of PLShaders.program: Error in program PLPointVP2HighCG parameter profiles is not valid.
17:45:53: Error at line 55 of PLShaders.program: Error in program PLPointVP2MedCG parameter entry_point is not valid.
17:45:53: Error at line 55 of PLShaders.program: Error in program PLPointVP2MedCG parameter profiles is not valid.
17:45:53: Error at line 62 of PLShaders.program: Error in program PLUnlitVP2CG parameter entry_point is not valid.
17:45:53: Error at line 62 of PLShaders.program: Error in program PLUnlitVP2CG parameter profiles is not valid.
17:45:53: Error at line 69 of PLShaders.program: Error in program PLDecompressUnlitVP2CG parameter entry_point is not valid.
17:45:53: Error at line 69 of PLShaders.program: Error in program PLDecompressUnlitVP2CG parameter profiles is not valid.
17:45:53: Error at line 76 of PLShaders.program: Error in program PLSplatPointFP2MedCG parameter entry_point is not valid.
17:45:53: Error at line 76 of PLShaders.program: Error in program PLSplatPointFP2MedCG parameter profiles is not valid.
17:45:53: Error at line 83 of PLShaders.program: Error in program PLSplatPointFP2HighCG parameter entry_point is not valid.
17:45:53: Error at line 83 of PLShaders.program: Error in program PLSplatPointFP2HighCG parameter profiles is not valid.
17:45:53: Error at line 90 of PLShaders.program: Error in program PLSplatDirectionalFP2CG parameter entry_point is not valid.
17:45:53: Error at line 90 of PLShaders.program: Error in program PLSplatDirectionalFP2CG parameter profiles is not valid.
17:45:53: Error at line 97 of PLShaders.program: Error in program PLPointFP2MedCG parameter entry_point is not valid.
17:45:53: Error at line 97 of PLShaders.program: Error in program PLPointFP2MedCG parameter profiles is not valid.
17:45:53: Error at line 104 of PLShaders.program: Error in program PLPointFP2HighCG parameter entry_point is not valid.
17:45:53: Error at line 104 of PLShaders.program: Error in program PLPointFP2HighCG parameter profiles is not valid.
17:45:53: Error at line 111 of PLShaders.program: Error in program PLDirectionalFP2CG parameter entry_point is not valid.
17:45:53: Error at line 111 of PLShaders.program: Error in program PLDirectionalFP2CG parameter profiles is not valid.
17:45:53: Error at line 118 of PLShaders.program: Error in program PLUnlitFP2CG parameter entry_point is not valid.
17:45:53: Error at line 118 of PLShaders.program: Error in program PLUnlitFP2CG parameter profiles is not valid.
17:45:53: Error at line 125 of PLShaders.program: Error in program PLSplatUnlitFP2CG parameter entry_point is not valid.
17:45:53: Error at line 125 of PLShaders.program: Error in program PLSplatUnlitFP2CG parameter profiles is not valid.
17:45:53: Parsing script DecompressSplatShader.program
17:45:53: Error at line 7 of DecompressSplatShader.program: Error in program DecompressSplatShadercg/VP parameter entry_point is not valid.
17:45:53: Error at line 7 of DecompressSplatShader.program: Error in program DecompressSplatShadercg/VP parameter profiles is not valid.
17:45:53: Error at line 14 of DecompressSplatShader.program: Error in program DecompressSplatShadercg/FP parameter entry_point is not valid.
17:45:53: Error at line 14 of DecompressSplatShader.program: Error in program DecompressSplatShadercg/FP parameter profiles is not valid.
17:45:53: Parsing script DecompressShadowReceiver.program
17:45:53: Error at line 7 of DecompressShadowReceiver.program: Error in program DecompressVertexShadowReceiver/VP parameter entry_point is not valid.
17:45:53: Error at line 7 of DecompressShadowReceiver.program: Error in program DecompressVertexShadowReceiver/VP parameter profiles is not valid.
17:45:53: Parsing script PagingLandScape.material
17:45:53: Parsing script MyTree.material
17:45:53: Parsing script Splatting3.material
17:45:53: Parsing script MapEditor-Circle.material
17:45:53: Parsing script Splatting2.material
17:45:53: Parsing script PLSplattingShaderUnlit.material
17:45:53: Parsing script Splatting6.material
17:45:53: Parsing script Splatting7.material
17:45:53: Parsing script Splatting.material
17:45:53: Parsing script PLSplattingShaderLit.material
17:45:53: Parsing script PLSplattingShaderUnlitDecompress.material
17:45:53: Parsing script Splatting4.material
17:45:53: Parsing script SplattingShader.material
17:45:53: Parsing script colors.material
17:45:53: Parsing script Splatting5.material
17:45:53: Parsing script PLSplattingShaderLitDecompress.material
17:45:53: Parsing script BaseTexture.material
17:45:53: Parsing script PagingLandScapeTemplate.material
17:45:53: Finished parsing scripts for resource group PLSM2
17:45:53: Added resource location '../mapdata/terrains/hf129_3' of type 'FileSystem' to resource group 'PLSM2'
17:45:53: Initialising resource group PLSM2
17:45:53: Creating viewport on target 'View', rendering from camera 'MainEditorCam', relative dimensions L: 0.00 T: 0.00 W: 1.00 H: 1.00 ZOrder: 0
17:45:53: Viewport for camera 'MainEditorCam', actual dimensions L: 0 T: 0 W: 722 H: 515
17:45:53: Parsing scripts for resource group Autodetect
17:45:53: Finished parsing scripts for resource group Autodetect
17:45:53: Parsing scripts for resource group General
17:45:53: Parsing script StdQuad_vp.program
17:45:53: Error at line 11 of StdQuad_vp.program: Error in program Ogre/Compositor/StdQuad_vp parameter entry_point is not valid.
17:45:53: Error at line 11 of StdQuad_vp.program: Error in program Ogre/Compositor/StdQuad_vp parameter profiles is not valid.
17:45:53: Error at line 23 of StdQuad_vp.program: Error in program Ogre/Compositor/StdQuad_Tex2_vp parameter entry_point is not valid.
17:45:53: Error at line 23 of StdQuad_vp.program: Error in program Ogre/Compositor/StdQuad_Tex2_vp parameter profiles is not valid.
17:45:53: Error at line 35 of StdQuad_vp.program: Error in program Ogre/Compositor/StdQuad_Tex2a_vp parameter entry_point is not valid.
17:45:53: Error at line 35 of StdQuad_vp.program: Error in program Ogre/Compositor/StdQuad_Tex2a_vp parameter profiles is not valid.
17:45:53: Error at line 47 of StdQuad_vp.program: Error in program Ogre/Compositor/StdQuad_Tex3_vp parameter entry_point is not valid.
17:45:53: Error at line 47 of StdQuad_vp.program: Error in program Ogre/Compositor/StdQuad_Tex3_vp parameter profiles is not valid.
17:45:53: Error at line 59 of StdQuad_vp.program: Error in program Ogre/Compositor/StdQuad_Tex4_vp parameter entry_point is not valid.
17:45:53: Error at line 59 of StdQuad_vp.program: Error in program Ogre/Compositor/StdQuad_Tex4_vp parameter profiles is not valid.
17:45:53: Parsing script Examples.program
17:45:53: Error at line 13 of Examples.program: Error in program Ogre/BasicVertexPrograms/AmbientOneTexture parameter entry_point is not valid.
17:45:53: Error at line 13 of Examples.program: Error in program Ogre/BasicVertexPrograms/AmbientOneTexture parameter profiles is not valid.
17:45:53: Error at line 22 of Examples.program: Error in program Ogre/HardwareSkinningOneWeightShadowCaster parameter entry_point is not valid.
17:45:53: Error at line 22 of Examples.program: Error in program Ogre/HardwareSkinningOneWeightShadowCaster parameter profiles is not valid.
17:45:53: Error at line 30 of Examples.program: Error in program Ogre/HardwareSkinningOneWeight parameter entry_point is not valid.
17:45:53: Error at line 30 of Examples.program: Error in program Ogre/HardwareSkinningOneWeight parameter profiles is not valid.
17:45:53: Error at line 38 of Examples.program: Error in program Ogre/HardwareSkinningTwoWeightsShadowCaster parameter entry_point is not valid.
17:45:53: Error at line 38 of Examples.program: Error in program Ogre/HardwareSkinningTwoWeightsShadowCaster parameter profiles is not valid.
17:45:53: Error at line 46 of Examples.program: Error in program Ogre/HardwareSkinningTwoWeights parameter entry_point is not valid.
17:45:53: Error at line 46 of Examples.program: Error in program Ogre/HardwareSkinningTwoWeights parameter profiles is not valid.
17:45:53: Error at line 54 of Examples.program: Error in program Ogre/HardwareSkinningFourWeights parameter entry_point is not valid.
17:45:53: Error at line 54 of Examples.program: Error in program Ogre/HardwareSkinningFourWeights parameter profiles is not valid.
17:45:53: Error at line 68 of Examples.program: Error in program Ogre/HardwareMorphAnimation parameter entry_point is not valid.
17:45:53: Error at line 68 of Examples.program: Error in program Ogre/HardwareMorphAnimation parameter profiles is not valid.
17:45:53: Error at line 82 of Examples.program: Error in program Ogre/HardwarePoseAnimation parameter entry_point is not valid.
17:45:53: Error at line 82 of Examples.program: Error in program Ogre/HardwarePoseAnimation parameter profiles is not valid.
17:45:53: Parsing script Examples-Advanced.material
17:45:53: Error at line 17 of Examples-Advanced.material: Error in program Ogre/CelShadingVP parameter entry_point is not valid.
17:45:53: Error at line 17 of Examples-Advanced.material: Error in program Ogre/CelShadingVP parameter profiles is not valid.
17:45:53: Error at line 24 of Examples-Advanced.material: Error in program Ogre/CelShadingFP parameter entry_point is not valid.
17:45:53: Error at line 24 of Examples-Advanced.material: Error in program Ogre/CelShadingFP parameter profiles is not valid.
17:45:53: Error at line 82 of Examples-Advanced.material: Error in program Examples/BumpMapVP parameter entry_point is not valid.
17:45:53: Error at line 82 of Examples-Advanced.material: Error in program Examples/BumpMapVP parameter profiles is not valid.
17:45:53: Error at line 90 of Examples-Advanced.material: Error in program Examples/BumpMapFP parameter entry_point is not valid.
17:45:53: Error at line 90 of Examples-Advanced.material: Error in program Examples/BumpMapFP parameter profiles is not valid.
17:45:53: Error at line 98 of Examples-Advanced.material: Error in program Examples/BumpMapVPShadowRcv parameter entry_point is not valid.
17:45:53: Error at line 98 of Examples-Advanced.material: Error in program Examples/BumpMapVPShadowRcv parameter profiles is not valid.
17:45:53: Error at line 105 of Examples-Advanced.material: Error in program Examples/BumpMapFPShadowRcv parameter entry_point is not valid.
17:45:53: Error at line 105 of Examples-Advanced.material: Error in program Examples/BumpMapFPShadowRcv parameter profiles is not valid.
17:45:53: Error at line 114 of Examples-Advanced.material: Error in program Examples/BumpMapVPSpecular parameter entry_point is not valid.
17:45:53: Error at line 114 of Examples-Advanced.material: Error in program Examples/BumpMapVPSpecular parameter profiles is not valid.
17:45:53: Error at line 122 of Examples-Advanced.material: Error in program Examples/BumpMapFPSpecular parameter entry_point is not valid.
17:45:53: Error at line 122 of Examples-Advanced.material: Error in program Examples/BumpMapFPSpecular parameter profiles is not valid.
17:45:53: Error at line 581 of Examples-Advanced.material: Error in program Examples/TexProjectionVP parameter entry_point is not valid.
17:45:53: Error at line 581 of Examples-Advanced.material: Error in program Examples/TexProjectionVP parameter profiles is not valid.
17:45:53: Error at line 589 of Examples-Advanced.material: Error in program Examples/TexProjectionFP parameter entry_point is not valid.
17:45:53: Error at line 589 of Examples-Advanced.material: Error in program Examples/TexProjectionFP parameter profiles is not valid.
17:45:53: Error at line 632 of Examples-Advanced.material: Error in program Examples/FresnelRefractReflectVP parameter entry_point is not valid.
17:45:53: Error at line 632 of Examples-Advanced.material: Error in program Examples/FresnelRefractReflectVP parameter profiles is not valid.
17:45:53: Error at line 640 of Examples-Advanced.material: Error in program Examples/FresnelRefractReflectFP parameter entry_point is not valid.
17:45:53: Error at line 640 of Examples-Advanced.material: Error in program Examples/FresnelRefractReflectFP parameter profiles is not valid.
17:45:53: Parsing script Bloom.material
17:45:53: Error at line 7 of Bloom.material: Error in program Blur0_vs11 parameter entry_point is not valid.
17:45:53: Error at line 7 of Bloom.material: Error in program Blur0_vs11 parameter target is not valid.
17:45:53: Error at line 15 of Bloom.material: Error in program Blur0_ps20 parameter entry_point is not valid.
17:45:53: Error at line 15 of Bloom.material: Error in program Blur0_ps20 parameter target is not valid.
17:45:53: Error at line 23 of Bloom.material: Error in program Blur1_vs11 parameter entry_point is not valid.
17:45:53: Error at line 23 of Bloom.material: Error in program Blur1_vs11 parameter target is not valid.
17:45:53: Error at line 31 of Bloom.material: Error in program Blur1_ps20 parameter entry_point is not valid.
17:45:53: Error at line 31 of Bloom.material: Error in program Blur1_ps20 parameter target is not valid.
17:45:53: Parsing script Ocean.material
17:45:53: Error at line 15 of Ocean.material: Error in program HLSL/OceanVS parameter entry_point is not valid.
17:45:53: Error at line 15 of Ocean.material: Error in program HLSL/OceanVS parameter target is not valid.
17:45:53: Error at line 23 of Ocean.material: Error in program HLSL/OceanFS parameter entry_point is not valid.
17:45:53: Error at line 23 of Ocean.material: Error in program HLSL/OceanFS parameter target is not valid.
17:45:53: Error at line 138 of Ocean.material: Error in program Cg/OceanVS parameter entry_point is not valid.
17:45:53: Error at line 138 of Ocean.material: Error in program Cg/OceanVS parameter profiles is not valid.
17:45:53: Error at line 146 of Ocean.material: Error in program Cg/OceanFS parameter entry_point is not valid.
17:45:53: Error at line 146 of Ocean.material: Error in program Cg/OceanFS parameter profiles is not valid.
17:45:53: Error at line 199 of Ocean.material: Error in program Cg/Ocean2VS parameter entry_point is not valid.
17:45:53: Error at line 199 of Ocean.material: Error in program Cg/Ocean2VS parameter profiles is not valid.
17:45:53: Error at line 207 of Ocean.material: Error in program Cg/Ocean2FS parameter entry_point is not valid.
17:45:53: Error at line 207 of Ocean.material: Error in program Cg/Ocean2FS parameter profiles is not valid.
17:45:53: Error at line 271 of Ocean.material: Error in program HLSL/Ocean2VS parameter entry_point is not valid.
17:45:53: Error at line 271 of Ocean.material: Error in program HLSL/Ocean2VS parameter target is not valid.
17:45:53: Error at line 279 of Ocean.material: Error in program HLSL/Ocean2FS parameter entry_point is not valid.
17:45:53: Error at line 279 of Ocean.material: Error in program HLSL/Ocean2FS parameter target is not valid.
17:45:53: Parsing script Example-DynTex.material
17:45:53: Parsing script Embossed.material
17:45:53: Error at line 6 of Embossed.material: Error in program Ogre/Compositor/Embossed_FP parameter entry_point is not valid.
17:45:53: Error at line 6 of Embossed.material: Error in program Ogre/Compositor/Embossed_FP parameter profiles is not valid.
17:45:53: Parsing script OldTV.material
17:45:53: Error at line 6 of OldTV.material: Error in program Ogre/Compositor/OldTV_FP parameter entry_point is not valid.
17:45:53: Error at line 6 of OldTV.material: Error in program Ogre/Compositor/OldTV_FP parameter profiles is not valid.
17:45:53: Parsing script Hurt.material
17:45:53: Parsing script HeatVision.material
17:45:53: Error at line 11 of HeatVision.material: Error in program Fury/HeatVision/HeatCaster_vp parameter entry_point is not valid.
17:45:53: Error at line 11 of HeatVision.material: Error in program Fury/HeatVision/HeatCaster_vp parameter profiles is not valid.
17:45:53: Error at line 18 of HeatVision.material: Error in program Fury/HeatVision/HeatCaster_fp parameter entry_point is not valid.
17:45:53: Error at line 18 of HeatVision.material: Error in program Fury/HeatVision/HeatCaster_fp parameter profiles is not valid.
17:45:53: Error at line 49 of HeatVision.material: Error in program Fury/HeatVision/ColdCaster_vp parameter entry_point is not valid.
17:45:53: Error at line 49 of HeatVision.material: Error in program Fury/HeatVision/ColdCaster_vp parameter profiles is not valid.
17:45:53: Error at line 56 of HeatVision.material: Error in program Fury/HeatVision/ColdCaster_fp parameter entry_point is not valid.
17:45:53: Error at line 56 of HeatVision.material: Error in program Fury/HeatVision/ColdCaster_fp parameter profiles is not valid.
17:45:53: Error at line 92 of HeatVision.material: Error in program Fury/HeatVision/LightToHeat_vp parameter entry_point is not valid.
17:45:53: Error at line 92 of HeatVision.material: Error in program Fury/HeatVision/LightToHeat_vp parameter profiles is not valid.
17:45:53: Error at line 99 of HeatVision.material: Error in program Fury/HeatVision/LightToHeat_fp parameter entry_point is not valid.
17:45:53: Error at line 99 of HeatVision.material: Error in program Fury/HeatVision/LightToHeat_fp parameter profiles is not valid.
17:45:53: Error at line 170 of HeatVision.material: Error in program Fury/HeatVision/Blur_vp parameter entry_point is not valid.
17:45:53: Error at line 170 of HeatVision.material: Error in program Fury/HeatVision/Blur_vp parameter profiles is not valid.
17:45:53: Error at line 177 of HeatVision.material: Error in program Fury/HeatVision/Blur_fp parameter entry_point is not valid.
17:45:53: Error at line 177 of HeatVision.material: Error in program Fury/HeatVision/Blur_fp parameter profiles is not valid.
17:45:53: Parsing script BlackAndWhite.material
17:45:53: Error at line 6 of BlackAndWhite.material: Error in program Ogre/Compositor/B&W_FP parameter entry_point is not valid.
17:45:53: Error at line 6 of BlackAndWhite.material: Error in program Ogre/Compositor/B&W_FP parameter profiles is not valid.
17:45:53: Parsing script Laplace.material
17:45:53: Error at line 6 of Laplace.material: Error in program Ogre/Compositor/LaplaceFP parameter entry_point is not valid.
17:45:53: Error at line 6 of Laplace.material: Error in program Ogre/Compositor/LaplaceFP parameter profiles is not valid.
17:45:53: Parsing script moveHandle.material
17:45:53: Parsing script RZR-002.material
17:45:53: Parsing script Invert.material
17:45:53: Error at line 6 of Invert.material: Error in program Ogre/Compositor/InvertFP parameter entry_point is not valid.
17:45:53: Error at line 6 of Invert.material: Error in program Ogre/Compositor/InvertFP parameter profiles is not valid.
17:45:53: Parsing script smoke.material
17:45:53: Parsing script Tiling.material
17:45:53: Error at line 6 of Tiling.material: Error in program Ogre/Compositor/TilingFP parameter entry_point is not valid.
17:45:53: Error at line 6 of Tiling.material: Error in program Ogre/Compositor/TilingFP parameter profiles is not valid.
17:45:53: Parsing script highlight.material
17:45:53: Parsing script hdr.material
17:45:53: Error at line 7 of hdr.material: Error in program Ogre/Compositor/HDR/downscale2x2LuminenceHLSL_fp parameter entry_point is not valid.
17:45:53: Error at line 7 of hdr.material: Error in program Ogre/Compositor/HDR/downscale2x2LuminenceHLSL_fp parameter target is not valid.
17:45:53: Error at line 73 of hdr.material: Error in program Ogre/Compositor/HDR/downscale3x3HLSL_fp parameter entry_point is not valid.
17:45:53: Error at line 73 of hdr.material: Error in program Ogre/Compositor/HDR/downscale3x3HLSL_fp parameter target is not valid.
17:45:53: Error at line 140 of hdr.material: Error in program Ogre/Compositor/HDR/downscale3x3brightpassHLSL_fp parameter entry_point is not valid.
17:45:53: Error at line 140 of hdr.material: Error in program Ogre/Compositor/HDR/downscale3x3brightpassHLSL_fp parameter target is not valid.
17:45:53: Error at line 227 of hdr.material: Error in program Ogre/Compositor/HDR/bloomHLSL_fp parameter entry_point is not valid.
17:45:53: Error at line 227 of hdr.material: Error in program Ogre/Compositor/HDR/bloomHLSL_fp parameter target is not valid.
17:45:53: Error at line 346 of hdr.material: Error in program Ogre/Compositor/HDR/finaltonemappingHLSL_fp parameter entry_point is not valid.
17:45:53: Error at line 346 of hdr.material: Error in program Ogre/Compositor/HDR/finaltonemappingHLSL_fp parameter target is not valid.
17:45:53: Parsing script Example.material
17:45:53: Error at line 183 of Example.material: Error in program Examples/MorningSkyBoxHDRfp parameter entry_point is not valid.
17:45:53: Error at line 183 of Example.material: Error in program Examples/MorningSkyBoxHDRfp parameter profiles is not valid.
17:45:53: Error at line 234 of Example.material: Error in program Examples/MorningCubeMapHDRfp parameter entry_point is not valid.
17:45:53: Error at line 234 of Example.material: Error in program Examples/MorningCubeMapHDRfp parameter profiles is not valid.
17:45:53: Error at line 757 of Example.material: Error in program Examples/GrassWaverVp parameter entry_point is not valid.
17:45:53: Error at line 757 of Example.material: Error in program Examples/GrassWaverVp parameter profiles is not valid.
17:45:53: Parsing script Example-Water.material
17:45:53: Parsing script Ogre.material
17:45:53: Parsing script MotionBlur.material
17:45:53: Error at line 11 of MotionBlur.material: Error in program Ogre/Compositor/Combine_fp parameter entry_point is not valid.
17:45:53: Error at line 11 of MotionBlur.material: Error in program Ogre/Compositor/Combine_fp parameter profiles is not valid.
17:45:53: Parsing script OldMovie.material
17:45:53: Error at line 6 of OldMovie.material: Error in program Ogre/Compositor/OldMovieFP parameter entry_point is not valid.
17:45:53: Error at line 6 of OldMovie.material: Error in program Ogre/Compositor/OldMovieFP parameter profiles is not valid.
17:45:53: Parsing script OffsetMapping.material
17:45:53: Error at line 7 of OffsetMapping.material: Error in program Examples/OffsetMappingVP parameter entry_point is not valid.
17:45:53: Error at line 7 of OffsetMapping.material: Error in program Examples/OffsetMappingVP parameter profiles is not valid.
17:45:53: Error at line 15 of OffsetMapping.material: Error in program Examples/OffsetMappingFP parameter entry_point is not valid.
17:45:53: Error at line 15 of OffsetMapping.material: Error in program Examples/OffsetMappingFP parameter profiles is not valid.
17:45:53: Parsing script Posterize.material
17:45:53: Error at line 6 of Posterize.material: Error in program Ogre/Compositor/PosterizeFP parameter entry_point is not valid.
17:45:53: Error at line 6 of Posterize.material: Error in program Ogre/Compositor/PosterizeFP parameter profiles is not valid.
17:45:53: Parsing script DOF.material
17:45:53: Error at line 6 of DOF.material: Error in program DOF_Blur_ps parameter entry_point is not valid.
17:45:53: Error at line 6 of DOF.material: Error in program DOF_Blur_ps parameter profiles is not valid.
17:45:53: Error at line 13 of DOF.material: Error in program DOF_Blend_ps parameter entry_point is not valid.
17:45:53: Error at line 13 of DOF.material: Error in program DOF_Blend_ps parameter profiles is not valid.
17:45:53: Parsing script facial.material
17:45:53: Parsing script SharpenEdges.material
17:45:53: Error at line 6 of SharpenEdges.material: Error in program Ogre/Compositor/SharpenEdgesFP parameter entry_point is not valid.
17:45:53: Error at line 6 of SharpenEdges.material: Error in program Ogre/Compositor/SharpenEdgesFP parameter profiles is not valid.
17:45:53: Parsing script Glass.material
17:45:53: Error at line 6 of Glass.material: Error in program Ogre/Compositor/GlassFP parameter entry_point is not valid.
17:45:53: Error at line 6 of Glass.material: Error in program Ogre/Compositor/GlassFP parameter profiles is not valid.
17:45:53: Parsing script title.material
17:45:53: Parsing script OgreCore.material
17:45:53: Parsing script OgreProfiler.material
17:45:53: Parsing script Examples.compositor
17:45:53: Parsing script sample.fontdef
17:45:53: Parsing script Ogre.fontdef
17:45:53: Parsing script title.overlay
17:45:53: Texture: New_Ogre_Border_Center.png: Loading 1 faces(PF_A8B8G8R8,256x128x1) with 8 hardware generated mipmaps from Image. Internal format is PF_A8R8G8B8,256x128x1.
17:45:53: Texture: New_Ogre_Border.png: Loading 1 faces(PF_A8B8G8R8,256x256x1) with 8 hardware generated mipmaps from Image. Internal format is PF_A8R8G8B8,256x256x1.
17:45:53: Texture: New_Ogre_Border_Break.png: Loading 1 faces(PF_A8B8G8R8,32x32x1) with 5 hardware generated mipmaps from Image. Internal format is PF_A8R8G8B8,32x32x1.
17:45:53: Font BlueHighwayusing texture size 512x512
17:45:53: Info: Freetype returned null for character 127 in font BlueHighway
17:45:53: Info: Freetype returned null for character 128 in font BlueHighway
17:45:53: Info: Freetype returned null for character 129 in font BlueHighway
17:45:53: Info: Freetype returned null for character 130 in font BlueHighway
17:45:53: Info: Freetype returned null for character 131 in font BlueHighway
17:45:53: Info: Freetype returned null for character 132 in font BlueHighway
17:45:53: Info: Freetype returned null for character 133 in font BlueHighway
17:45:53: Info: Freetype returned null for character 134 in font BlueHighway
17:45:53: Info: Freetype returned null for character 135 in font BlueHighway
17:45:53: Info: Freetype returned null for character 136 in font BlueHighway
17:45:53: Info: Freetype returned null for character 137 in font BlueHighway
17:45:53: Info: Freetype returned null for character 138 in font BlueHighway
17:45:53: Info: Freetype returned null for character 139 in font BlueHighway
17:45:53: Info: Freetype returned null for character 140 in font BlueHighway
17:45:53: Info: Freetype returned null for character 141 in font BlueHighway
17:45:53: Info: Freetype returned null for character 142 in font BlueHighway
17:45:53: Info: Freetype returned null for character 143 in font BlueHighway
17:45:53: Info: Freetype returned null for character 144 in font BlueHighway
17:45:53: Info: Freetype returned null for character 145 in font BlueHighway
17:45:53: Info: Freetype returned null for character 146 in font BlueHighway
17:45:53: Info: Freetype returned null for character 147 in font BlueHighway
17:45:53: Info: Freetype returned null for character 148 in font BlueHighway
17:45:53: Info: Freetype returned null for character 149 in font BlueHighway
17:45:53: Info: Freetype returned null for character 150 in font BlueHighway
17:45:53: Info: Freetype returned null for character 151 in font BlueHighway
17:45:53: Info: Freetype returned null for character 152 in font BlueHighway
17:45:53: Info: Freetype returned null for character 153 in font BlueHighway
17:45:53: Info: Freetype returned null for character 154 in font BlueHighway
17:45:53: Info: Freetype returned null for character 155 in font BlueHighway
17:45:53: Info: Freetype returned null for character 156 in font BlueHighway
17:45:53: Info: Freetype returned null for character 157 in font BlueHighway
17:45:53: Info: Freetype returned null for character 158 in font BlueHighway
17:45:53: Info: Freetype returned null for character 159 in font BlueHighway
17:45:53: Info: Freetype returned null for character 160 in font BlueHighway
17:45:53: Texture: BlueHighwayTexture: Loading 1 faces(PF_BYTE_LA,512x512x1) with  hardware generated mipmaps from Image. Internal format is PF_BYTE_LA,512x512x1.
17:45:53: Parsing script numDebug.overlay
17:45:53: Parsing script OgreDebugPanel.overlay
17:45:53: Texture: ogretext.png: Loading 1 faces(PF_A8B8G8R8,256x128x1) with 8 hardware generated mipmaps from Image. Internal format is PF_A8R8G8B8,256x128x1.
17:45:53: Parsing script OgreLoadingPanel.overlay
17:45:53: Finished parsing scripts for resource group General
17:45:53: Parsing scripts for resource group Internal
17:45:53: Finished parsing scripts for resource group Internal
17:45:53: Mesh: Loading MyPineTree.mesh.
17:45:53: Texture: tree1leaves.png: Loading 1 faces(PF_A8B8G8R8,256x256x1) with 8 hardware generated mipmaps from Image. Internal format is PF_A8R8G8B8,256x256x1.
17:45:53: Texture: tree1wood.jpg: Loading 1 faces(PF_B8G8R8,256x256x1) with 8 hardware generated mipmaps from Image. Internal format is PF_X8R8G8B8,256x256x1.
17:45:53: Mesh: Loading MySecondTree.mesh.
17:45:53: Texture: hf129_3.Base.0.0.png: Loading 1 faces(PF_B8G8R8,512x512x1) with 5 hardware generated mipmaps from Image. Internal format is PF_X8R8G8B8,512x512x1.
17:45:53: Texture: Detail3.jpg: Loading 1 faces(PF_B8G8R8,512x512x1) with 9 hardware generated mipmaps from Image. Internal format is PF_X8R8G8B8,512x512x1.
17:45:53: Texture: hf129_3.Light.0.0.png: Loading 1 faces(PF_L8,512x512x1) with 5 hardware generated mipmaps from Image. Internal format is PF_L8,512x512x1.
17:45:54: Viewport for camera 'MainEditorCam', actual dimensions L: 0 T: 0 W: 722 H: 493
