17:01:26: Creating resource group General
17:01:26: Creating resource group Internal
17:01:26: Creating resource group Autodetect
17:01:26: SceneManagerFactory for type 'DefaultSceneManager' registered.
17:01:26: Registering ResourceManager for type Material
17:01:26: Registering ResourceManager for type Mesh
17:01:26: Registering ResourceManager for type Skeleton
17:01:26: MovableObjectFactory for type 'ParticleSystem' registered.
17:01:26: OverlayElementFactory for type Panel registered.
17:01:26: OverlayElementFactory for type BorderPanel registered.
17:01:26: OverlayElementFactory for type TextArea registered.
17:01:26: Registering ResourceManager for type Font
17:01:26: ArchiveFactory for archive type FileSystem registered.
17:01:26: ArchiveFactory for archive type Zip registered.
17:01:26: FreeImage version: 3.10.0
17:01:26: This program uses FreeImage, a free, open source image library supporting all common bitmap formats. See http://freeimage.sourceforge.net for details
17:01:26: Supported formats: bmp,ico,jpg,jif,jpeg,jpe,jng,koa,iff,lbm,mng,pbm,pbm,pcd,pcx,pgm,pgm,png,ppm,ppm,ras,tga,targa,tif,tiff,wap,wbmp,wbm,psd,cut,xbm,xpm,gif,hdr,g3,sgi,exr,j2k,j2c,jp2
17:01:26: DDS codec registering
17:01:26: Registering ResourceManager for type HighLevelGpuProgram
17:01:26: Registering ResourceManager for type Compositor
17:01:26: MovableObjectFactory for type 'Entity' registered.
17:01:26: MovableObjectFactory for type 'Light' registered.
17:01:26: MovableObjectFactory for type 'BillboardSet' registered.
17:01:26: MovableObjectFactory for type 'ManualObject' registered.
17:01:26: MovableObjectFactory for type 'BillboardChain' registered.
17:01:26: MovableObjectFactory for type 'RibbonTrail' registered.
17:01:26: Loading library /usr/lib/OGRE/RenderSystem_GL.so
17:01:26: Installing plugin: GL RenderSystem
17:01:26: OpenGL Rendering Subsystem created.
17:01:26: Plugin successfully installed
17:01:26: *-*-* OGRE Initialising
17:01:26: *-*-* Version 1.6.4 (Shoggoth)
17:01:26: CPU Identifier & Features
17:01:26: -------------------------
17:01:26:  *   CPU ID: AuthenticAMD: AMD Athlon(TM) XP 2600+
17:01:26:  *      SSE: yes
17:01:26:  *     SSE2: no
17:01:26:  *     SSE3: no
17:01:26:  *      MMX: yes
17:01:26:  *   MMXEXT: yes
17:01:26:  *    3DNOW: yes
17:01:26:  * 3DNOWEXT: yes
17:01:26:  *     CMOV: yes
17:01:26:  *      TSC: yes
17:01:26:  *      FPU: yes
17:01:26:  *      PRO: yes
17:01:26:  *       HT: no
17:01:26: -------------------------
17:01:26: ******************************
*** Starting GLX Subsystem ***
******************************
17:01:26: Added resource location '../../data/' of type 'FileSystem' to resource group 'General'
17:01:26: Added resource location '../../data/gui/fonts' of type 'FileSystem' to resource group 'General'
17:01:27: GLXWindow::create used FBConfigID = 148
17:01:27: GL_VERSION = 1.3 Mesa 7.7.1
17:01:27: GL_VENDOR = Tungsten Graphics, Inc.
17:01:27: GL_RENDERER = Mesa DRI R200 (RV280 5964) 20090101 x86/MMX+/3DNow!+/SSE TCL DRI2
17:01:27: GL_EXTENSIONS = GL_EXT_compiled_vertex_array GL_EXT_texture_compression_s3tc GL_EXT_texture_env_add GL_ARB_draw_buffers GL_ARB_imaging GL_ARB_multisample GL_ARB_multitexture GL_ARB_occlusion_query GL_ARB_point_parameters GL_ARB_point_sprite GL_ARB_texture_border_clamp GL_ARB_texture_compression GL_ARB_texture_cube_map GL_ARB_texture_env_add GL_ARB_texture_env_combine GL_ARB_texture_env_crossbar GL_ARB_texture_env_dot3 GL_ARB_texture_mirrored_repeat GL_ARB_texture_rectangle GL_ARB_transpose_matrix GL_ARB_vertex_buffer_object GL_ARB_vertex_program GL_ARB_window_pos GL_EXT_abgr GL_EXT_bgra GL_EXT_blend_color GL_EXT_blend_equation_separate GL_EXT_blend_func_separate GL_EXT_blend_logic_op GL_EXT_blend_minmax GL_EXT_blend_subtract GL_EXT_convolution GL_EXT_copy_texture GL_EXT_draw_range_elements GL_EXT_framebuffer_object GL_EXT_fog_coord GL_EXT_histogram GL_EXT_multi_draw_arrays GL_EXT_packed_depth_stencil GL_EXT_packed_pixels GL_EXT_point_parameters GL_EXT_polygon_offset GL_EXT_rescale_normal GL_EXT_secondary_color GL_EXT_separate_specular_color GL_EXT_stencil_wrap GL_EXT_subtexture GL_EXT_texture GL_EXT_texture3D GL_EXT_texture_cube_map GL_EXT_texture_edge_clamp GL_EXT_texture_env_combine GL_EXT_texture_env_dot3 GL_EXT_texture_filter_anisotropic GL_EXT_texture_lod_bias GL_EXT_texture_mirror_clamp GL_EXT_texture_object GL_EXT_texture_rectangle GL_EXT_vertex_array GL_APPLE_packed_pixels GL_ATI_blend_equation_separate GL_ATI_texture_env_combine3 GL_ATI_texture_mirror_once GL_ATI_fragment_shader GL_IBM_multimode_draw_arrays GL_IBM_rasterpos_clip GL_IBM_texture_mirrored_repeat GL_INGR_blend_func_separate GL_MESA_pack_invert GL_MESA_ycbcr_texture GL_MESA_window_pos GL_NV_blend_square GL_NV_light_max_exponent GL_NV_packed_depth_stencil GL_NV_texture_rectangle GL_NV_texgen_reflection GL_OES_read_format GL_SGI_color_matrix GL_SGI_color_table GL_SGIS_generate_mipmap GL_SGIS_texture_border_clamp GL_SGIS_texture_edge_clamp GL_SGIS_texture_lod GL_SUN_multi_draw_arrays GL_S3_s3tc
17:01:27: Supported GLX extensions: GLX_ARB_get_proc_address GLX_ARB_multisample GLX_EXT_import_context GLX_EXT_visual_info GLX_EXT_visual_rating GLX_MESA_allocate_memory GLX_MESA_copy_sub_buffer GLX_MESA_swap_frame_usage GLX_OML_swap_method GLX_SGI_make_current_read GLX_SGI_video_sync GLX_SGIS_multisample GLX_SGIX_fbconfig GLX_SGIX_pbuffer GLX_SGIX_visual_select_group GLX_EXT_texture_from_pixmap 
17:01:27: ***************************
17:01:27: *** GL Renderer Started ***
17:01:27: ***************************
17:01:27: Registering ResourceManager for type GpuProgram
17:01:27: GL: Using GL_EXT_framebuffer_object for rendering to textures (best)
17:01:27: FBO PF_UNKNOWN depth/stencil support: D0S1 D0S4 D0S8 D0S16 D16S0 D16S1 D16S4 D16S8 D16S16 D24S0 D24S1 D24S4 D24S8 D24S16 D32S0 D32S1 D32S4 D32S8 D32S16 Packed-D24S8 
17:01:27: FBO PF_R5G6B5 depth/stencil support: D0S0 D0S1 D0S4 D0S8 D0S16 D16S0 D16S1 D16S4 D16S8 D16S16 D24S0 D24S1 D24S4 D24S8 D24S16 D32S0 D32S1 D32S4 D32S8 D32S16 Packed-D24S8 
17:01:27: FBO PF_B5G6R5 depth/stencil support: D0S0 D0S1 D0S4 D0S8 D0S16 D16S0 D16S1 D16S4 D16S8 D16S16 D24S0 D24S1 D24S4 D24S8 D24S16 D32S0 D32S1 D32S4 D32S8 D32S16 Packed-D24S8 
17:01:27: FBO PF_A4R4G4B4 depth/stencil support: D0S0 D0S1 D0S4 D0S8 D0S16 D16S0 D16S1 D16S4 D16S8 D16S16 D24S0 D24S1 D24S4 D24S8 D24S16 D32S0 D32S1 D32S4 D32S8 D32S16 Packed-D24S8 
17:01:27: FBO PF_A1R5G5B5 depth/stencil support: D0S0 D0S1 D0S4 D0S8 D0S16 D16S0 D16S1 D16S4 D16S8 D16S16 D24S0 D24S1 D24S4 D24S8 D24S16 D32S0 D32S1 D32S4 D32S8 D32S16 Packed-D24S8 
17:01:27: FBO PF_R8G8B8 depth/stencil support: D0S0 D0S1 D0S4 D0S8 D0S16 D16S0 D16S1 D16S4 D16S8 D16S16 D24S0 D24S1 D24S4 D24S8 D24S16 D32S0 D32S1 D32S4 D32S8 D32S16 Packed-D24S8 
17:01:27: FBO PF_B8G8R8 depth/stencil support: D0S0 D0S1 D0S4 D0S8 D0S16 D16S0 D16S1 D16S4 D16S8 D16S16 D24S0 D24S1 D24S4 D24S8 D24S16 D32S0 D32S1 D32S4 D32S8 D32S16 Packed-D24S8 
17:01:27: FBO PF_A8R8G8B8 depth/stencil support: D0S0 D0S1 D0S4 D0S8 D0S16 D16S0 D16S1 D16S4 D16S8 D16S16 D24S0 D24S1 D24S4 D24S8 D24S16 D32S0 D32S1 D32S4 D32S8 D32S16 Packed-D24S8 
17:01:27: FBO PF_B8G8R8A8 depth/stencil support: D0S0 D0S1 D0S4 D0S8 D0S16 D16S0 D16S1 D16S4 D16S8 D16S16 D24S0 D24S1 D24S4 D24S8 D24S16 D32S0 D32S1 D32S4 D32S8 D32S16 Packed-D24S8 
17:01:27: FBO PF_A2R10G10B10 depth/stencil support: D0S0 D0S1 D0S4 D0S8 D0S16 D16S0 D16S1 D16S4 D16S8 D16S16 D24S0 D24S1 D24S4 D24S8 D24S16 D32S0 D32S1 D32S4 D32S8 D32S16 Packed-D24S8 
17:01:27: FBO PF_A2B10G10R10 depth/stencil support: D0S0 D0S1 D0S4 D0S8 D0S16 D16S0 D16S1 D16S4 D16S8 D16S16 D24S0 D24S1 D24S4 D24S8 D24S16 D32S0 D32S1 D32S4 D32S8 D32S16 Packed-D24S8 
17:01:27: FBO PF_X8R8G8B8 depth/stencil support: D0S0 D0S1 D0S4 D0S8 D0S16 D16S0 D16S1 D16S4 D16S8 D16S16 D24S0 D24S1 D24S4 D24S8 D24S16 D32S0 D32S1 D32S4 D32S8 D32S16 Packed-D24S8 
17:01:27: FBO PF_X8B8G8R8 depth/stencil support: D0S0 D0S1 D0S4 D0S8 D0S16 D16S0 D16S1 D16S4 D16S8 D16S16 D24S0 D24S1 D24S4 D24S8 D24S16 D32S0 D32S1 D32S4 D32S8 D32S16 Packed-D24S8 
17:01:27: FBO PF_SHORT_RGBA depth/stencil support: D0S0 D0S1 D0S4 D0S8 D0S16 D16S0 D16S1 D16S4 D16S8 D16S16 D24S0 D24S1 D24S4 D24S8 D24S16 D32S0 D32S1 D32S4 D32S8 D32S16 Packed-D24S8 
17:01:27: FBO PF_R3G3B2 depth/stencil support: D0S0 D0S1 D0S4 D0S8 D0S16 D16S0 D16S1 D16S4 D16S8 D16S16 D24S0 D24S1 D24S4 D24S8 D24S16 D32S0 D32S1 D32S4 D32S8 D32S16 Packed-D24S8 
17:01:27: FBO PF_SHORT_RGB depth/stencil support: D0S0 D0S1 D0S4 D0S8 D0S16 D16S0 D16S1 D16S4 D16S8 D16S16 D24S0 D24S1 D24S4 D24S8 D24S16 D32S0 D32S1 D32S4 D32S8 D32S16 Packed-D24S8 
17:01:27: [GL] : Valid FBO targets PF_UNKNOWN PF_R5G6B5 PF_B5G6R5 PF_A4R4G4B4 PF_A1R5G5B5 PF_R8G8B8 PF_B8G8R8 PF_A8R8G8B8 PF_B8G8R8A8 PF_A2R10G10B10 PF_A2B10G10R10 PF_X8R8G8B8 PF_X8B8G8R8 PF_SHORT_RGBA PF_R3G3B2 PF_SHORT_RGB 
17:01:27: RenderSystem capabilities
17:01:27: -------------------------
17:01:27: RenderSystem Name: OpenGL Rendering Subsystem
17:01:27: GPU Vendor: unknown
17:01:27: Device Name: Mesa DRI R200 (RV280 5964) 20090101 x86/MMX+/3DNow!+/SSE TCL DRI2
17:01:27: Driver Version: 1.3.0.0
17:01:27:  * Fixed function pipeline: yes
17:01:27:  * Hardware generation of mipmaps: yes
17:01:27:  * Texture blending: yes
17:01:27:  * Anisotropic texture filtering: yes
17:01:27:  * Dot product texture operation: yes
17:01:27:  * Cube mapping: yes
17:01:27:  * Hardware stencil buffer: yes
17:01:27:    - Stencil depth: 8
17:01:27:    - Two sided stencil support: no
17:01:27:    - Wrap stencil values: yes
17:01:27:  * Hardware vertex / index buffers: yes
17:01:27:  * Vertex programs: yes
17:01:27:  * Fragment programs: yes
17:01:27:  * Geometry programs: no
17:01:27:  * Supported Shader Profiles: arbvp1 ps_1_1 ps_1_2 ps_1_3 ps_1_4
17:01:27:  * Texture Compression: yes
17:01:27:    - DXT: yes
17:01:27:    - VTC: no
17:01:27:  * Scissor Rectangle: yes
17:01:27:  * Hardware Occlusion Query: yes
17:01:27:  * User clip planes: yes
17:01:27:  * VET_UBYTE4 vertex element type: yes
17:01:27:  * Infinite far plane projection: yes
17:01:27:  * Hardware render-to-texture: yes
17:01:27:  * Floating point textures: no
17:01:27:  * Non-power-of-two textures: no
17:01:27:  * Volume textures: yes
17:01:27:  * Multiple Render Targets: 1
17:01:27:    - With different bit depths: yes
17:01:27:  * Point Sprites: yes
17:01:27:  * Extended point parameters: no
17:01:27:  * Max Point Size: 1
17:01:27:  * Vertex texture fetch: no
17:01:27:  * Render to Vertex Buffer : no
17:01:27:  * GL 1.5 without VBO workaround: no
17:01:27:  * Frame Buffer objects: yes
17:01:27:  * Frame Buffer objects (ARB extension): yes
17:01:27:  * Frame Buffer objects (ATI extension): no
17:01:27:  * PBuffer suppport: no
17:01:27:  * GL 1.5 without HW-occlusion workaround: no
17:01:27: Registering ResourceManager for type Texture
17:01:27: *-*-* OGRE Shutdown
17:01:27: *-*-* OGRE Shutdown
17:01:27: Unregistering ResourceManager for type Compositor
17:01:27: Unregistering ResourceManager for type Font
17:01:27: Unregistering ResourceManager for type Skeleton
17:01:27: Unregistering ResourceManager for type Mesh
17:01:27: Unregistering ResourceManager for type HighLevelGpuProgram
17:01:27: Uninstalling plugin: GL RenderSystem
17:01:27: Unregistering ResourceManager for type GpuProgram
17:01:27: ******************************
*** Stopping GLX Subsystem ***
******************************
17:01:27: Unregistering ResourceManager for type Texture
17:01:27: Plugin successfully uninstalled
17:01:27: Unloading library /usr/lib/OGRE/RenderSystem_GL.so
17:01:27: Unregistering ResourceManager for type Material
